[35m[1mScanning dependencies of target pid_component[0m
[ 50%] [32mBuilding CXX object CMakeFiles/pid_component.dir/src/pid_component/pid_component.cpp.o[0m
[01m[K/home/isopodin-time/ros2_ws/src/pid_component/src/pid_component/pid_component.cpp:[m[K In constructor â€˜[01m[KPid_component::Pid_component(const rclcpp::NodeOptions&)[m[Kâ€™:
[01m[K/home/isopodin-time/ros2_ws/src/pid_component/src/pid_component/pid_component.cpp:12:113:[m[K [01;31m[Kerror: [m[Kno matching function for call to â€˜[01m[Krclcpp::Node::declare_parameter(const char [6], <brace-enclosed initializer list>)[m[Kâ€™
   12 |     this->node_->declare_parameter("gains", {{"p", 0.0}, {"i", 0.0}, {"d", 0.0}, {"i_max", 0.0}, {"i_min", 0.0}}[01;31m[K)[m[K;
      |                                                                                                                 [01;31m[K^[m[K
In file included from [01m[K/opt/ros/foxy/include/rclcpp/executors/single_threaded_executor.hpp:28[m[K,
                 from [01m[K/opt/ros/foxy/include/rclcpp/executors.hpp:22[m[K,
                 from [01m[K/opt/ros/foxy/include/rclcpp/rclcpp.hpp:146[m[K,
                 from [01m[K/home/isopodin-time/ros2_ws/src/pid_component/include/pid_component/pid_component.hpp:4[m[K,
                 from [01m[K/home/isopodin-time/ros2_ws/src/pid_component/src/pid_component/pid_component.cpp:1[m[K:
[01m[K/opt/ros/foxy/include/rclcpp/node.hpp:309:3:[m[K [01;36m[Knote: [m[Kcandidate: â€˜[01m[Kconst rclcpp::ParameterValue& rclcpp::Node::declare_parameter(const string&, const rclcpp::ParameterValue&, const ParameterDescriptor&, bool)[m[Kâ€™
  309 |   [01;36m[Kdeclare_parameter[m[K(
      |   [01;36m[K^~~~~~~~~~~~~~~~~[m[K
[01m[K/opt/ros/foxy/include/rclcpp/node.hpp:311:36:[m[K [01;36m[Knote: [m[K  no known conversion for argument 2 from â€˜[01m[K<brace-enclosed initializer list>[m[Kâ€™ to â€˜[01m[Kconst rclcpp::ParameterValue&[m[Kâ€™
  311 |     [01;36m[Kconst rclcpp::ParameterValue & default_value = rclcpp::ParameterValue()[m[K,
      |     [01;36m[K~~~~~~~~~~~~~~~~~~~~~~~~~~~~~~~^~~~~~~~~~~~~~~~~~~~~~~~~~~~~~~~~~~~~~~~[m[K
In file included from [01m[K/opt/ros/foxy/include/rclcpp/node.hpp:1224[m[K,
                 from [01m[K/opt/ros/foxy/include/rclcpp/executors/single_threaded_executor.hpp:28[m[K,
                 from [01m[K/opt/ros/foxy/include/rclcpp/executors.hpp:22[m[K,
                 from [01m[K/opt/ros/foxy/include/rclcpp/rclcpp.hpp:146[m[K,
                 from [01m[K/home/isopodin-time/ros2_ws/src/pid_component/include/pid_component/pid_component.hpp:4[m[K,
                 from [01m[K/home/isopodin-time/ros2_ws/src/pid_component/src/pid_component/pid_component.cpp:1[m[K:
[01m[K/opt/ros/foxy/include/rclcpp/node_impl.hpp:157:1:[m[K [01;36m[Knote: [m[Kcandidate: â€˜[01m[Ktemplate<class ParameterT> auto rclcpp::Node::declare_parameter(const string&, const ParameterT&, const ParameterDescriptor&, bool)[m[Kâ€™
  157 | [01;36m[KNode[m[K::declare_parameter(
      | [01;36m[K^~~~[m[K
[01m[K/opt/ros/foxy/include/rclcpp/node_impl.hpp:157:1:[m[K [01;36m[Knote: [m[K  template argument deduction/substitution failed:
[01m[K/home/isopodin-time/ros2_ws/src/pid_component/src/pid_component/pid_component.cpp:12:113:[m[K [01;36m[Knote: [m[K  couldnâ€™t deduce template parameter â€˜[01m[KParameterT[m[Kâ€™
   12 |     this->node_->declare_parameter("gains", {{"p", 0.0}, {"i", 0.0}, {"d", 0.0}, {"i_max", 0.0}, {"i_min", 0.0}}[01;36m[K)[m[K;
      |                                                                                                                 [01;36m[K^[m[K
make[2]: *** [CMakeFiles/pid_component.dir/build.make:63: CMakeFiles/pid_component.dir/src/pid_component/pid_component.cpp.o] Error 1
make[1]: *** [CMakeFiles/Makefile2:78: CMakeFiles/pid_component.dir/all] Error 2
make: *** [Makefile:141: all] Error 2
