[0.258s] Invoking command in '/home/isopodin-time/ros2_ws/build/muuv_ros': CMAKE_PREFIX_PATH=/home/isopodin-time/ros2_ws/install/custom_msg_srv:/home/isopodin-time/ros2_ws/install/pid_component:/home/isopodin-time/ros2_ws/install/plankton:/home/isopodin-time/ros2_ws/install/uuv_simulator:/home/isopodin-time/ros2_ws/install/uuv_world_ros_plugins:/home/isopodin-time/ros2_ws/install/uuv_tutorials:/home/isopodin-time/ros2_ws/install/uuv_tutorial_dp_controller:/home/isopodin-time/ros2_ws/install/uuv_tutorial_disturbances:/home/isopodin-time/ros2_ws/install/uuv_control_utils:/home/isopodin-time/ros2_ws/install/uuv_world_ros_plugins_msgs:/home/isopodin-time/ros2_ws/install/uuv_world_plugins:/home/isopodin-time/ros2_ws/install/uuv_tutorial_seabed_world:/home/isopodin-time/ros2_ws/install/uuv_trajectory_control:/home/isopodin-time/ros2_ws/install/uuv_teleop:/home/isopodin-time/ros2_ws/install/uuv_thruster_manager:/home/isopodin-time/ros2_ws/install/uuv_descriptions:/home/isopodin-time/ros2_ws/install/uuv_sensor_ros_plugins:/home/isopodin-time/ros2_ws/install/uuv_sensor_ros_plugins_msgs:/home/isopodin-time/ros2_ws/install/uuv_gazebo_worlds:/home/isopodin-time/ros2_ws/install/uuv_gazebo_ros_plugins:/home/isopodin-time/ros2_ws/install/uuv_gazebo_ros_plugins_msgs:/home/isopodin-time/ros2_ws/install/uuv_gazebo_plugins:/home/isopodin-time/ros2_ws/install/uuv_gazebo:/home/isopodin-time/ros2_ws/install/uuv_control_msgs:/home/isopodin-time/ros2_ws/install/uuv_control_cascaded_pid:/home/isopodin-time/ros2_ws/install/uuv_auv_control_allocator:/home/isopodin-time/ros2_ws/install/uuv_assistants:/home/isopodin-time/ros2_ws/install/muuv_sim:/home/isopodin-time/ros2_ws/install/test_sim:/home/isopodin-time/ros2_ws/install/plankton_utils:/home/isopodin-time/ros2_ws/install/muuv_sim_description:/home/isopodin-time/ros2_ws/install/muuv_sim_control:/home/isopodin-time/ros2_ws/install/muuv_ros:/opt/ros/foxy LD_LIBRARY_PATH=/home/isopodin-time/ros2_ws/install/custom_msg_srv/lib:/home/isopodin-time/ros2_ws/install/pid_component/lib:/home/isopodin-time/ros2_ws/install/uuv_world_ros_plugins/lib:/home/isopodin-time/ros2_ws/install/uuv_world_ros_plugins_msgs/lib:/home/isopodin-time/ros2_ws/install/uuv_world_plugins/lib:/home/isopodin-time/ros2_ws/install/uuv_thruster_manager/lib:/home/isopodin-time/ros2_ws/install/uuv_sensor_ros_plugins/lib:/home/isopodin-time/ros2_ws/install/uuv_sensor_ros_plugins_msgs/lib:/home/isopodin-time/ros2_ws/install/uuv_gazebo_ros_plugins/lib:/home/isopodin-time/ros2_ws/install/uuv_gazebo_ros_plugins_msgs/lib:/home/isopodin-time/ros2_ws/install/uuv_gazebo_plugins/lib:/home/isopodin-time/ros2_ws/install/uuv_control_msgs/lib:/home/isopodin-time/ros2_ws/install/uuv_auv_control_allocator/lib:/usr/lib/x86_64-linux-gnu/gazebo-11/plugins:/opt/ros/foxy/opt/yaml_cpp_vendor/lib:/opt/ros/foxy/opt/rviz_ogre_vendor/lib:/opt/ros/foxy/lib/x86_64-linux-gnu:/opt/ros/foxy/lib:/usr/lib/x86_64-linux-gnu/gazebo-11/plugins:/usr/lib/x86_64-linux-gnu/gazebo-11/plugins:/usr/lib/x86_64-linux-gnu/gazebo-11/plugins:/usr/lib/x86_64-linux-gnu/gazebo-11/plugins:/usr/lib/x86_64-linux-gnu/gazebo-11/plugins:/usr/lib/x86_64-linux-gnu/gazebo-11/plugins /usr/bin/cmake --build /home/isopodin-time/ros2_ws/build/muuv_ros -- -j8 -l8
[0.327s] [35m[1mScanning dependencies of target pid_recombiner[0m
[0.346s] [ 33%] Built target thrusters
[0.361s] [ 77%] Built target sensors
[0.368s] [ 88%] [32mBuilding CXX object CMakeFiles/pid_recombiner.dir/src/muuv_ros/pid_recombiner.cpp.o[0m
[1.772s] [01m[K/home/isopodin-time/ros2_ws/src/muuv_ros/src/muuv_ros/pid_recombiner.cpp:39:52:[m[K [01;31m[Kerror: [m[Kâ€˜[01m[KFloat64Stamped[m[Kâ€™ in namespace â€˜[01m[Kstd_msgs::msg[m[Kâ€™ does not name a type
[1.773s]    39 |     void ctrl_effort_callback(const std_msgs::msg::[01;31m[KFloat64Stamped[m[K::SharedPtr msg) const
[1.773s]       |                                                    [01;31m[K^~~~~~~~~~~~~~[m[K
[1.773s] [01m[K/home/isopodin-time/ros2_ws/src/muuv_ros/src/muuv_ros/pid_recombiner.cpp:39:78:[m[K [01;31m[Kerror: [m[Kexpected unqualified-id before â€˜[01m[Kmsg[m[Kâ€™
[1.773s]    39 |     void ctrl_effort_callback(const std_msgs::msg::Float64Stamped::SharedPtr [01;31m[Kmsg[m[K) const
[1.773s]       |                                                                              [01;31m[K^~~[m[K
[1.773s] [01m[K/home/isopodin-time/ros2_ws/src/muuv_ros/src/muuv_ros/pid_recombiner.cpp:39:77:[m[K [01;31m[Kerror: [m[Kexpected â€˜[01m[K)[m[Kâ€™ before â€˜[01m[Kmsg[m[Kâ€™
[1.773s]    39 |     void ctrl_effort_callback[34m[K([m[Kconst std_msgs::msg::Float64Stamped::SharedPtr[01;31m[K [m[K[32m[Kmsg[m[K) const
[1.773s]       |                              [34m[K~[m[K                                              [01;31m[K^[m[K[32m[K~~~[m[K
[1.774s]       |                                                                             [32m[K)[m[K
[1.774s] [01m[K/home/isopodin-time/ros2_ws/src/muuv_ros/src/muuv_ros/pid_recombiner.cpp:39:68:[m[K [01;31m[Kerror: [m[Kexpected â€˜[01m[K;[m[Kâ€™ at end of member declaration
[1.774s]    39 |     void ctrl_effort_callback(const std_msgs::msg::Float64Stamped::[01;31m[KSharedPtr[m[K msg) const
[1.774s]       |                                                                    [01;31m[K^~~~~~~~~[m[K
[1.774s]       |                                                                             [32m[K;[m[K
[1.775s] [01m[K/home/isopodin-time/ros2_ws/src/muuv_ros/src/muuv_ros/pid_recombiner.cpp:39:78:[m[K [01;31m[Kerror: [m[Kâ€˜[01m[Kmsg[m[Kâ€™ does not name a type
[1.775s]    39 |     void ctrl_effort_callback(const std_msgs::msg::Float64Stamped::SharedPtr [01;31m[Kmsg[m[K) const
[1.775s]       |                                                                              [01;31m[K^~~[m[K
[1.790s] [01m[K/home/isopodin-time/ros2_ws/src/muuv_ros/src/muuv_ros/pid_recombiner.cpp:55:41:[m[K [01;31m[Kerror: [m[Kâ€˜[01m[KFloat64Stamped[m[Kâ€™ is not a member of â€˜[01m[Kstd_msgs::msg[m[Kâ€™; did you mean â€˜[01m[Kcustom_msg_srv::msg::Float64Stamped[m[Kâ€™?
[1.790s]    55 |     rclcpp::Subscription<std_msgs::msg::[01;31m[KFloat64Stamped[m[K>::SharedPtr sub_x;
[1.791s]       |                                         [01;31m[K^~~~~~~~~~~~~~[m[K
[1.791s] In file included from [01m[K/home/isopodin-time/ros2_ws/install/custom_msg_srv/include/custom_msg_srv/msg/float64_stamped.hpp:7[m[K,
[1.791s]                  from [01m[K/home/isopodin-time/ros2_ws/src/muuv_ros/src/muuv_ros/pid_recombiner.cpp:8[m[K:
[1.791s] [01m[K/home/isopodin-time/ros2_ws/install/custom_msg_srv/include/custom_msg_srv/msg/detail/float64_stamped__struct.hpp:138:7:[m[K [01;36m[Knote: [m[Kâ€˜[01m[Kcustom_msg_srv::msg::Float64Stamped[m[Kâ€™ declared here
[1.792s]   138 | using [01;36m[KFloat64Stamped[m[K =
[1.792s]       |       [01;36m[K^~~~~~~~~~~~~~[m[K
[1.792s] [01m[K/home/isopodin-time/ros2_ws/src/muuv_ros/src/muuv_ros/pid_recombiner.cpp:55:41:[m[K [01;31m[Kerror: [m[Kâ€˜[01m[KFloat64Stamped[m[Kâ€™ is not a member of â€˜[01m[Kstd_msgs::msg[m[Kâ€™; did you mean â€˜[01m[Kcustom_msg_srv::msg::Float64Stamped[m[Kâ€™?
[1.793s]    55 |     rclcpp::Subscription<std_msgs::msg::[01;31m[KFloat64Stamped[m[K>::SharedPtr sub_x;
[1.793s]       |                                         [01;31m[K^~~~~~~~~~~~~~[m[K
[1.793s] In file included from [01m[K/home/isopodin-time/ros2_ws/install/custom_msg_srv/include/custom_msg_srv/msg/float64_stamped.hpp:7[m[K,
[1.793s]                  from [01m[K/home/isopodin-time/ros2_ws/src/muuv_ros/src/muuv_ros/pid_recombiner.cpp:8[m[K:
[1.793s] [01m[K/home/isopodin-time/ros2_ws/install/custom_msg_srv/include/custom_msg_srv/msg/detail/float64_stamped__struct.hpp:138:7:[m[K [01;36m[Knote: [m[Kâ€˜[01m[Kcustom_msg_srv::msg::Float64Stamped[m[Kâ€™ declared here
[1.793s]   138 | using [01;36m[KFloat64Stamped[m[K =
[1.794s]       |       [01;36m[K^~~~~~~~~~~~~~[m[K
[1.794s] [01m[K/home/isopodin-time/ros2_ws/src/muuv_ros/src/muuv_ros/pid_recombiner.cpp:55:55:[m[K [01;31m[Kerror: [m[Ktemplate argument 1 is invalid
[1.794s]    55 |     rclcpp::Subscription<std_msgs::msg::Float64Stamped[01;31m[K>[m[K::SharedPtr sub_x;
[1.794s]       |                                                       [01;31m[K^[m[K
[1.795s] [01m[K/home/isopodin-time/ros2_ws/src/muuv_ros/src/muuv_ros/pid_recombiner.cpp:55:55:[m[K [01;31m[Kerror: [m[Ktemplate argument 3 is invalid
[1.795s] [01m[K/home/isopodin-time/ros2_ws/src/muuv_ros/src/muuv_ros/pid_recombiner.cpp:55:58:[m[K [01;31m[Kerror: [m[Kexpected â€˜[01m[K;[m[Kâ€™ at end of member declaration
[1.795s]    55 |     rclcpp::Subscription<std_msgs::msg::Float64Stamped>::[01;31m[KSharedPtr[m[K sub_x;
[1.795s]       |                                                          [01;31m[K^~~~~~~~~[m[K
[1.795s]       |                                                                   [32m[K;[m[K
[1.796s] [01m[K/home/isopodin-time/ros2_ws/src/muuv_ros/src/muuv_ros/pid_recombiner.cpp:55:68:[m[K [01;31m[Kerror: [m[Kâ€˜[01m[Ksub_x[m[Kâ€™ does not name a type
[1.796s]    55 |     rclcpp::Subscription<std_msgs::msg::Float64Stamped>::SharedPtr [01;31m[Ksub_x[m[K;
[1.796s]       |                                                                    [01;31m[K^~~~~[m[K
[1.796s] [01m[K/home/isopodin-time/ros2_ws/src/muuv_ros/src/muuv_ros/pid_recombiner.cpp:56:41:[m[K [01;31m[Kerror: [m[Kâ€˜[01m[KFloat64Stamped[m[Kâ€™ is not a member of â€˜[01m[Kstd_msgs::msg[m[Kâ€™; did you mean â€˜[01m[Kcustom_msg_srv::msg::Float64Stamped[m[Kâ€™?
[1.796s]    56 |     rclcpp::Subscription<std_msgs::msg::[01;31m[KFloat64Stamped[m[K>::SharedPtr sub_y;
[1.796s]       |                                         [01;31m[K^~~~~~~~~~~~~~[m[K
[1.796s] In file included from [01m[K/home/isopodin-time/ros2_ws/install/custom_msg_srv/include/custom_msg_srv/msg/float64_stamped.hpp:7[m[K,
[1.796s]                  from [01m[K/home/isopodin-time/ros2_ws/src/muuv_ros/src/muuv_ros/pid_recombiner.cpp:8[m[K:
[1.797s] [01m[K/home/isopodin-time/ros2_ws/install/custom_msg_srv/include/custom_msg_srv/msg/detail/float64_stamped__struct.hpp:138:7:[m[K [01;36m[Knote: [m[Kâ€˜[01m[Kcustom_msg_srv::msg::Float64Stamped[m[Kâ€™ declared here
[1.797s]   138 | using [01;36m[KFloat64Stamped[m[K =
[1.797s]       |       [01;36m[K^~~~~~~~~~~~~~[m[K
[1.797s] [01m[K/home/isopodin-time/ros2_ws/src/muuv_ros/src/muuv_ros/pid_recombiner.cpp:56:41:[m[K [01;31m[Kerror: [m[Kâ€˜[01m[KFloat64Stamped[m[Kâ€™ is not a member of â€˜[01m[Kstd_msgs::msg[m[Kâ€™; did you mean â€˜[01m[Kcustom_msg_srv::msg::Float64Stamped[m[Kâ€™?
[1.797s]    56 |     rclcpp::Subscription<std_msgs::msg::[01;31m[KFloat64Stamped[m[K>::SharedPtr sub_y;
[1.798s]       |                                         [01;31m[K^~~~~~~~~~~~~~[m[K
[1.798s] In file included from [01m[K/home/isopodin-time/ros2_ws/install/custom_msg_srv/include/custom_msg_srv/msg/float64_stamped.hpp:7[m[K,
[1.798s]                  from [01m[K/home/isopodin-time/ros2_ws/src/muuv_ros/src/muuv_ros/pid_recombiner.cpp:8[m[K:
[1.798s] [01m[K/home/isopodin-time/ros2_ws/install/custom_msg_srv/include/custom_msg_srv/msg/detail/float64_stamped__struct.hpp:138:7:[m[K [01;36m[Knote: [m[Kâ€˜[01m[Kcustom_msg_srv::msg::Float64Stamped[m[Kâ€™ declared here
[1.798s]   138 | using [01;36m[KFloat64Stamped[m[K =
[1.799s]       |       [01;36m[K^~~~~~~~~~~~~~[m[K
[1.799s] [01m[K/home/isopodin-time/ros2_ws/src/muuv_ros/src/muuv_ros/pid_recombiner.cpp:56:55:[m[K [01;31m[Kerror: [m[Ktemplate argument 1 is invalid
[1.799s]    56 |     rclcpp::Subscription<std_msgs::msg::Float64Stamped[01;31m[K>[m[K::SharedPtr sub_y;
[1.799s]       |                                                       [01;31m[K^[m[K
[1.799s] [01m[K/home/isopodin-time/ros2_ws/src/muuv_ros/src/muuv_ros/pid_recombiner.cpp:56:55:[m[K [01;31m[Kerror: [m[Ktemplate argument 3 is invalid
[1.799s] [01m[K/home/isopodin-time/ros2_ws/src/muuv_ros/src/muuv_ros/pid_recombiner.cpp:56:58:[m[K [01;31m[Kerror: [m[Kexpected â€˜[01m[K;[m[Kâ€™ at end of member declaration
[1.799s]    56 |     rclcpp::Subscription<std_msgs::msg::Float64Stamped>::[01;31m[KSharedPtr[m[K sub_y;
[1.800s]       |                                                          [01;31m[K^~~~~~~~~[m[K
[1.800s]       |                                                                   [32m[K;[m[K
[1.800s] [01m[K/home/isopodin-time/ros2_ws/src/muuv_ros/src/muuv_ros/pid_recombiner.cpp:56:58:[m[K [01;31m[Kerror: [m[Kredeclaration of â€˜[01m[Kint Pid_recombiner::SharedPtr[m[Kâ€™
[1.800s] [01m[K/home/isopodin-time/ros2_ws/src/muuv_ros/src/muuv_ros/pid_recombiner.cpp:55:58:[m[K [01;36m[Knote: [m[Kprevious declaration â€˜[01m[Kint Pid_recombiner::SharedPtr[m[Kâ€™
[1.800s]    55 |     rclcpp::Subscription<std_msgs::msg::Float64Stamped>::[01;36m[KSharedPtr[m[K sub_x;
[1.800s]       |                                                          [01;36m[K^~~~~~~~~[m[K
[1.800s] [01m[K/home/isopodin-time/ros2_ws/src/muuv_ros/src/muuv_ros/pid_recombiner.cpp:56:68:[m[K [01;31m[Kerror: [m[Kâ€˜[01m[Ksub_y[m[Kâ€™ does not name a type
[1.800s]    56 |     rclcpp::Subscription<std_msgs::msg::Float64Stamped>::SharedPtr [01;31m[Ksub_y[m[K;
[1.801s]       |                                                                    [01;31m[K^~~~~[m[K
[1.801s] [01m[K/home/isopodin-time/ros2_ws/src/muuv_ros/src/muuv_ros/pid_recombiner.cpp:57:41:[m[K [01;31m[Kerror: [m[Kâ€˜[01m[KFloat64Stamped[m[Kâ€™ is not a member of â€˜[01m[Kstd_msgs::msg[m[Kâ€™; did you mean â€˜[01m[Kcustom_msg_srv::msg::Float64Stamped[m[Kâ€™?
[1.801s]    57 |     rclcpp::Subscription<std_msgs::msg::[01;31m[KFloat64Stamped[m[K>::SharedPtr sub_z;
[1.801s]       |                                         [01;31m[K^~~~~~~~~~~~~~[m[K
[1.801s] In file included from [01m[K/home/isopodin-time/ros2_ws/install/custom_msg_srv/include/custom_msg_srv/msg/float64_stamped.hpp:7[m[K,
[1.801s]                  from [01m[K/home/isopodin-time/ros2_ws/src/muuv_ros/src/muuv_ros/pid_recombiner.cpp:8[m[K:
[1.801s] [01m[K/home/isopodin-time/ros2_ws/install/custom_msg_srv/include/custom_msg_srv/msg/detail/float64_stamped__struct.hpp:138:7:[m[K [01;36m[Knote: [m[Kâ€˜[01m[Kcustom_msg_srv::msg::Float64Stamped[m[Kâ€™ declared here
[1.801s]   138 | using [01;36m[KFloat64Stamped[m[K =
[1.802s]       |       [01;36m[K^~~~~~~~~~~~~~[m[K
[1.802s] [01m[K/home/isopodin-time/ros2_ws/src/muuv_ros/src/muuv_ros/pid_recombiner.cpp:57:41:[m[K [01;31m[Kerror: [m[Kâ€˜[01m[KFloat64Stamped[m[Kâ€™ is not a member of â€˜[01m[Kstd_msgs::msg[m[Kâ€™; did you mean â€˜[01m[Kcustom_msg_srv::msg::Float64Stamped[m[Kâ€™?
[1.802s]    57 |     rclcpp::Subscription<std_msgs::msg::[01;31m[KFloat64Stamped[m[K>::SharedPtr sub_z;
[1.802s]       |                                         [01;31m[K^~~~~~~~~~~~~~[m[K
[1.802s] In file included from [01m[K/home/isopodin-time/ros2_ws/install/custom_msg_srv/include/custom_msg_srv/msg/float64_stamped.hpp:7[m[K,
[1.802s]                  from [01m[K/home/isopodin-time/ros2_ws/src/muuv_ros/src/muuv_ros/pid_recombiner.cpp:8[m[K:
[1.810s] [01m[K/home/isopodin-time/ros2_ws/install/custom_msg_srv/include/custom_msg_srv/msg/detail/float64_stamped__struct.hpp:138:7:[m[K [01;36m[Knote: [m[Kâ€˜[01m[Kcustom_msg_srv::msg::Float64Stamped[m[Kâ€™ declared here
[1.811s]   138 | using [01;36m[KFloat64Stamped[m[K =
[1.811s]       |       [01;36m[K^~~~~~~~~~~~~~[m[K
[1.811s] [01m[K/home/isopodin-time/ros2_ws/src/muuv_ros/src/muuv_ros/pid_recombiner.cpp:57:55:[m[K [01;31m[Kerror: [m[Ktemplate argument 1 is invalid
[1.811s]    57 |     rclcpp::Subscription<std_msgs::msg::Float64Stamped[01;31m[K>[m[K::SharedPtr sub_z;
[1.811s]       |                                                       [01;31m[K^[m[K
[1.811s] [01m[K/home/isopodin-time/ros2_ws/src/muuv_ros/src/muuv_ros/pid_recombiner.cpp:57:55:[m[K [01;31m[Kerror: [m[Ktemplate argument 3 is invalid
[1.811s] [01m[K/home/isopodin-time/ros2_ws/src/muuv_ros/src/muuv_ros/pid_recombiner.cpp:57:58:[m[K [01;31m[Kerror: [m[Kexpected â€˜[01m[K;[m[Kâ€™ at end of member declaration
[1.811s]    57 |     rclcpp::Subscription<std_msgs::msg::Float64Stamped>::[01;31m[KSharedPtr[m[K sub_z;
[1.811s]       |                                                          [01;31m[K^~~~~~~~~[m[K
[1.812s]       |                                                                   [32m[K;[m[K
[1.812s] [01m[K/home/isopodin-time/ros2_ws/src/muuv_ros/src/muuv_ros/pid_recombiner.cpp:57:58:[m[K [01;31m[Kerror: [m[Kredeclaration of â€˜[01m[Kint Pid_recombiner::SharedPtr[m[Kâ€™
[1.812s] [01m[K/home/isopodin-time/ros2_ws/src/muuv_ros/src/muuv_ros/pid_recombiner.cpp:55:58:[m[K [01;36m[Knote: [m[Kprevious declaration â€˜[01m[Kint Pid_recombiner::SharedPtr[m[Kâ€™
[1.812s]    55 |     rclcpp::Subscription<std_msgs::msg::Float64Stamped>::[01;36m[KSharedPtr[m[K sub_x;
[1.812s]       |                                                          [01;36m[K^~~~~~~~~[m[K
[1.817s] [01m[K/home/isopodin-time/ros2_ws/src/muuv_ros/src/muuv_ros/pid_recombiner.cpp:57:68:[m[K [01;31m[Kerror: [m[Kâ€˜[01m[Ksub_z[m[Kâ€™ does not name a type
[1.817s]    57 |     rclcpp::Subscription<std_msgs::msg::Float64Stamped>::SharedPtr [01;31m[Ksub_z[m[K;
[1.817s]       |                                                                    [01;31m[K^~~~~[m[K
[1.817s] [01m[K/home/isopodin-time/ros2_ws/src/muuv_ros/src/muuv_ros/pid_recombiner.cpp:58:41:[m[K [01;31m[Kerror: [m[Kâ€˜[01m[KFloat64Stamped[m[Kâ€™ is not a member of â€˜[01m[Kstd_msgs::msg[m[Kâ€™; did you mean â€˜[01m[Kcustom_msg_srv::msg::Float64Stamped[m[Kâ€™?
[1.817s]    58 |     rclcpp::Subscription<std_msgs::msg::[01;31m[KFloat64Stamped[m[K>::SharedPtr sub_rx;
[1.818s]       |                                         [01;31m[K^~~~~~~~~~~~~~[m[K
[1.818s] In file included from [01m[K/home/isopodin-time/ros2_ws/install/custom_msg_srv/include/custom_msg_srv/msg/float64_stamped.hpp:7[m[K,
[1.818s]                  from [01m[K/home/isopodin-time/ros2_ws/src/muuv_ros/src/muuv_ros/pid_recombiner.cpp:8[m[K:
[1.818s] [01m[K/home/isopodin-time/ros2_ws/install/custom_msg_srv/include/custom_msg_srv/msg/detail/float64_stamped__struct.hpp:138:7:[m[K [01;36m[Knote: [m[Kâ€˜[01m[Kcustom_msg_srv::msg::Float64Stamped[m[Kâ€™ declared here
[1.818s]   138 | using [01;36m[KFloat64Stamped[m[K =
[1.818s]       |       [01;36m[K^~~~~~~~~~~~~~[m[K
[1.818s] [01m[K/home/isopodin-time/ros2_ws/src/muuv_ros/src/muuv_ros/pid_recombiner.cpp:58:41:[m[K [01;31m[Kerror: [m[Kâ€˜[01m[KFloat64Stamped[m[Kâ€™ is not a member of â€˜[01m[Kstd_msgs::msg[m[Kâ€™; did you mean â€˜[01m[Kcustom_msg_srv::msg::Float64Stamped[m[Kâ€™?
[1.818s]    58 |     rclcpp::Subscription<std_msgs::msg::[01;31m[KFloat64Stamped[m[K>::SharedPtr sub_rx;
[1.818s]       |                                         [01;31m[K^~~~~~~~~~~~~~[m[K
[1.819s] In file included from [01m[K/home/isopodin-time/ros2_ws/install/custom_msg_srv/include/custom_msg_srv/msg/float64_stamped.hpp:7[m[K,
[1.819s]                  from [01m[K/home/isopodin-time/ros2_ws/src/muuv_ros/src/muuv_ros/pid_recombiner.cpp:8[m[K:
[1.819s] [01m[K/home/isopodin-time/ros2_ws/install/custom_msg_srv/include/custom_msg_srv/msg/detail/float64_stamped__struct.hpp:138:7:[m[K [01;36m[Knote: [m[Kâ€˜[01m[Kcustom_msg_srv::msg::Float64Stamped[m[Kâ€™ declared here
[1.819s]   138 | using [01;36m[KFloat64Stamped[m[K =
[1.819s]       |       [01;36m[K^~~~~~~~~~~~~~[m[K
[1.819s] [01m[K/home/isopodin-time/ros2_ws/src/muuv_ros/src/muuv_ros/pid_recombiner.cpp:58:55:[m[K [01;31m[Kerror: [m[Ktemplate argument 1 is invalid
[1.819s]    58 |     rclcpp::Subscription<std_msgs::msg::Float64Stamped[01;31m[K>[m[K::SharedPtr sub_rx;
[1.819s]       |                                                       [01;31m[K^[m[K
[1.820s] [01m[K/home/isopodin-time/ros2_ws/src/muuv_ros/src/muuv_ros/pid_recombiner.cpp:58:55:[m[K [01;31m[Kerror: [m[Ktemplate argument 3 is invalid
[1.820s] [01m[K/home/isopodin-time/ros2_ws/src/muuv_ros/src/muuv_ros/pid_recombiner.cpp:58:58:[m[K [01;31m[Kerror: [m[Kexpected â€˜[01m[K;[m[Kâ€™ at end of member declaration
[1.820s]    58 |     rclcpp::Subscription<std_msgs::msg::Float64Stamped>::[01;31m[KSharedPtr[m[K sub_rx;
[1.820s]       |                                                          [01;31m[K^~~~~~~~~[m[K
[1.820s]       |                                                                   [32m[K;[m[K
[1.820s] [01m[K/home/isopodin-time/ros2_ws/src/muuv_ros/src/muuv_ros/pid_recombiner.cpp:58:58:[m[K [01;31m[Kerror: [m[Kredeclaration of â€˜[01m[Kint Pid_recombiner::SharedPtr[m[Kâ€™
[1.820s] [01m[K/home/isopodin-time/ros2_ws/src/muuv_ros/src/muuv_ros/pid_recombiner.cpp:55:58:[m[K [01;36m[Knote: [m[Kprevious declaration â€˜[01m[Kint Pid_recombiner::SharedPtr[m[Kâ€™
[1.820s]    55 |     rclcpp::Subscription<std_msgs::msg::Float64Stamped>::[01;36m[KSharedPtr[m[K sub_x;
[1.821s]       |                                                          [01;36m[K^~~~~~~~~[m[K
[1.821s] [01m[K/home/isopodin-time/ros2_ws/src/muuv_ros/src/muuv_ros/pid_recombiner.cpp:58:68:[m[K [01;31m[Kerror: [m[Kâ€˜[01m[Ksub_rx[m[Kâ€™ does not name a type
[1.821s]    58 |     rclcpp::Subscription<std_msgs::msg::Float64Stamped>::SharedPtr [01;31m[Ksub_rx[m[K;
[1.821s]       |                                                                    [01;31m[K^~~~~~[m[K
[1.827s] [01m[K/home/isopodin-time/ros2_ws/src/muuv_ros/src/muuv_ros/pid_recombiner.cpp:59:41:[m[K [01;31m[Kerror: [m[Kâ€˜[01m[KFloat64Stamped[m[Kâ€™ is not a member of â€˜[01m[Kstd_msgs::msg[m[Kâ€™; did you mean â€˜[01m[Kcustom_msg_srv::msg::Float64Stamped[m[Kâ€™?
[1.827s]    59 |     rclcpp::Subscription<std_msgs::msg::[01;31m[KFloat64Stamped[m[K>::SharedPtr sub_ry;
[1.827s]       |                                         [01;31m[K^~~~~~~~~~~~~~[m[K
[1.827s] In file included from [01m[K/home/isopodin-time/ros2_ws/install/custom_msg_srv/include/custom_msg_srv/msg/float64_stamped.hpp:7[m[K,
[1.827s]                  from [01m[K/home/isopodin-time/ros2_ws/src/muuv_ros/src/muuv_ros/pid_recombiner.cpp:8[m[K:
[1.827s] [01m[K/home/isopodin-time/ros2_ws/install/custom_msg_srv/include/custom_msg_srv/msg/detail/float64_stamped__struct.hpp:138:7:[m[K [01;36m[Knote: [m[Kâ€˜[01m[Kcustom_msg_srv::msg::Float64Stamped[m[Kâ€™ declared here
[1.827s]   138 | using [01;36m[KFloat64Stamped[m[K =
[1.828s]       |       [01;36m[K^~~~~~~~~~~~~~[m[K
[1.828s] [01m[K/home/isopodin-time/ros2_ws/src/muuv_ros/src/muuv_ros/pid_recombiner.cpp:59:41:[m[K [01;31m[Kerror: [m[Kâ€˜[01m[KFloat64Stamped[m[Kâ€™ is not a member of â€˜[01m[Kstd_msgs::msg[m[Kâ€™; did you mean â€˜[01m[Kcustom_msg_srv::msg::Float64Stamped[m[Kâ€™?
[1.828s]    59 |     rclcpp::Subscription<std_msgs::msg::[01;31m[KFloat64Stamped[m[K>::SharedPtr sub_ry;
[1.828s]       |                                         [01;31m[K^~~~~~~~~~~~~~[m[K
[1.828s] In file included from [01m[K/home/isopodin-time/ros2_ws/install/custom_msg_srv/include/custom_msg_srv/msg/float64_stamped.hpp:7[m[K,
[1.828s]                  from [01m[K/home/isopodin-time/ros2_ws/src/muuv_ros/src/muuv_ros/pid_recombiner.cpp:8[m[K:
[1.829s] [01m[K/home/isopodin-time/ros2_ws/install/custom_msg_srv/include/custom_msg_srv/msg/detail/float64_stamped__struct.hpp:138:7:[m[K [01;36m[Knote: [m[Kâ€˜[01m[Kcustom_msg_srv::msg::Float64Stamped[m[Kâ€™ declared here
[1.829s]   138 | using [01;36m[KFloat64Stamped[m[K =
[1.829s]       |       [01;36m[K^~~~~~~~~~~~~~[m[K
[1.829s] [01m[K/home/isopodin-time/ros2_ws/src/muuv_ros/src/muuv_ros/pid_recombiner.cpp:59:55:[m[K [01;31m[Kerror: [m[Ktemplate argument 1 is invalid
[1.829s]    59 |     rclcpp::Subscription<std_msgs::msg::Float64Stamped[01;31m[K>[m[K::SharedPtr sub_ry;
[1.829s]       |                                                       [01;31m[K^[m[K
[1.829s] [01m[K/home/isopodin-time/ros2_ws/src/muuv_ros/src/muuv_ros/pid_recombiner.cpp:59:55:[m[K [01;31m[Kerror: [m[Ktemplate argument 3 is invalid
[1.830s] [01m[K/home/isopodin-time/ros2_ws/src/muuv_ros/src/muuv_ros/pid_recombiner.cpp:59:58:[m[K [01;31m[Kerror: [m[Kexpected â€˜[01m[K;[m[Kâ€™ at end of member declaration
[1.830s]    59 |     rclcpp::Subscription<std_msgs::msg::Float64Stamped>::[01;31m[KSharedPtr[m[K sub_ry;
[1.830s]       |                                                          [01;31m[K^~~~~~~~~[m[K
[1.831s]       |                                                                   [32m[K;[m[K
[1.831s] [01m[K/home/isopodin-time/ros2_ws/src/muuv_ros/src/muuv_ros/pid_recombiner.cpp:59:58:[m[K [01;31m[Kerror: [m[Kredeclaration of â€˜[01m[Kint Pid_recombiner::SharedPtr[m[Kâ€™
[1.831s] [01m[K/home/isopodin-time/ros2_ws/src/muuv_ros/src/muuv_ros/pid_recombiner.cpp:55:58:[m[K [01;36m[Knote: [m[Kprevious declaration â€˜[01m[Kint Pid_recombiner::SharedPtr[m[Kâ€™
[1.831s]    55 |     rclcpp::Subscription<std_msgs::msg::Float64Stamped>::[01;36m[KSharedPtr[m[K sub_x;
[1.831s]       |                                                          [01;36m[K^~~~~~~~~[m[K
[1.831s] [01m[K/home/isopodin-time/ros2_ws/src/muuv_ros/src/muuv_ros/pid_recombiner.cpp:59:68:[m[K [01;31m[Kerror: [m[Kâ€˜[01m[Ksub_ry[m[Kâ€™ does not name a type
[1.831s]    59 |     rclcpp::Subscription<std_msgs::msg::Float64Stamped>::SharedPtr [01;31m[Ksub_ry[m[K;
[1.832s]       |                                                                    [01;31m[K^~~~~~[m[K
[1.832s] [01m[K/home/isopodin-time/ros2_ws/src/muuv_ros/src/muuv_ros/pid_recombiner.cpp:60:41:[m[K [01;31m[Kerror: [m[Kâ€˜[01m[KFloat64Stamped[m[Kâ€™ is not a member of â€˜[01m[Kstd_msgs::msg[m[Kâ€™; did you mean â€˜[01m[Kcustom_msg_srv::msg::Float64Stamped[m[Kâ€™?
[1.832s]    60 |     rclcpp::Subscription<std_msgs::msg::[01;31m[KFloat64Stamped[m[K>::SharedPtr sub_rz;
[1.832s]       |                                         [01;31m[K^~~~~~~~~~~~~~[m[K
[1.833s] In file included from [01m[K/home/isopodin-time/ros2_ws/install/custom_msg_srv/include/custom_msg_srv/msg/float64_stamped.hpp:7[m[K,
[1.833s]                  from [01m[K/home/isopodin-time/ros2_ws/src/muuv_ros/src/muuv_ros/pid_recombiner.cpp:8[m[K:
[1.833s] [01m[K/home/isopodin-time/ros2_ws/install/custom_msg_srv/include/custom_msg_srv/msg/detail/float64_stamped__struct.hpp:138:7:[m[K [01;36m[Knote: [m[Kâ€˜[01m[Kcustom_msg_srv::msg::Float64Stamped[m[Kâ€™ declared here
[1.833s]   138 | using [01;36m[KFloat64Stamped[m[K =
[1.833s]       |       [01;36m[K^~~~~~~~~~~~~~[m[K
[1.834s] [01m[K/home/isopodin-time/ros2_ws/src/muuv_ros/src/muuv_ros/pid_recombiner.cpp:60:41:[m[K [01;31m[Kerror: [m[Kâ€˜[01m[KFloat64Stamped[m[Kâ€™ is not a member of â€˜[01m[Kstd_msgs::msg[m[Kâ€™; did you mean â€˜[01m[Kcustom_msg_srv::msg::Float64Stamped[m[Kâ€™?
[1.834s]    60 |     rclcpp::Subscription<std_msgs::msg::[01;31m[KFloat64Stamped[m[K>::SharedPtr sub_rz;
[1.834s]       |                                         [01;31m[K^~~~~~~~~~~~~~[m[K
[1.834s] In file included from [01m[K/home/isopodin-time/ros2_ws/install/custom_msg_srv/include/custom_msg_srv/msg/float64_stamped.hpp:7[m[K,
[1.834s]                  from [01m[K/home/isopodin-time/ros2_ws/src/muuv_ros/src/muuv_ros/pid_recombiner.cpp:8[m[K:
[1.834s] [01m[K/home/isopodin-time/ros2_ws/install/custom_msg_srv/include/custom_msg_srv/msg/detail/float64_stamped__struct.hpp:138:7:[m[K [01;36m[Knote: [m[Kâ€˜[01m[Kcustom_msg_srv::msg::Float64Stamped[m[Kâ€™ declared here
[1.834s]   138 | using [01;36m[KFloat64Stamped[m[K =
[1.834s]       |       [01;36m[K^~~~~~~~~~~~~~[m[K
[1.835s] [01m[K/home/isopodin-time/ros2_ws/src/muuv_ros/src/muuv_ros/pid_recombiner.cpp:60:55:[m[K [01;31m[Kerror: [m[Ktemplate argument 1 is invalid
[1.835s]    60 |     rclcpp::Subscription<std_msgs::msg::Float64Stamped[01;31m[K>[m[K::SharedPtr sub_rz;
[1.835s]       |                                                       [01;31m[K^[m[K
[1.835s] [01m[K/home/isopodin-time/ros2_ws/src/muuv_ros/src/muuv_ros/pid_recombiner.cpp:60:55:[m[K [01;31m[Kerror: [m[Ktemplate argument 3 is invalid
[1.835s] [01m[K/home/isopodin-time/ros2_ws/src/muuv_ros/src/muuv_ros/pid_recombiner.cpp:60:58:[m[K [01;31m[Kerror: [m[Kexpected â€˜[01m[K;[m[Kâ€™ at end of member declaration
[1.835s]    60 |     rclcpp::Subscription<std_msgs::msg::Float64Stamped>::[01;31m[KSharedPtr[m[K sub_rz;
[1.835s]       |                                                          [01;31m[K^~~~~~~~~[m[K
[1.835s]       |                                                                   [32m[K;[m[K
[1.835s] [01m[K/home/isopodin-time/ros2_ws/src/muuv_ros/src/muuv_ros/pid_recombiner.cpp:60:58:[m[K [01;31m[Kerror: [m[Kredeclaration of â€˜[01m[Kint Pid_recombiner::SharedPtr[m[Kâ€™
[1.836s] [01m[K/home/isopodin-time/ros2_ws/src/muuv_ros/src/muuv_ros/pid_recombiner.cpp:55:58:[m[K [01;36m[Knote: [m[Kprevious declaration â€˜[01m[Kint Pid_recombiner::SharedPtr[m[Kâ€™
[1.836s]    55 |     rclcpp::Subscription<std_msgs::msg::Float64Stamped>::[01;36m[KSharedPtr[m[K sub_x;
[1.836s]       |                                                          [01;36m[K^~~~~~~~~[m[K
[1.836s] [01m[K/home/isopodin-time/ros2_ws/src/muuv_ros/src/muuv_ros/pid_recombiner.cpp:60:68:[m[K [01;31m[Kerror: [m[Kâ€˜[01m[Ksub_rz[m[Kâ€™ does not name a type
[1.836s]    60 |     rclcpp::Subscription<std_msgs::msg::Float64Stamped>::SharedPtr [01;31m[Ksub_rz[m[K;
[1.837s]       |                                                                    [01;31m[K^~~~~~[m[K
[1.837s] [01m[K/home/isopodin-time/ros2_ws/src/muuv_ros/src/muuv_ros/pid_recombiner.cpp:[m[K In constructor â€˜[01m[KPid_recombiner::Pid_recombiner()[m[Kâ€™:
[1.837s] [01m[K/home/isopodin-time/ros2_ws/src/muuv_ros/src/muuv_ros/pid_recombiner.cpp:22:9:[m[K [01;31m[Kerror: [m[Kâ€˜[01m[Ksub_x[m[Kâ€™ was not declared in this scope
[1.837s]    22 |         [01;31m[Ksub_x[m[K = this->create_subscription<std_msgs::msg::Float64Stamped>(
[1.837s]       |         [01;31m[K^~~~~[m[K
[1.837s] [01m[K/home/isopodin-time/ros2_ws/src/muuv_ros/src/muuv_ros/pid_recombiner.cpp:22:58:[m[K [01;31m[Kerror: [m[Kâ€˜[01m[KFloat64Stamped[m[Kâ€™ is not a member of â€˜[01m[Kstd_msgs::msg[m[Kâ€™; did you mean â€˜[01m[Kcustom_msg_srv::msg::Float64Stamped[m[Kâ€™?
[1.838s]    22 |         sub_x = this->create_subscription<std_msgs::msg::[01;31m[KFloat64Stamped[m[K>(
[1.838s]       |                                                          [01;31m[K^~~~~~~~~~~~~~[m[K
[1.838s] In file included from [01m[K/home/isopodin-time/ros2_ws/install/custom_msg_srv/include/custom_msg_srv/msg/float64_stamped.hpp:7[m[K,
[1.838s]                  from [01m[K/home/isopodin-time/ros2_ws/src/muuv_ros/src/muuv_ros/pid_recombiner.cpp:8[m[K:
[1.838s] [01m[K/home/isopodin-time/ros2_ws/install/custom_msg_srv/include/custom_msg_srv/msg/detail/float64_stamped__struct.hpp:138:7:[m[K [01;36m[Knote: [m[Kâ€˜[01m[Kcustom_msg_srv::msg::Float64Stamped[m[Kâ€™ declared here
[1.838s]   138 | using [01;36m[KFloat64Stamped[m[K =
[1.838s]       |       [01;36m[K^~~~~~~~~~~~~~[m[K
[1.838s] [01m[K/home/isopodin-time/ros2_ws/src/muuv_ros/src/muuv_ros/pid_recombiner.cpp:22:58:[m[K [01;31m[Kerror: [m[Kâ€˜[01m[KFloat64Stamped[m[Kâ€™ is not a member of â€˜[01m[Kstd_msgs::msg[m[Kâ€™; did you mean â€˜[01m[Kcustom_msg_srv::msg::Float64Stamped[m[Kâ€™?
[1.838s]    22 |         sub_x = this->create_subscription<std_msgs::msg::[01;31m[KFloat64Stamped[m[K>(
[1.838s]       |                                                          [01;31m[K^~~~~~~~~~~~~~[m[K
[1.838s] In file included from [01m[K/home/isopodin-time/ros2_ws/install/custom_msg_srv/include/custom_msg_srv/msg/float64_stamped.hpp:7[m[K,
[1.838s]                  from [01m[K/home/isopodin-time/ros2_ws/src/muuv_ros/src/muuv_ros/pid_recombiner.cpp:8[m[K:
[1.838s] [01m[K/home/isopodin-time/ros2_ws/install/custom_msg_srv/include/custom_msg_srv/msg/detail/float64_stamped__struct.hpp:138:7:[m[K [01;36m[Knote: [m[Kâ€˜[01m[Kcustom_msg_srv::msg::Float64Stamped[m[Kâ€™ declared here
[1.839s]   138 | using [01;36m[KFloat64Stamped[m[K =
[1.839s]       |       [01;36m[K^~~~~~~~~~~~~~[m[K
[1.847s] [01m[K/home/isopodin-time/ros2_ws/src/muuv_ros/src/muuv_ros/pid_recombiner.cpp:23:92:[m[K [01;31m[Kerror: [m[Kno matching function for call to â€˜[01m[KPid_recombiner::create_subscription<<expression error> >(const char [14], int, std::_Bind_helper<false, void (Pid_recombiner::*)(...), Pid_recombiner*, const std::_Placeholder<1>&>::type)[m[Kâ€™
[1.848s]    23 |             "ctrl_effort_x", 10, std::bind(&Pid_recombiner::ctrl_effort_callback, this, _1)[01;31m[K)[m[K;
[1.848s]       |                                                                                            [01;31m[K^[m[K
[1.848s] In file included from [01m[K/opt/ros/foxy/include/rclcpp/executors/single_threaded_executor.hpp:28[m[K,
[1.848s]                  from [01m[K/opt/ros/foxy/include/rclcpp/executors.hpp:22[m[K,
[1.848s]                  from [01m[K/opt/ros/foxy/include/rclcpp/rclcpp.hpp:146[m[K,
[1.848s]                  from [01m[K/home/isopodin-time/ros2_ws/src/muuv_ros/src/muuv_ros/pid_recombiner.cpp:5[m[K:
[1.848s] [01m[K/opt/ros/foxy/include/rclcpp/node.hpp:213:3:[m[K [01;36m[Knote: [m[Kcandidate: â€˜[01m[Ktemplate<class MessageT, class CallbackT, class AllocatorT, class CallbackMessageT, class SubscriptionT, class MessageMemoryStrategyT> std::shared_ptr<SubscriptionT> rclcpp::Node::create_subscription(const string&, const rclcpp::QoS&, CallbackT&&, const rclcpp::SubscriptionOptionsWithAllocator<AllocatorT>&, typename MessageMemoryStrategyT::SharedPtr)[m[Kâ€™
[1.849s]   213 |   [01;36m[Kcreate_subscription[m[K(
[1.849s]       |   [01;36m[K^~~~~~~~~~~~~~~~~~~[m[K
[1.849s] [01m[K/opt/ros/foxy/include/rclcpp/node.hpp:213:3:[m[K [01;36m[Knote: [m[K  template argument deduction/substitution failed:
[1.849s] [01m[K/home/isopodin-time/ros2_ws/src/muuv_ros/src/muuv_ros/pid_recombiner.cpp:23:92:[m[K [01;31m[Kerror: [m[Ktemplate argument 1 is invalid
[1.849s]    23 |             "ctrl_effort_x", 10, std::bind(&Pid_recombiner::ctrl_effort_callback, this, _1)[01;31m[K)[m[K;
[1.849s]       |                                                                                            [01;31m[K^[m[K
[1.851s] [01m[K/home/isopodin-time/ros2_ws/src/muuv_ros/src/muuv_ros/pid_recombiner.cpp:24:9:[m[K [01;31m[Kerror: [m[Kâ€˜[01m[Ksub_y[m[Kâ€™ was not declared in this scope
[1.851s]    24 |         [01;31m[Ksub_y[m[K = this->create_subscription<std_msgs::msg::Float64Stamped>(
[1.851s]       |         [01;31m[K^~~~~[m[K
[1.851s] [01m[K/home/isopodin-time/ros2_ws/src/muuv_ros/src/muuv_ros/pid_recombiner.cpp:24:58:[m[K [01;31m[Kerror: [m[Kâ€˜[01m[KFloat64Stamped[m[Kâ€™ is not a member of â€˜[01m[Kstd_msgs::msg[m[Kâ€™; did you mean â€˜[01m[Kcustom_msg_srv::msg::Float64Stamped[m[Kâ€™?
[1.852s]    24 |         sub_y = this->create_subscription<std_msgs::msg::[01;31m[KFloat64Stamped[m[K>(
[1.852s]       |                                                          [01;31m[K^~~~~~~~~~~~~~[m[K
[1.852s] In file included from [01m[K/home/isopodin-time/ros2_ws/install/custom_msg_srv/include/custom_msg_srv/msg/float64_stamped.hpp:7[m[K,
[1.852s]                  from [01m[K/home/isopodin-time/ros2_ws/src/muuv_ros/src/muuv_ros/pid_recombiner.cpp:8[m[K:
[1.852s] [01m[K/home/isopodin-time/ros2_ws/install/custom_msg_srv/include/custom_msg_srv/msg/detail/float64_stamped__struct.hpp:138:7:[m[K [01;36m[Knote: [m[Kâ€˜[01m[Kcustom_msg_srv::msg::Float64Stamped[m[Kâ€™ declared here
[1.853s]   138 | using [01;36m[KFloat64Stamped[m[K =
[1.853s]       |       [01;36m[K^~~~~~~~~~~~~~[m[K
[1.853s] [01m[K/home/isopodin-time/ros2_ws/src/muuv_ros/src/muuv_ros/pid_recombiner.cpp:24:58:[m[K [01;31m[Kerror: [m[Kâ€˜[01m[KFloat64Stamped[m[Kâ€™ is not a member of â€˜[01m[Kstd_msgs::msg[m[Kâ€™; did you mean â€˜[01m[Kcustom_msg_srv::msg::Float64Stamped[m[Kâ€™?
[1.853s]    24 |         sub_y = this->create_subscription<std_msgs::msg::[01;31m[KFloat64Stamped[m[K>(
[1.853s]       |                                                          [01;31m[K^~~~~~~~~~~~~~[m[K
[1.853s] In file included from [01m[K/home/isopodin-time/ros2_ws/install/custom_msg_srv/include/custom_msg_srv/msg/float64_stamped.hpp:7[m[K,
[1.853s]                  from [01m[K/home/isopodin-time/ros2_ws/src/muuv_ros/src/muuv_ros/pid_recombiner.cpp:8[m[K:
[1.853s] [01m[K/home/isopodin-time/ros2_ws/install/custom_msg_srv/include/custom_msg_srv/msg/detail/float64_stamped__struct.hpp:138:7:[m[K [01;36m[Knote: [m[Kâ€˜[01m[Kcustom_msg_srv::msg::Float64Stamped[m[Kâ€™ declared here
[1.854s]   138 | using [01;36m[KFloat64Stamped[m[K =
[1.854s]       |       [01;36m[K^~~~~~~~~~~~~~[m[K
[1.854s] [01m[K/home/isopodin-time/ros2_ws/src/muuv_ros/src/muuv_ros/pid_recombiner.cpp:25:92:[m[K [01;31m[Kerror: [m[Kno matching function for call to â€˜[01m[KPid_recombiner::create_subscription<<expression error> >(const char [14], int, std::_Bind_helper<false, void (Pid_recombiner::*)(...), Pid_recombiner*, const std::_Placeholder<1>&>::type)[m[Kâ€™
[1.855s]    25 |             "ctrl_effort_y", 10, std::bind(&Pid_recombiner::ctrl_effort_callback, this, _1)[01;31m[K)[m[K;
[1.855s]       |                                                                                            [01;31m[K^[m[K
[1.855s] In file included from [01m[K/opt/ros/foxy/include/rclcpp/executors/single_threaded_executor.hpp:28[m[K,
[1.855s]                  from [01m[K/opt/ros/foxy/include/rclcpp/executors.hpp:22[m[K,
[1.855s]                  from [01m[K/opt/ros/foxy/include/rclcpp/rclcpp.hpp:146[m[K,
[1.857s]                  from [01m[K/home/isopodin-time/ros2_ws/src/muuv_ros/src/muuv_ros/pid_recombiner.cpp:5[m[K:
[1.859s] [01m[K/opt/ros/foxy/include/rclcpp/node.hpp:213:3:[m[K [01;36m[Knote: [m[Kcandidate: â€˜[01m[Ktemplate<class MessageT, class CallbackT, class AllocatorT, class CallbackMessageT, class SubscriptionT, class MessageMemoryStrategyT> std::shared_ptr<SubscriptionT> rclcpp::Node::create_subscription(const string&, const rclcpp::QoS&, CallbackT&&, const rclcpp::SubscriptionOptionsWithAllocator<AllocatorT>&, typename MessageMemoryStrategyT::SharedPtr)[m[Kâ€™
[1.859s]   213 |   [01;36m[Kcreate_subscription[m[K(
[1.859s]       |   [01;36m[K^~~~~~~~~~~~~~~~~~~[m[K
[1.859s] [01m[K/opt/ros/foxy/include/rclcpp/node.hpp:213:3:[m[K [01;36m[Knote: [m[K  template argument deduction/substitution failed:
[1.859s] [01m[K/home/isopodin-time/ros2_ws/src/muuv_ros/src/muuv_ros/pid_recombiner.cpp:25:92:[m[K [01;31m[Kerror: [m[Ktemplate argument 1 is invalid
[1.859s]    25 |             "ctrl_effort_y", 10, std::bind(&Pid_recombiner::ctrl_effort_callback, this, _1)[01;31m[K)[m[K;
[1.860s]       |                                                                                            [01;31m[K^[m[K
[1.860s] [01m[K/home/isopodin-time/ros2_ws/src/muuv_ros/src/muuv_ros/pid_recombiner.cpp:26:9:[m[K [01;31m[Kerror: [m[Kâ€˜[01m[Ksub_z[m[Kâ€™ was not declared in this scope
[1.860s]    26 |         [01;31m[Ksub_z[m[K = this->create_subscription<std_msgs::msg::Float64Stamped>(
[1.860s]       |         [01;31m[K^~~~~[m[K
[1.860s] [01m[K/home/isopodin-time/ros2_ws/src/muuv_ros/src/muuv_ros/pid_recombiner.cpp:26:58:[m[K [01;31m[Kerror: [m[Kâ€˜[01m[KFloat64Stamped[m[Kâ€™ is not a member of â€˜[01m[Kstd_msgs::msg[m[Kâ€™; did you mean â€˜[01m[Kcustom_msg_srv::msg::Float64Stamped[m[Kâ€™?
[1.860s]    26 |         sub_z = this->create_subscription<std_msgs::msg::[01;31m[KFloat64Stamped[m[K>(
[1.861s]       |                                                          [01;31m[K^~~~~~~~~~~~~~[m[K
[1.861s] In file included from [01m[K/home/isopodin-time/ros2_ws/install/custom_msg_srv/include/custom_msg_srv/msg/float64_stamped.hpp:7[m[K,
[1.861s]                  from [01m[K/home/isopodin-time/ros2_ws/src/muuv_ros/src/muuv_ros/pid_recombiner.cpp:8[m[K:
[1.861s] [01m[K/home/isopodin-time/ros2_ws/install/custom_msg_srv/include/custom_msg_srv/msg/detail/float64_stamped__struct.hpp:138:7:[m[K [01;36m[Knote: [m[Kâ€˜[01m[Kcustom_msg_srv::msg::Float64Stamped[m[Kâ€™ declared here
[1.861s]   138 | using [01;36m[KFloat64Stamped[m[K =
[1.862s]       |       [01;36m[K^~~~~~~~~~~~~~[m[K
[1.862s] [01m[K/home/isopodin-time/ros2_ws/src/muuv_ros/src/muuv_ros/pid_recombiner.cpp:26:58:[m[K [01;31m[Kerror: [m[Kâ€˜[01m[KFloat64Stamped[m[Kâ€™ is not a member of â€˜[01m[Kstd_msgs::msg[m[Kâ€™; did you mean â€˜[01m[Kcustom_msg_srv::msg::Float64Stamped[m[Kâ€™?
[1.862s]    26 |         sub_z = this->create_subscription<std_msgs::msg::[01;31m[KFloat64Stamped[m[K>(
[1.862s]       |                                                          [01;31m[K^~~~~~~~~~~~~~[m[K
[1.862s] In file included from [01m[K/home/isopodin-time/ros2_ws/install/custom_msg_srv/include/custom_msg_srv/msg/float64_stamped.hpp:7[m[K,
[1.862s]                  from [01m[K/home/isopodin-time/ros2_ws/src/muuv_ros/src/muuv_ros/pid_recombiner.cpp:8[m[K:
[1.862s] [01m[K/home/isopodin-time/ros2_ws/install/custom_msg_srv/include/custom_msg_srv/msg/detail/float64_stamped__struct.hpp:138:7:[m[K [01;36m[Knote: [m[Kâ€˜[01m[Kcustom_msg_srv::msg::Float64Stamped[m[Kâ€™ declared here
[1.862s]   138 | using [01;36m[KFloat64Stamped[m[K =
[1.863s]       |       [01;36m[K^~~~~~~~~~~~~~[m[K
[1.863s] [01m[K/home/isopodin-time/ros2_ws/src/muuv_ros/src/muuv_ros/pid_recombiner.cpp:27:92:[m[K [01;31m[Kerror: [m[Kno matching function for call to â€˜[01m[KPid_recombiner::create_subscription<<expression error> >(const char [14], int, std::_Bind_helper<false, void (Pid_recombiner::*)(...), Pid_recombiner*, const std::_Placeholder<1>&>::type)[m[Kâ€™
[1.863s]    27 |             "ctrl_effort_z", 10, std::bind(&Pid_recombiner::ctrl_effort_callback, this, _1)[01;31m[K)[m[K;
[1.863s]       |                                                                                            [01;31m[K^[m[K
[1.863s] In file included from [01m[K/opt/ros/foxy/include/rclcpp/executors/single_threaded_executor.hpp:28[m[K,
[1.863s]                  from [01m[K/opt/ros/foxy/include/rclcpp/executors.hpp:22[m[K,
[1.863s]                  from [01m[K/opt/ros/foxy/include/rclcpp/rclcpp.hpp:146[m[K,
[1.863s]                  from [01m[K/home/isopodin-time/ros2_ws/src/muuv_ros/src/muuv_ros/pid_recombiner.cpp:5[m[K:
[1.864s] [01m[K/opt/ros/foxy/include/rclcpp/node.hpp:213:3:[m[K [01;36m[Knote: [m[Kcandidate: â€˜[01m[Ktemplate<class MessageT, class CallbackT, class AllocatorT, class CallbackMessageT, class SubscriptionT, class MessageMemoryStrategyT> std::shared_ptr<SubscriptionT> rclcpp::Node::create_subscription(const string&, const rclcpp::QoS&, CallbackT&&, const rclcpp::SubscriptionOptionsWithAllocator<AllocatorT>&, typename MessageMemoryStrategyT::SharedPtr)[m[Kâ€™
[1.864s]   213 |   [01;36m[Kcreate_subscription[m[K(
[1.864s]       |   [01;36m[K^~~~~~~~~~~~~~~~~~~[m[K
[1.864s] [01m[K/opt/ros/foxy/include/rclcpp/node.hpp:213:3:[m[K [01;36m[Knote: [m[K  template argument deduction/substitution failed:
[1.864s] [01m[K/home/isopodin-time/ros2_ws/src/muuv_ros/src/muuv_ros/pid_recombiner.cpp:27:92:[m[K [01;31m[Kerror: [m[Ktemplate argument 1 is invalid
[1.864s]    27 |             "ctrl_effort_z", 10, std::bind(&Pid_recombiner::ctrl_effort_callback, this, _1)[01;31m[K)[m[K;
[1.864s]       |                                                                                            [01;31m[K^[m[K
[1.864s] [01m[K/home/isopodin-time/ros2_ws/src/muuv_ros/src/muuv_ros/pid_recombiner.cpp:28:9:[m[K [01;31m[Kerror: [m[Kâ€˜[01m[Ksub_rx[m[Kâ€™ was not declared in this scope
[1.864s]    28 |         [01;31m[Ksub_rx[m[K = this->create_subscription<std_msgs::msg::Float64Stamped>(
[1.864s]       |         [01;31m[K^~~~~~[m[K
[1.865s] [01m[K/home/isopodin-time/ros2_ws/src/muuv_ros/src/muuv_ros/pid_recombiner.cpp:28:59:[m[K [01;31m[Kerror: [m[Kâ€˜[01m[KFloat64Stamped[m[Kâ€™ is not a member of â€˜[01m[Kstd_msgs::msg[m[Kâ€™; did you mean â€˜[01m[Kcustom_msg_srv::msg::Float64Stamped[m[Kâ€™?
[1.865s]    28 |         sub_rx = this->create_subscription<std_msgs::msg::[01;31m[KFloat64Stamped[m[K>(
[1.866s]       |                                                           [01;31m[K^~~~~~~~~~~~~~[m[K
[1.866s] In file included from [01m[K/home/isopodin-time/ros2_ws/install/custom_msg_srv/include/custom_msg_srv/msg/float64_stamped.hpp:7[m[K,
[1.866s]                  from [01m[K/home/isopodin-time/ros2_ws/src/muuv_ros/src/muuv_ros/pid_recombiner.cpp:8[m[K:
[1.866s] [01m[K/home/isopodin-time/ros2_ws/install/custom_msg_srv/include/custom_msg_srv/msg/detail/float64_stamped__struct.hpp:138:7:[m[K [01;36m[Knote: [m[Kâ€˜[01m[Kcustom_msg_srv::msg::Float64Stamped[m[Kâ€™ declared here
[1.866s]   138 | using [01;36m[KFloat64Stamped[m[K =
[1.866s]       |       [01;36m[K^~~~~~~~~~~~~~[m[K
[1.866s] [01m[K/home/isopodin-time/ros2_ws/src/muuv_ros/src/muuv_ros/pid_recombiner.cpp:28:59:[m[K [01;31m[Kerror: [m[Kâ€˜[01m[KFloat64Stamped[m[Kâ€™ is not a member of â€˜[01m[Kstd_msgs::msg[m[Kâ€™; did you mean â€˜[01m[Kcustom_msg_srv::msg::Float64Stamped[m[Kâ€™?
[1.867s]    28 |         sub_rx = this->create_subscription<std_msgs::msg::[01;31m[KFloat64Stamped[m[K>(
[1.867s]       |                                                           [01;31m[K^~~~~~~~~~~~~~[m[K
[1.867s] In file included from [01m[K/home/isopodin-time/ros2_ws/install/custom_msg_srv/include/custom_msg_srv/msg/float64_stamped.hpp:7[m[K,
[1.867s]                  from [01m[K/home/isopodin-time/ros2_ws/src/muuv_ros/src/muuv_ros/pid_recombiner.cpp:8[m[K:
[1.867s] [01m[K/home/isopodin-time/ros2_ws/install/custom_msg_srv/include/custom_msg_srv/msg/detail/float64_stamped__struct.hpp:138:7:[m[K [01;36m[Knote: [m[Kâ€˜[01m[Kcustom_msg_srv::msg::Float64Stamped[m[Kâ€™ declared here
[1.867s]   138 | using [01;36m[KFloat64Stamped[m[K =
[1.867s]       |       [01;36m[K^~~~~~~~~~~~~~[m[K
[1.867s] [01m[K/home/isopodin-time/ros2_ws/src/muuv_ros/src/muuv_ros/pid_recombiner.cpp:29:93:[m[K [01;31m[Kerror: [m[Kno matching function for call to â€˜[01m[KPid_recombiner::create_subscription<<expression error> >(const char [15], int, std::_Bind_helper<false, void (Pid_recombiner::*)(...), Pid_recombiner*, const std::_Placeholder<1>&>::type)[m[Kâ€™
[1.867s]    29 |             "ctrl_effort_rx", 10, std::bind(&Pid_recombiner::ctrl_effort_callback, this, _1)[01;31m[K)[m[K;
[1.868s]       |                                                                                             [01;31m[K^[m[K
[1.868s] In file included from [01m[K/opt/ros/foxy/include/rclcpp/executors/single_threaded_executor.hpp:28[m[K,
[1.868s]                  from [01m[K/opt/ros/foxy/include/rclcpp/executors.hpp:22[m[K,
[1.868s]                  from [01m[K/opt/ros/foxy/include/rclcpp/rclcpp.hpp:146[m[K,
[1.868s]                  from [01m[K/home/isopodin-time/ros2_ws/src/muuv_ros/src/muuv_ros/pid_recombiner.cpp:5[m[K:
[1.868s] [01m[K/opt/ros/foxy/include/rclcpp/node.hpp:213:3:[m[K [01;36m[Knote: [m[Kcandidate: â€˜[01m[Ktemplate<class MessageT, class CallbackT, class AllocatorT, class CallbackMessageT, class SubscriptionT, class MessageMemoryStrategyT> std::shared_ptr<SubscriptionT> rclcpp::Node::create_subscription(const string&, const rclcpp::QoS&, CallbackT&&, const rclcpp::SubscriptionOptionsWithAllocator<AllocatorT>&, typename MessageMemoryStrategyT::SharedPtr)[m[Kâ€™
[1.868s]   213 |   [01;36m[Kcreate_subscription[m[K(
[1.869s]       |   [01;36m[K^~~~~~~~~~~~~~~~~~~[m[K
[1.869s] [01m[K/opt/ros/foxy/include/rclcpp/node.hpp:213:3:[m[K [01;36m[Knote: [m[K  template argument deduction/substitution failed:
[1.869s] [01m[K/home/isopodin-time/ros2_ws/src/muuv_ros/src/muuv_ros/pid_recombiner.cpp:29:93:[m[K [01;31m[Kerror: [m[Ktemplate argument 1 is invalid
[1.869s]    29 |             "ctrl_effort_rx", 10, std::bind(&Pid_recombiner::ctrl_effort_callback, this, _1)[01;31m[K)[m[K;
[1.869s]       |                                                                                             [01;31m[K^[m[K
[1.869s] [01m[K/home/isopodin-time/ros2_ws/src/muuv_ros/src/muuv_ros/pid_recombiner.cpp:30:9:[m[K [01;31m[Kerror: [m[Kâ€˜[01m[Ksub_ry[m[Kâ€™ was not declared in this scope
[1.870s]    30 |         [01;31m[Ksub_ry[m[K = this->create_subscription<std_msgs::msg::Float64Stamped>(
[1.870s]       |         [01;31m[K^~~~~~[m[K
[1.870s] [01m[K/home/isopodin-time/ros2_ws/src/muuv_ros/src/muuv_ros/pid_recombiner.cpp:30:59:[m[K [01;31m[Kerror: [m[Kâ€˜[01m[KFloat64Stamped[m[Kâ€™ is not a member of â€˜[01m[Kstd_msgs::msg[m[Kâ€™; did you mean â€˜[01m[Kcustom_msg_srv::msg::Float64Stamped[m[Kâ€™?
[1.870s]    30 |         sub_ry = this->create_subscription<std_msgs::msg::[01;31m[KFloat64Stamped[m[K>(
[1.870s]       |                                                           [01;31m[K^~~~~~~~~~~~~~[m[K
[1.870s] In file included from [01m[K/home/isopodin-time/ros2_ws/install/custom_msg_srv/include/custom_msg_srv/msg/float64_stamped.hpp:7[m[K,
[1.870s]                  from [01m[K/home/isopodin-time/ros2_ws/src/muuv_ros/src/muuv_ros/pid_recombiner.cpp:8[m[K:
[1.870s] [01m[K/home/isopodin-time/ros2_ws/install/custom_msg_srv/include/custom_msg_srv/msg/detail/float64_stamped__struct.hpp:138:7:[m[K [01;36m[Knote: [m[Kâ€˜[01m[Kcustom_msg_srv::msg::Float64Stamped[m[Kâ€™ declared here
[1.870s]   138 | using [01;36m[KFloat64Stamped[m[K =
[1.870s]       |       [01;36m[K^~~~~~~~~~~~~~[m[K
[1.870s] [01m[K/home/isopodin-time/ros2_ws/src/muuv_ros/src/muuv_ros/pid_recombiner.cpp:30:59:[m[K [01;31m[Kerror: [m[Kâ€˜[01m[KFloat64Stamped[m[Kâ€™ is not a member of â€˜[01m[Kstd_msgs::msg[m[Kâ€™; did you mean â€˜[01m[Kcustom_msg_srv::msg::Float64Stamped[m[Kâ€™?
[1.871s]    30 |         sub_ry = this->create_subscription<std_msgs::msg::[01;31m[KFloat64Stamped[m[K>(
[1.871s]       |                                                           [01;31m[K^~~~~~~~~~~~~~[m[K
[1.871s] In file included from [01m[K/home/isopodin-time/ros2_ws/install/custom_msg_srv/include/custom_msg_srv/msg/float64_stamped.hpp:7[m[K,
[1.871s]                  from [01m[K/home/isopodin-time/ros2_ws/src/muuv_ros/src/muuv_ros/pid_recombiner.cpp:8[m[K:
[1.871s] [01m[K/home/isopodin-time/ros2_ws/install/custom_msg_srv/include/custom_msg_srv/msg/detail/float64_stamped__struct.hpp:138:7:[m[K [01;36m[Knote: [m[Kâ€˜[01m[Kcustom_msg_srv::msg::Float64Stamped[m[Kâ€™ declared here
[1.871s]   138 | using [01;36m[KFloat64Stamped[m[K =
[1.871s]       |       [01;36m[K^~~~~~~~~~~~~~[m[K
[1.871s] [01m[K/home/isopodin-time/ros2_ws/src/muuv_ros/src/muuv_ros/pid_recombiner.cpp:31:93:[m[K [01;31m[Kerror: [m[Kno matching function for call to â€˜[01m[KPid_recombiner::create_subscription<<expression error> >(const char [15], int, std::_Bind_helper<false, void (Pid_recombiner::*)(...), Pid_recombiner*, const std::_Placeholder<1>&>::type)[m[Kâ€™
[1.871s]    31 |             "ctrl_effort_ry", 10, std::bind(&Pid_recombiner::ctrl_effort_callback, this, _1)[01;31m[K)[m[K;
[1.872s]       |                                                                                             [01;31m[K^[m[K
[1.872s] In file included from [01m[K/opt/ros/foxy/include/rclcpp/executors/single_threaded_executor.hpp:28[m[K,
[1.872s]                  from [01m[K/opt/ros/foxy/include/rclcpp/executors.hpp:22[m[K,
[1.872s]                  from [01m[K/opt/ros/foxy/include/rclcpp/rclcpp.hpp:146[m[K,
[1.872s]                  from [01m[K/home/isopodin-time/ros2_ws/src/muuv_ros/src/muuv_ros/pid_recombiner.cpp:5[m[K:
[1.872s] [01m[K/opt/ros/foxy/include/rclcpp/node.hpp:213:3:[m[K [01;36m[Knote: [m[Kcandidate: â€˜[01m[Ktemplate<class MessageT, class CallbackT, class AllocatorT, class CallbackMessageT, class SubscriptionT, class MessageMemoryStrategyT> std::shared_ptr<SubscriptionT> rclcpp::Node::create_subscription(const string&, const rclcpp::QoS&, CallbackT&&, const rclcpp::SubscriptionOptionsWithAllocator<AllocatorT>&, typename MessageMemoryStrategyT::SharedPtr)[m[Kâ€™
[1.872s]   213 |   [01;36m[Kcreate_subscription[m[K(
[1.873s]       |   [01;36m[K^~~~~~~~~~~~~~~~~~~[m[K
[1.873s] [01m[K/opt/ros/foxy/include/rclcpp/node.hpp:213:3:[m[K [01;36m[Knote: [m[K  template argument deduction/substitution failed:
[1.873s] [01m[K/home/isopodin-time/ros2_ws/src/muuv_ros/src/muuv_ros/pid_recombiner.cpp:31:93:[m[K [01;31m[Kerror: [m[Ktemplate argument 1 is invalid
[1.873s]    31 |             "ctrl_effort_ry", 10, std::bind(&Pid_recombiner::ctrl_effort_callback, this, _1)[01;31m[K)[m[K;
[1.873s]       |                                                                                             [01;31m[K^[m[K
[1.874s] [01m[K/home/isopodin-time/ros2_ws/src/muuv_ros/src/muuv_ros/pid_recombiner.cpp:32:9:[m[K [01;31m[Kerror: [m[Kâ€˜[01m[Ksub_rz[m[Kâ€™ was not declared in this scope
[1.874s]    32 |         [01;31m[Ksub_rz[m[K = this->create_subscription<std_msgs::msg::Float64Stamped>(
[1.874s]       |         [01;31m[K^~~~~~[m[K
[1.874s] [01m[K/home/isopodin-time/ros2_ws/src/muuv_ros/src/muuv_ros/pid_recombiner.cpp:32:59:[m[K [01;31m[Kerror: [m[Kâ€˜[01m[KFloat64Stamped[m[Kâ€™ is not a member of â€˜[01m[Kstd_msgs::msg[m[Kâ€™; did you mean â€˜[01m[Kcustom_msg_srv::msg::Float64Stamped[m[Kâ€™?
[1.874s]    32 |         sub_rz = this->create_subscription<std_msgs::msg::[01;31m[KFloat64Stamped[m[K>(
[1.874s]       |                                                           [01;31m[K^~~~~~~~~~~~~~[m[K
[1.875s] In file included from [01m[K/home/isopodin-time/ros2_ws/install/custom_msg_srv/include/custom_msg_srv/msg/float64_stamped.hpp:7[m[K,
[1.875s]                  from [01m[K/home/isopodin-time/ros2_ws/src/muuv_ros/src/muuv_ros/pid_recombiner.cpp:8[m[K:
[1.875s] [01m[K/home/isopodin-time/ros2_ws/install/custom_msg_srv/include/custom_msg_srv/msg/detail/float64_stamped__struct.hpp:138:7:[m[K [01;36m[Knote: [m[Kâ€˜[01m[Kcustom_msg_srv::msg::Float64Stamped[m[Kâ€™ declared here
[1.875s]   138 | using [01;36m[KFloat64Stamped[m[K =
[1.875s]       |       [01;36m[K^~~~~~~~~~~~~~[m[K
[1.875s] [01m[K/home/isopodin-time/ros2_ws/src/muuv_ros/src/muuv_ros/pid_recombiner.cpp:32:59:[m[K [01;31m[Kerror: [m[Kâ€˜[01m[KFloat64Stamped[m[Kâ€™ is not a member of â€˜[01m[Kstd_msgs::msg[m[Kâ€™; did you mean â€˜[01m[Kcustom_msg_srv::msg::Float64Stamped[m[Kâ€™?
[1.875s]    32 |         sub_rz = this->create_subscription<std_msgs::msg::[01;31m[KFloat64Stamped[m[K>(
[1.876s]       |                                                           [01;31m[K^~~~~~~~~~~~~~[m[K
[1.876s] In file included from [01m[K/home/isopodin-time/ros2_ws/install/custom_msg_srv/include/custom_msg_srv/msg/float64_stamped.hpp:7[m[K,
[1.876s]                  from [01m[K/home/isopodin-time/ros2_ws/src/muuv_ros/src/muuv_ros/pid_recombiner.cpp:8[m[K:
[1.876s] [01m[K/home/isopodin-time/ros2_ws/install/custom_msg_srv/include/custom_msg_srv/msg/detail/float64_stamped__struct.hpp:138:7:[m[K [01;36m[Knote: [m[Kâ€˜[01m[Kcustom_msg_srv::msg::Float64Stamped[m[Kâ€™ declared here
[1.876s]   138 | using [01;36m[KFloat64Stamped[m[K =
[1.876s]       |       [01;36m[K^~~~~~~~~~~~~~[m[K
[1.876s] [01m[K/home/isopodin-time/ros2_ws/src/muuv_ros/src/muuv_ros/pid_recombiner.cpp:33:93:[m[K [01;31m[Kerror: [m[Kno matching function for call to â€˜[01m[KPid_recombiner::create_subscription<<expression error> >(const char [15], int, std::_Bind_helper<false, void (Pid_recombiner::*)(...), Pid_recombiner*, const std::_Placeholder<1>&>::type)[m[Kâ€™
[1.877s]    33 |             "ctrl_effort_rz", 10, std::bind(&Pid_recombiner::ctrl_effort_callback, this, _1)[01;31m[K)[m[K;
[1.877s]       |                                                                                             [01;31m[K^[m[K
[1.877s] In file included from [01m[K/opt/ros/foxy/include/rclcpp/executors/single_threaded_executor.hpp:28[m[K,
[1.877s]                  from [01m[K/opt/ros/foxy/include/rclcpp/executors.hpp:22[m[K,
[1.877s]                  from [01m[K/opt/ros/foxy/include/rclcpp/rclcpp.hpp:146[m[K,
[1.877s]                  from [01m[K/home/isopodin-time/ros2_ws/src/muuv_ros/src/muuv_ros/pid_recombiner.cpp:5[m[K:
[1.877s] [01m[K/opt/ros/foxy/include/rclcpp/node.hpp:213:3:[m[K [01;36m[Knote: [m[Kcandidate: â€˜[01m[Ktemplate<class MessageT, class CallbackT, class AllocatorT, class CallbackMessageT, class SubscriptionT, class MessageMemoryStrategyT> std::shared_ptr<SubscriptionT> rclcpp::Node::create_subscription(const string&, const rclcpp::QoS&, CallbackT&&, const rclcpp::SubscriptionOptionsWithAllocator<AllocatorT>&, typename MessageMemoryStrategyT::SharedPtr)[m[Kâ€™
[1.877s]   213 |   [01;36m[Kcreate_subscription[m[K(
[1.878s]       |   [01;36m[K^~~~~~~~~~~~~~~~~~~[m[K
[1.878s] [01m[K/opt/ros/foxy/include/rclcpp/node.hpp:213:3:[m[K [01;36m[Knote: [m[K  template argument deduction/substitution failed:
[1.878s] [01m[K/home/isopodin-time/ros2_ws/src/muuv_ros/src/muuv_ros/pid_recombiner.cpp:33:93:[m[K [01;31m[Kerror: [m[Ktemplate argument 1 is invalid
[1.878s]    33 |             "ctrl_effort_rz", 10, std::bind(&Pid_recombiner::ctrl_effort_callback, this, _1)[01;31m[K)[m[K;
[1.878s]       |                                                                                             [01;31m[K^[m[K
[2.849s] make[2]: *** [CMakeFiles/pid_recombiner.dir/build.make:63: CMakeFiles/pid_recombiner.dir/src/muuv_ros/pid_recombiner.cpp.o] Error 1
[2.850s] make[1]: *** [CMakeFiles/Makefile2:109: CMakeFiles/pid_recombiner.dir/all] Error 2
[2.850s] make: *** [Makefile:141: all] Error 2
[2.852s] Invoked command in '/home/isopodin-time/ros2_ws/build/muuv_ros' returned '2': CMAKE_PREFIX_PATH=/home/isopodin-time/ros2_ws/install/custom_msg_srv:/home/isopodin-time/ros2_ws/install/pid_component:/home/isopodin-time/ros2_ws/install/plankton:/home/isopodin-time/ros2_ws/install/uuv_simulator:/home/isopodin-time/ros2_ws/install/uuv_world_ros_plugins:/home/isopodin-time/ros2_ws/install/uuv_tutorials:/home/isopodin-time/ros2_ws/install/uuv_tutorial_dp_controller:/home/isopodin-time/ros2_ws/install/uuv_tutorial_disturbances:/home/isopodin-time/ros2_ws/install/uuv_control_utils:/home/isopodin-time/ros2_ws/install/uuv_world_ros_plugins_msgs:/home/isopodin-time/ros2_ws/install/uuv_world_plugins:/home/isopodin-time/ros2_ws/install/uuv_tutorial_seabed_world:/home/isopodin-time/ros2_ws/install/uuv_trajectory_control:/home/isopodin-time/ros2_ws/install/uuv_teleop:/home/isopodin-time/ros2_ws/install/uuv_thruster_manager:/home/isopodin-time/ros2_ws/install/uuv_descriptions:/home/isopodin-time/ros2_ws/install/uuv_sensor_ros_plugins:/home/isopodin-time/ros2_ws/install/uuv_sensor_ros_plugins_msgs:/home/isopodin-time/ros2_ws/install/uuv_gazebo_worlds:/home/isopodin-time/ros2_ws/install/uuv_gazebo_ros_plugins:/home/isopodin-time/ros2_ws/install/uuv_gazebo_ros_plugins_msgs:/home/isopodin-time/ros2_ws/install/uuv_gazebo_plugins:/home/isopodin-time/ros2_ws/install/uuv_gazebo:/home/isopodin-time/ros2_ws/install/uuv_control_msgs:/home/isopodin-time/ros2_ws/install/uuv_control_cascaded_pid:/home/isopodin-time/ros2_ws/install/uuv_auv_control_allocator:/home/isopodin-time/ros2_ws/install/uuv_assistants:/home/isopodin-time/ros2_ws/install/muuv_sim:/home/isopodin-time/ros2_ws/install/test_sim:/home/isopodin-time/ros2_ws/install/plankton_utils:/home/isopodin-time/ros2_ws/install/muuv_sim_description:/home/isopodin-time/ros2_ws/install/muuv_sim_control:/home/isopodin-time/ros2_ws/install/muuv_ros:/opt/ros/foxy LD_LIBRARY_PATH=/home/isopodin-time/ros2_ws/install/custom_msg_srv/lib:/home/isopodin-time/ros2_ws/install/pid_component/lib:/home/isopodin-time/ros2_ws/install/uuv_world_ros_plugins/lib:/home/isopodin-time/ros2_ws/install/uuv_world_ros_plugins_msgs/lib:/home/isopodin-time/ros2_ws/install/uuv_world_plugins/lib:/home/isopodin-time/ros2_ws/install/uuv_thruster_manager/lib:/home/isopodin-time/ros2_ws/install/uuv_sensor_ros_plugins/lib:/home/isopodin-time/ros2_ws/install/uuv_sensor_ros_plugins_msgs/lib:/home/isopodin-time/ros2_ws/install/uuv_gazebo_ros_plugins/lib:/home/isopodin-time/ros2_ws/install/uuv_gazebo_ros_plugins_msgs/lib:/home/isopodin-time/ros2_ws/install/uuv_gazebo_plugins/lib:/home/isopodin-time/ros2_ws/install/uuv_control_msgs/lib:/home/isopodin-time/ros2_ws/install/uuv_auv_control_allocator/lib:/usr/lib/x86_64-linux-gnu/gazebo-11/plugins:/opt/ros/foxy/opt/yaml_cpp_vendor/lib:/opt/ros/foxy/opt/rviz_ogre_vendor/lib:/opt/ros/foxy/lib/x86_64-linux-gnu:/opt/ros/foxy/lib:/usr/lib/x86_64-linux-gnu/gazebo-11/plugins:/usr/lib/x86_64-linux-gnu/gazebo-11/plugins:/usr/lib/x86_64-linux-gnu/gazebo-11/plugins:/usr/lib/x86_64-linux-gnu/gazebo-11/plugins:/usr/lib/x86_64-linux-gnu/gazebo-11/plugins:/usr/lib/x86_64-linux-gnu/gazebo-11/plugins /usr/bin/cmake --build /home/isopodin-time/ros2_ws/build/muuv_ros -- -j8 -l8
