[35m[1mScanning dependencies of target sensors[0m
[ 33%] Built target thrusters
[ 55%] Built target pid
[ 66%] [32mBuilding CXX object CMakeFiles/sensors.dir/src/xsens_mti_i2c/MTi.cpp.o[0m
[01m[K/home/isopodin-time/ros2_ws/src/muuv_ros/src/xsens_mti_i2c/MTi.cpp:[m[K In member function â€˜[01m[Kbool MTi::sendMessage(char*, uint8_t)[m[Kâ€™:
[01m[K/home/isopodin-time/ros2_ws/src/muuv_ros/src/xsens_mti_i2c/MTi.cpp:617:26:[m[K [01;31m[Kerror: [m[Kâ€˜[01m[Kmessage_cs[m[Kâ€™ was not declared in this scope; did you mean â€˜[01m[Kmessage_2[m[Kâ€™?
  617 |   message_2 = (uint8_t *)[01;31m[Kmessage_cs[m[K;
      |                          [01;31m[K^~~~~~~~~~[m[K
      |                          [32m[Kmessage_2[m[K
make[2]: *** [CMakeFiles/sensors.dir/build.make:89: CMakeFiles/sensors.dir/src/xsens_mti_i2c/MTi.cpp.o] Error 1
make[1]: *** [CMakeFiles/Makefile2:109: CMakeFiles/sensors.dir/all] Error 2
make: *** [Makefile:141: all] Error 2
