[0.036s] Invoking command in '/home/isopodin-time/ros2_ws/build/muuv_ros': CMAKE_PREFIX_PATH=${CMAKE_PREFIX_PATH}:/opt/ros/foxy /usr/bin/cmake --build /home/isopodin-time/ros2_ws/build/muuv_ros -- -j8 -l8
[0.152s] [35m[1mScanning dependencies of target sensors[0m
[0.189s] [ 33%] Built target thrusters
[0.197s] [ 55%] Built target pid
[0.203s] [ 66%] [32mBuilding CXX object CMakeFiles/sensors.dir/src/xsens_mti_i2c/MTi.cpp.o[0m
[1.040s] [01m[K/home/isopodin-time/ros2_ws/src/muuv_ros/src/xsens_mti_i2c/MTi.cpp:[m[K In member function â€˜[01m[Kbool MTi::sendMessage(char*, uint8_t)[m[Kâ€™:
[1.040s] [01m[K/home/isopodin-time/ros2_ws/src/muuv_ros/src/xsens_mti_i2c/MTi.cpp:617:26:[m[K [01;31m[Kerror: [m[Kâ€˜[01m[Kmessage_cs[m[Kâ€™ was not declared in this scope; did you mean â€˜[01m[Kmessage_2[m[Kâ€™?
[1.040s]   617 |   message_2 = (uint8_t *)[01;31m[Kmessage_cs[m[K;
[1.040s]       |                          [01;31m[K^~~~~~~~~~[m[K
[1.040s]       |                          [32m[Kmessage_2[m[K
[1.142s] make[2]: *** [CMakeFiles/sensors.dir/build.make:89: CMakeFiles/sensors.dir/src/xsens_mti_i2c/MTi.cpp.o] Error 1
[1.143s] make[1]: *** [CMakeFiles/Makefile2:109: CMakeFiles/sensors.dir/all] Error 2
[1.143s] make: *** [Makefile:141: all] Error 2
[1.151s] Invoked command in '/home/isopodin-time/ros2_ws/build/muuv_ros' returned '2': CMAKE_PREFIX_PATH=${CMAKE_PREFIX_PATH}:/opt/ros/foxy /usr/bin/cmake --build /home/isopodin-time/ros2_ws/build/muuv_ros -- -j8 -l8
