[35m[1mScanning dependencies of target sensors[0m
[ 55%] Built target pid
[ 55%] Built target thrusters
[ 66%] [32mBuilding CXX object CMakeFiles/sensors.dir/src/muuv_ros/sensors.cpp.o[0m
In file included from [01m[K/home/isopodin-time/ros2_ws/src/muuv_ros/src/muuv_ros/sensors.cpp:1[m[K:
[01m[K/home/isopodin-time/ros2_ws/src/muuv_ros/include/muuv_ros/sensors.hpp:29:12:[m[K [01;31m[Kerror: [m[Kredeclaration of â€˜[01m[Ksize_t Sensors::count_[m[Kâ€™
   29 |     size_t [01;31m[Kcount_[m[K;
      |            [01;31m[K^~~~~~[m[K
[01m[K/home/isopodin-time/ros2_ws/src/muuv_ros/include/muuv_ros/sensors.hpp:26:12:[m[K [01;36m[Knote: [m[Kprevious declaration â€˜[01m[Ksize_t Sensors::count_[m[Kâ€™
   26 |     size_t [01;36m[Kcount_[m[K;
      |            [01;36m[K^~~~~~[m[K
make[2]: *** [CMakeFiles/sensors.dir/build.make:63: CMakeFiles/sensors.dir/src/muuv_ros/sensors.cpp.o] Error 1
make[1]: *** [CMakeFiles/Makefile2:109: CMakeFiles/sensors.dir/all] Error 2
make: *** [Makefile:141: all] Error 2
