[0.025s] Invoking command in '/home/isopodin-time/ros2_ws/build/muuv_ros': CMAKE_PREFIX_PATH=${CMAKE_PREFIX_PATH}:/opt/ros/foxy /usr/bin/cmake --build /home/isopodin-time/ros2_ws/build/muuv_ros -- -j8 -l8
[0.087s] [35m[1mScanning dependencies of target sensors[0m
[0.114s] [ 55%] Built target pid
[0.114s] [ 55%] Built target thrusters
[0.140s] [ 66%] [32mBuilding CXX object CMakeFiles/sensors.dir/src/muuv_ros/sensors.cpp.o[0m
[1.510s] In file included from [01m[K/home/isopodin-time/ros2_ws/src/muuv_ros/src/muuv_ros/sensors.cpp:1[m[K:
[1.510s] [01m[K/home/isopodin-time/ros2_ws/src/muuv_ros/include/muuv_ros/sensors.hpp:29:12:[m[K [01;31m[Kerror: [m[Kredeclaration of â€˜[01m[Ksize_t Sensors::count_[m[Kâ€™
[1.510s]    29 |     size_t [01;31m[Kcount_[m[K;
[1.510s]       |            [01;31m[K^~~~~~[m[K
[1.510s] [01m[K/home/isopodin-time/ros2_ws/src/muuv_ros/include/muuv_ros/sensors.hpp:26:12:[m[K [01;36m[Knote: [m[Kprevious declaration â€˜[01m[Ksize_t Sensors::count_[m[Kâ€™
[1.510s]    26 |     size_t [01;36m[Kcount_[m[K;
[1.510s]       |            [01;36m[K^~~~~~[m[K
[2.466s] make[2]: *** [CMakeFiles/sensors.dir/build.make:63: CMakeFiles/sensors.dir/src/muuv_ros/sensors.cpp.o] Error 1
[2.466s] make[1]: *** [CMakeFiles/Makefile2:109: CMakeFiles/sensors.dir/all] Error 2
[2.466s] make: *** [Makefile:141: all] Error 2
[2.468s] Invoked command in '/home/isopodin-time/ros2_ws/build/muuv_ros' returned '2': CMAKE_PREFIX_PATH=${CMAKE_PREFIX_PATH}:/opt/ros/foxy /usr/bin/cmake --build /home/isopodin-time/ros2_ws/build/muuv_ros -- -j8 -l8
