[01m[K/home/isopodin-time/ros2_ws/src/pid_component/src/pid_component/pid_component.cpp:[m[K In constructor â€˜[01m[KPid_component::Pid_component(const rclcpp::NodeOptions&)[m[Kâ€™:
[01m[K/home/isopodin-time/ros2_ws/src/pid_component/src/pid_component/pid_component.cpp:4:85:[m[K [01;31m[Kerror: [m[Ktype â€˜[01m[Kcontrol_toolbox::Pid[m[Kâ€™ is not a direct base of â€˜[01m[KPid_component[m[Kâ€™
    4 |                                                                    control_toolbox::[01;31m[KPid[m[K pid()
      |                                                                                     [01;31m[K^~~[m[K
[01m[K/home/isopodin-time/ros2_ws/src/pid_component/src/pid_component/pid_component.cpp:4:89:[m[K [01;31m[Kerror: [m[Kexpected â€˜[01m[K([m[Kâ€™ before â€˜[01m[Kpid[m[Kâ€™
    4 |                                                                    control_toolbox::Pid [01;31m[Kp[m[K[32m[Kid[m[K()
      |                                                                                         [01;31m[K^[m[K[32m[K~~[m[K
      |                                                                                         [32m[K([m[K
[01m[K/home/isopodin-time/ros2_ws/src/pid_component/src/pid_component/pid_component.cpp:4:89:[m[K [01;31m[Kerror: [m[Kexpected â€˜[01m[K{[m[Kâ€™ before â€˜[01m[Kpid[m[Kâ€™
    4 |                                                                    control_toolbox::Pid [01;31m[Kpid[m[K()
      |                                                                                         [01;31m[K^~~[m[K
[01m[K/home/isopodin-time/ros2_ws/src/pid_component/src/pid_component/pid_component.cpp:[m[K At global scope:
[01m[K/home/isopodin-time/ros2_ws/src/pid_component/src/pid_component/pid_component.cpp:4:93:[m[K [01;31m[Kerror: [m[KISO C++ forbids declaration of â€˜[01m[Kpid[m[Kâ€™ with no type [[01;31m[K-fpermissive[m[K]
    4 |                                                                    control_toolbox::Pid pid([01;31m[K)[m[K
      |                                                                                             [01;31m[K^[m[K
[01m[K/home/isopodin-time/ros2_ws/src/pid_component/src/pid_component/pid_component.cpp:[m[K In function â€˜[01m[Kint pid()[m[Kâ€™:
[01m[K/home/isopodin-time/ros2_ws/src/pid_component/src/pid_component/pid_component.cpp:7:5:[m[K [01;31m[Kerror: [m[Kinvalid use of â€˜[01m[Kthis[m[Kâ€™ in non-member function
    7 |     [01;31m[Kthis[m[K->node_->declare_parameter("ctrl_effort_name", "ctrl_effort");
      |     [01;31m[K^~~~[m[K
[01m[K/home/isopodin-time/ros2_ws/src/pid_component/src/pid_component/pid_component.cpp:8:5:[m[K [01;31m[Kerror: [m[Kinvalid use of â€˜[01m[Kthis[m[Kâ€™ in non-member function
    8 |     [01;31m[Kthis[m[K->node_->declare_parameter("setpoint_name", "setpoint");
      |     [01;31m[K^~~~[m[K
[01m[K/home/isopodin-time/ros2_ws/src/pid_component/src/pid_component/pid_component.cpp:9:5:[m[K [01;31m[Kerror: [m[Kinvalid use of â€˜[01m[Kthis[m[Kâ€™ in non-member function
    9 |     [01;31m[Kthis[m[K->node_->declare_parameter("state_name", "state");
      |     [01;31m[K^~~~[m[K
[01m[K/home/isopodin-time/ros2_ws/src/pid_component/src/pid_component/pid_component.cpp:10:9:[m[K [01;31m[Kerror: [m[Krequest for member â€˜[01m[KinitPid[m[Kâ€™ in â€˜[01m[Kpid[m[Kâ€™, which is of non-class type â€˜[01m[Kint()[m[Kâ€™
   10 |     pid.[01;31m[KinitPid[m[K(1.0, 1.0, 1.0, 5.0, -5.0, false);
      |         [01;31m[K^~~~~~~[m[K
[01m[K/home/isopodin-time/ros2_ws/src/pid_component/src/pid_component/pid_component.cpp:20:5:[m[K [01;31m[Kerror: [m[Kâ€˜[01m[Kctrl_effort[m[Kâ€™ was not declared in this scope
   20 |     [01;31m[Kctrl_effort[m[K = this->node_->create_publisher<custom_msg_srv::msg::Float64Stamped>(this->node_->get_parameter("ctrl_effort_name").as_string(),
      |     [01;31m[K^~~~~~~~~~~[m[K
[01m[K/home/isopodin-time/ros2_ws/src/pid_component/src/pid_component/pid_component.cpp:20:19:[m[K [01;31m[Kerror: [m[Kinvalid use of â€˜[01m[Kthis[m[Kâ€™ in non-member function
   20 |     ctrl_effort = [01;31m[Kthis[m[K->node_->create_publisher<custom_msg_srv::msg::Float64Stamped>(this->node_->get_parameter("ctrl_effort_name").as_string(),
      |                   [01;31m[K^~~~[m[K
[01m[K/home/isopodin-time/ros2_ws/src/pid_component/src/pid_component/pid_component.cpp:20:84:[m[K [01;31m[Kerror: [m[Kexpected primary-expression before â€˜[01m[K>[m[Kâ€™ token
   20 |     ctrl_effort = this->node_->create_publisher<custom_msg_srv::msg::Float64Stamped[01;31m[K>[m[K(this->node_->get_parameter("ctrl_effort_name").as_string(),
      |                                                                                    [01;31m[K^[m[K
[01m[K/home/isopodin-time/ros2_ws/src/pid_component/src/pid_component/pid_component.cpp:20:86:[m[K [01;31m[Kerror: [m[Kinvalid use of â€˜[01m[Kthis[m[Kâ€™ in non-member function
   20 |     ctrl_effort = this->node_->create_publisher<custom_msg_srv::msg::Float64Stamped>([01;31m[Kthis[m[K->node_->get_parameter("ctrl_effort_name").as_string(),
      |                                                                                      [01;31m[K^~~~[m[K
[01m[K/home/isopodin-time/ros2_ws/src/pid_component/src/pid_component/pid_component.cpp:26:10:[m[K [01;31m[Kerror: [m[Kinvalid use of â€˜[01m[Kthis[m[Kâ€™ in non-member function
   26 |         [[01;31m[Kthis[m[K](const typename std_msgs::msg::Float64::SharedPtr setpoint) -> void
      |          [01;31m[K^~~~[m[K
[01m[K/home/isopodin-time/ros2_ws/src/pid_component/src/pid_component/pid_component.cpp:[m[K In lambda function:
[01m[K/home/isopodin-time/ros2_ws/src/pid_component/src/pid_component/pid_component.cpp:28:9:[m[K [01;31m[Kerror: [m[Kâ€˜[01m[Ksetpoint_[m[Kâ€™ was not declared in this scope; did you mean â€˜[01m[Ksetpoint[m[Kâ€™?
   28 |         [01;31m[Ksetpoint_[m[K = setpoint->data;
      |         [01;31m[K^~~~~~~~~[m[K
      |         [32m[Ksetpoint[m[K
[01m[K/home/isopodin-time/ros2_ws/src/pid_component/src/pid_component/pid_component.cpp:31:29:[m[K [01;31m[Kerror: [m[Kâ€˜[01m[Kthis[m[Kâ€™ was not captured for this lambda function
   31 |         msg->header.stamp = [01;31m[Kthis[m[K->node_->now();
      |                             [01;31m[K^~~~[m[K
[01m[K/home/isopodin-time/ros2_ws/src/pid_component/src/pid_component/pid_component.cpp:32:9:[m[K [01;31m[Kerror: [m[Kâ€˜[01m[Kctrl_effort[m[Kâ€™ is not captured
   32 |         [01;31m[Kctrl_effort[m[K->publish(std::move(msg));
      |         [01;31m[K^~~~~~~~~~~[m[K
[01m[K/home/isopodin-time/ros2_ws/src/pid_component/src/pid_component/pid_component.cpp:26:14:[m[K [01;36m[Knote: [m[Kthe lambda has no capture-default
   26 |         [this[01;36m[K][m[K(const typename std_msgs::msg::Float64::SharedPtr setpoint) -> void
      |              [01;36m[K^[m[K
[01m[K/home/isopodin-time/ros2_ws/src/pid_component/src/pid_component/pid_component.cpp:20:5:[m[K [01;36m[Knote: [m[Kâ€˜[01m[K<typeprefixerror>ctrl_effort[m[Kâ€™ declared here
   20 |     [01;36m[Kctrl_effort[m[K = this->node_->create_publisher<custom_msg_srv::msg::Float64Stamped>(this->node_->get_parameter("ctrl_effort_name").as_string(),
      |     [01;36m[K^~~~~~~~~~~[m[K
[01m[K/home/isopodin-time/ros2_ws/src/pid_component/src/pid_component/pid_component.cpp:[m[K In function â€˜[01m[Kint pid()[m[Kâ€™:
[01m[K/home/isopodin-time/ros2_ws/src/pid_component/src/pid_component/pid_component.cpp:36:10:[m[K [01;31m[Kerror: [m[Kinvalid use of â€˜[01m[Kthis[m[Kâ€™ in non-member function
   36 |         [[01;31m[Kthis[m[K](const typename std_msgs::msg::Float64::SharedPtr state) -> void
      |          [01;31m[K^~~~[m[K
[01m[K/home/isopodin-time/ros2_ws/src/pid_component/src/pid_component/pid_component.cpp:[m[K In lambda function:
[01m[K/home/isopodin-time/ros2_ws/src/pid_component/src/pid_component/pid_component.cpp:38:9:[m[K [01;31m[Kerror: [m[Kâ€˜[01m[Kstate_[m[Kâ€™ was not declared in this scope; did you mean â€˜[01m[Kstate[m[Kâ€™?
   38 |         [01;31m[Kstate_[m[K = state->data;
      |         [01;31m[K^~~~~~[m[K
      |         [32m[Kstate[m[K
[01m[K/home/isopodin-time/ros2_ws/src/pid_component/src/pid_component/pid_component.cpp:[m[K In function â€˜[01m[Kint pid()[m[Kâ€™:
[01m[K/home/isopodin-time/ros2_ws/src/pid_component/src/pid_component/pid_component.cpp:45:5:[m[K [01;31m[Kerror: [m[Kâ€˜[01m[Ksetpoint[m[Kâ€™ was not declared in this scope
   45 |     [01;31m[Ksetpoint[m[K = this->node_->create_subscription<std_msgs::msg::Float64>(this->node_->get_parameter("setpoint_name").as_string(), 10, setpoint_callback);
      |     [01;31m[K^~~~~~~~[m[K
[01m[K/home/isopodin-time/ros2_ws/src/pid_component/src/pid_component/pid_component.cpp:45:16:[m[K [01;31m[Kerror: [m[Kinvalid use of â€˜[01m[Kthis[m[Kâ€™ in non-member function
   45 |     setpoint = [01;31m[Kthis[m[K->node_->create_subscription<std_msgs::msg::Float64>(this->node_->get_parameter("setpoint_name").as_string(), 10, setpoint_callback);
      |                [01;31m[K^~~~[m[K
[01m[K/home/isopodin-time/ros2_ws/src/pid_component/src/pid_component/pid_component.cpp:45:71:[m[K [01;31m[Kerror: [m[Kexpected primary-expression before â€˜[01m[K>[m[Kâ€™ token
   45 |     setpoint = this->node_->create_subscription<std_msgs::msg::Float64[01;31m[K>[m[K(this->node_->get_parameter("setpoint_name").as_string(), 10, setpoint_callback);
      |                                                                       [01;31m[K^[m[K
[01m[K/home/isopodin-time/ros2_ws/src/pid_component/src/pid_component/pid_component.cpp:45:73:[m[K [01;31m[Kerror: [m[Kinvalid use of â€˜[01m[Kthis[m[Kâ€™ in non-member function
   45 |     setpoint = this->node_->create_subscription<std_msgs::msg::Float64>([01;31m[Kthis[m[K->node_->get_parameter("setpoint_name").as_string(), 10, setpoint_callback);
      |                                                                         [01;31m[K^~~~[m[K
[01m[K/home/isopodin-time/ros2_ws/src/pid_component/src/pid_component/pid_component.cpp:46:5:[m[K [01;31m[Kerror: [m[Kâ€˜[01m[Kstate[m[Kâ€™ was not declared in this scope; did you mean â€˜[01m[K_xstate[m[Kâ€™?
   46 |     [01;31m[Kstate[m[K = this->node_->create_subscription<std_msgs::msg::Float64>(this->node_->get_parameter("state_name").as_string(), 10, state_callback);
      |     [01;31m[K^~~~~[m[K
      |     [32m[K_xstate[m[K
[01m[K/home/isopodin-time/ros2_ws/src/pid_component/src/pid_component/pid_component.cpp:46:13:[m[K [01;31m[Kerror: [m[Kinvalid use of â€˜[01m[Kthis[m[Kâ€™ in non-member function
   46 |     state = [01;31m[Kthis[m[K->node_->create_subscription<std_msgs::msg::Float64>(this->node_->get_parameter("state_name").as_string(), 10, state_callback);
      |             [01;31m[K^~~~[m[K
[01m[K/home/isopodin-time/ros2_ws/src/pid_component/src/pid_component/pid_component.cpp:46:68:[m[K [01;31m[Kerror: [m[Kexpected primary-expression before â€˜[01m[K>[m[Kâ€™ token
   46 |     state = this->node_->create_subscription<std_msgs::msg::Float64[01;31m[K>[m[K(this->node_->get_parameter("state_name").as_string(), 10, state_callback);
      |                                                                    [01;31m[K^[m[K
[01m[K/home/isopodin-time/ros2_ws/src/pid_component/src/pid_component/pid_component.cpp:46:70:[m[K [01;31m[Kerror: [m[Kinvalid use of â€˜[01m[Kthis[m[Kâ€™ in non-member function
   46 |     state = this->node_->create_subscription<std_msgs::msg::Float64>([01;31m[Kthis[m[K->node_->get_parameter("state_name").as_string(), 10, state_callback);
      |                                                                      [01;31m[K^~~~[m[K
[01m[K/home/isopodin-time/ros2_ws/src/pid_component/src/pid_component/pid_component.cpp:47:1:[m[K [01;35m[Kwarning: [m[Kno return statement in function returning non-void [[01;35m[K-Wreturn-type[m[K]
   47 | [01;35m[K}[m[K
      | [01;35m[K^[m[K
make[2]: *** [CMakeFiles/pid_component.dir/build.make:63: CMakeFiles/pid_component.dir/src/pid_component/pid_component.cpp.o] Error 1
make[1]: *** [CMakeFiles/Makefile2:78: CMakeFiles/pid_component.dir/all] Error 2
make: *** [Makefile:141: all] Error 2
