[0.264s] Invoking command in '/home/isopodin-time/ros2_ws/build/pid_component': CMAKE_PREFIX_PATH=/home/isopodin-time/ros2_ws/install/custom_msg_srv:/home/isopodin-time/ros2_ws/install/plankton:/home/isopodin-time/ros2_ws/install/uuv_simulator:/home/isopodin-time/ros2_ws/install/uuv_world_ros_plugins:/home/isopodin-time/ros2_ws/install/uuv_tutorials:/home/isopodin-time/ros2_ws/install/uuv_tutorial_dp_controller:/home/isopodin-time/ros2_ws/install/uuv_tutorial_disturbances:/home/isopodin-time/ros2_ws/install/uuv_control_utils:/home/isopodin-time/ros2_ws/install/uuv_world_ros_plugins_msgs:/home/isopodin-time/ros2_ws/install/uuv_world_plugins:/home/isopodin-time/ros2_ws/install/uuv_tutorial_seabed_world:/home/isopodin-time/ros2_ws/install/uuv_trajectory_control:/home/isopodin-time/ros2_ws/install/uuv_teleop:/home/isopodin-time/ros2_ws/install/uuv_thruster_manager:/home/isopodin-time/ros2_ws/install/uuv_descriptions:/home/isopodin-time/ros2_ws/install/uuv_sensor_ros_plugins:/home/isopodin-time/ros2_ws/install/uuv_sensor_ros_plugins_msgs:/home/isopodin-time/ros2_ws/install/uuv_gazebo_worlds:/home/isopodin-time/ros2_ws/install/uuv_gazebo_ros_plugins:/home/isopodin-time/ros2_ws/install/uuv_gazebo_ros_plugins_msgs:/home/isopodin-time/ros2_ws/install/uuv_gazebo_plugins:/home/isopodin-time/ros2_ws/install/uuv_gazebo:/home/isopodin-time/ros2_ws/install/uuv_control_msgs:/home/isopodin-time/ros2_ws/install/uuv_control_cascaded_pid:/home/isopodin-time/ros2_ws/install/uuv_auv_control_allocator:/home/isopodin-time/ros2_ws/install/uuv_assistants:/home/isopodin-time/ros2_ws/install/muuv_sim:/home/isopodin-time/ros2_ws/install/test_sim:/home/isopodin-time/ros2_ws/install/plankton_utils:/home/isopodin-time/ros2_ws/install/pid_component:/home/isopodin-time/ros2_ws/install/muuv_sim_description:/home/isopodin-time/ros2_ws/install/muuv_sim_control:/home/isopodin-time/ros2_ws/install/muuv_ros:/opt/ros/foxy LD_LIBRARY_PATH=/home/isopodin-time/ros2_ws/install/custom_msg_srv/lib:/home/isopodin-time/ros2_ws/install/uuv_world_ros_plugins/lib:/home/isopodin-time/ros2_ws/install/uuv_world_ros_plugins_msgs/lib:/home/isopodin-time/ros2_ws/install/uuv_world_plugins/lib:/home/isopodin-time/ros2_ws/install/uuv_thruster_manager/lib:/home/isopodin-time/ros2_ws/install/uuv_sensor_ros_plugins/lib:/home/isopodin-time/ros2_ws/install/uuv_sensor_ros_plugins_msgs/lib:/home/isopodin-time/ros2_ws/install/uuv_gazebo_ros_plugins/lib:/home/isopodin-time/ros2_ws/install/uuv_gazebo_ros_plugins_msgs/lib:/home/isopodin-time/ros2_ws/install/uuv_gazebo_plugins/lib:/home/isopodin-time/ros2_ws/install/uuv_control_msgs/lib:/home/isopodin-time/ros2_ws/install/uuv_auv_control_allocator/lib:/home/isopodin-time/ros2_ws/install/pid_component/lib:/usr/lib/x86_64-linux-gnu/gazebo-11/plugins:/opt/ros/foxy/opt/yaml_cpp_vendor/lib:/opt/ros/foxy/opt/rviz_ogre_vendor/lib:/opt/ros/foxy/lib/x86_64-linux-gnu:/opt/ros/foxy/lib:/usr/lib/x86_64-linux-gnu/gazebo-11/plugins PYTHONPATH=/home/isopodin-time/ros2_ws/install/custom_msg_srv/lib/python3.8/site-packages:/home/isopodin-time/ros2_ws/install/uuv_world_ros_plugins_msgs/lib/python3.8/site-packages:/home/isopodin-time/ros2_ws/install/uuv_trajectory_control/lib/python3.8/site-packages:/home/isopodin-time/ros2_ws/install/uuv_thruster_manager/lib/python3.8/site-packages:/home/isopodin-time/ros2_ws/install/uuv_sensor_ros_plugins_msgs/lib/python3.8/site-packages:/home/isopodin-time/ros2_ws/install/uuv_gazebo_ros_plugins_msgs/lib/python3.8/site-packages:/home/isopodin-time/ros2_ws/install/uuv_control_msgs/lib/python3.8/site-packages:/home/isopodin-time/ros2_ws/install/uuv_control_cascaded_pid/lib/python3.8/site-packages:/home/isopodin-time/ros2_ws/install/uuv_auv_control_allocator/lib/python3.8/site-packages:/home/isopodin-time/ros2_ws/install/uuv_assistants/lib/python3.8/site-packages:/home/isopodin-time/ros2_ws/install/plankton_utils/lib/python3.8/site-packages:/opt/ros/foxy/lib/python3.8/site-packages /usr/bin/cmake --build /home/isopodin-time/ros2_ws/build/pid_component -- -j8 -l8
[0.330s] [35m[1mScanning dependencies of target pid_component[0m
[0.374s] [ 50%] [32mBuilding CXX object CMakeFiles/pid_component.dir/src/pid_component/pid_component.cpp.o[0m
[2.047s] [01m[K/home/isopodin-time/ros2_ws/src/pid_component/src/pid_component/pid_component.cpp:[m[K In constructor â€˜[01m[KPid_component::Pid_component(const rclcpp::NodeOptions&)[m[Kâ€™:
[2.047s] [01m[K/home/isopodin-time/ros2_ws/src/pid_component/src/pid_component/pid_component.cpp:4:85:[m[K [01;31m[Kerror: [m[Ktype â€˜[01m[Kcontrol_toolbox::Pid[m[Kâ€™ is not a direct base of â€˜[01m[KPid_component[m[Kâ€™
[2.047s]     4 |                                                                    control_toolbox::[01;31m[KPid[m[K pid()
[2.048s]       |                                                                                     [01;31m[K^~~[m[K
[2.048s] [01m[K/home/isopodin-time/ros2_ws/src/pid_component/src/pid_component/pid_component.cpp:4:89:[m[K [01;31m[Kerror: [m[Kexpected â€˜[01m[K([m[Kâ€™ before â€˜[01m[Kpid[m[Kâ€™
[2.048s]     4 |                                                                    control_toolbox::Pid [01;31m[Kp[m[K[32m[Kid[m[K()
[2.049s]       |                                                                                         [01;31m[K^[m[K[32m[K~~[m[K
[2.049s]       |                                                                                         [32m[K([m[K
[2.049s] [01m[K/home/isopodin-time/ros2_ws/src/pid_component/src/pid_component/pid_component.cpp:4:89:[m[K [01;31m[Kerror: [m[Kexpected â€˜[01m[K{[m[Kâ€™ before â€˜[01m[Kpid[m[Kâ€™
[2.049s]     4 |                                                                    control_toolbox::Pid [01;31m[Kpid[m[K()
[2.050s]       |                                                                                         [01;31m[K^~~[m[K
[2.050s] [01m[K/home/isopodin-time/ros2_ws/src/pid_component/src/pid_component/pid_component.cpp:[m[K At global scope:
[2.050s] [01m[K/home/isopodin-time/ros2_ws/src/pid_component/src/pid_component/pid_component.cpp:4:93:[m[K [01;31m[Kerror: [m[KISO C++ forbids declaration of â€˜[01m[Kpid[m[Kâ€™ with no type [[01;31m[K-fpermissive[m[K]
[2.050s]     4 |                                                                    control_toolbox::Pid pid([01;31m[K)[m[K
[2.050s]       |                                                                                             [01;31m[K^[m[K
[2.050s] [01m[K/home/isopodin-time/ros2_ws/src/pid_component/src/pid_component/pid_component.cpp:[m[K In function â€˜[01m[Kint pid()[m[Kâ€™:
[2.050s] [01m[K/home/isopodin-time/ros2_ws/src/pid_component/src/pid_component/pid_component.cpp:7:5:[m[K [01;31m[Kerror: [m[Kinvalid use of â€˜[01m[Kthis[m[Kâ€™ in non-member function
[2.050s]     7 |     [01;31m[Kthis[m[K->node_->declare_parameter("ctrl_effort_name", "ctrl_effort");
[2.050s]       |     [01;31m[K^~~~[m[K
[2.051s] [01m[K/home/isopodin-time/ros2_ws/src/pid_component/src/pid_component/pid_component.cpp:8:5:[m[K [01;31m[Kerror: [m[Kinvalid use of â€˜[01m[Kthis[m[Kâ€™ in non-member function
[2.051s]     8 |     [01;31m[Kthis[m[K->node_->declare_parameter("setpoint_name", "setpoint");
[2.051s]       |     [01;31m[K^~~~[m[K
[2.051s] [01m[K/home/isopodin-time/ros2_ws/src/pid_component/src/pid_component/pid_component.cpp:9:5:[m[K [01;31m[Kerror: [m[Kinvalid use of â€˜[01m[Kthis[m[Kâ€™ in non-member function
[2.051s]     9 |     [01;31m[Kthis[m[K->node_->declare_parameter("state_name", "state");
[2.051s]       |     [01;31m[K^~~~[m[K
[2.051s] [01m[K/home/isopodin-time/ros2_ws/src/pid_component/src/pid_component/pid_component.cpp:10:9:[m[K [01;31m[Kerror: [m[Krequest for member â€˜[01m[KinitPid[m[Kâ€™ in â€˜[01m[Kpid[m[Kâ€™, which is of non-class type â€˜[01m[Kint()[m[Kâ€™
[2.051s]    10 |     pid.[01;31m[KinitPid[m[K(1.0, 1.0, 1.0, 5.0, -5.0, false);
[2.052s]       |         [01;31m[K^~~~~~~[m[K
[2.052s] [01m[K/home/isopodin-time/ros2_ws/src/pid_component/src/pid_component/pid_component.cpp:20:5:[m[K [01;31m[Kerror: [m[Kâ€˜[01m[Kctrl_effort[m[Kâ€™ was not declared in this scope
[2.052s]    20 |     [01;31m[Kctrl_effort[m[K = this->node_->create_publisher<custom_msg_srv::msg::Float64Stamped>(this->node_->get_parameter("ctrl_effort_name").as_string(),
[2.052s]       |     [01;31m[K^~~~~~~~~~~[m[K
[2.052s] [01m[K/home/isopodin-time/ros2_ws/src/pid_component/src/pid_component/pid_component.cpp:20:19:[m[K [01;31m[Kerror: [m[Kinvalid use of â€˜[01m[Kthis[m[Kâ€™ in non-member function
[2.052s]    20 |     ctrl_effort = [01;31m[Kthis[m[K->node_->create_publisher<custom_msg_srv::msg::Float64Stamped>(this->node_->get_parameter("ctrl_effort_name").as_string(),
[2.053s]       |                   [01;31m[K^~~~[m[K
[2.053s] [01m[K/home/isopodin-time/ros2_ws/src/pid_component/src/pid_component/pid_component.cpp:20:84:[m[K [01;31m[Kerror: [m[Kexpected primary-expression before â€˜[01m[K>[m[Kâ€™ token
[2.053s]    20 |     ctrl_effort = this->node_->create_publisher<custom_msg_srv::msg::Float64Stamped[01;31m[K>[m[K(this->node_->get_parameter("ctrl_effort_name").as_string(),
[2.053s]       |                                                                                    [01;31m[K^[m[K
[2.053s] [01m[K/home/isopodin-time/ros2_ws/src/pid_component/src/pid_component/pid_component.cpp:20:86:[m[K [01;31m[Kerror: [m[Kinvalid use of â€˜[01m[Kthis[m[Kâ€™ in non-member function
[2.053s]    20 |     ctrl_effort = this->node_->create_publisher<custom_msg_srv::msg::Float64Stamped>([01;31m[Kthis[m[K->node_->get_parameter("ctrl_effort_name").as_string(),
[2.053s]       |                                                                                      [01;31m[K^~~~[m[K
[2.053s] [01m[K/home/isopodin-time/ros2_ws/src/pid_component/src/pid_component/pid_component.cpp:26:10:[m[K [01;31m[Kerror: [m[Kinvalid use of â€˜[01m[Kthis[m[Kâ€™ in non-member function
[2.053s]    26 |         [[01;31m[Kthis[m[K](const typename std_msgs::msg::Float64::SharedPtr setpoint) -> void
[2.053s]       |          [01;31m[K^~~~[m[K
[2.060s] [01m[K/home/isopodin-time/ros2_ws/src/pid_component/src/pid_component/pid_component.cpp:[m[K In lambda function:
[2.061s] [01m[K/home/isopodin-time/ros2_ws/src/pid_component/src/pid_component/pid_component.cpp:28:9:[m[K [01;31m[Kerror: [m[Kâ€˜[01m[Ksetpoint_[m[Kâ€™ was not declared in this scope; did you mean â€˜[01m[Ksetpoint[m[Kâ€™?
[2.061s]    28 |         [01;31m[Ksetpoint_[m[K = setpoint->data;
[2.061s]       |         [01;31m[K^~~~~~~~~[m[K
[2.061s]       |         [32m[Ksetpoint[m[K
[2.072s] [01m[K/home/isopodin-time/ros2_ws/src/pid_component/src/pid_component/pid_component.cpp:31:29:[m[K [01;31m[Kerror: [m[Kâ€˜[01m[Kthis[m[Kâ€™ was not captured for this lambda function
[2.072s]    31 |         msg->header.stamp = [01;31m[Kthis[m[K->node_->now();
[2.073s]       |                             [01;31m[K^~~~[m[K
[2.073s] [01m[K/home/isopodin-time/ros2_ws/src/pid_component/src/pid_component/pid_component.cpp:32:9:[m[K [01;31m[Kerror: [m[Kâ€˜[01m[Kctrl_effort[m[Kâ€™ is not captured
[2.073s]    32 |         [01;31m[Kctrl_effort[m[K->publish(std::move(msg));
[2.073s]       |         [01;31m[K^~~~~~~~~~~[m[K
[2.073s] [01m[K/home/isopodin-time/ros2_ws/src/pid_component/src/pid_component/pid_component.cpp:26:14:[m[K [01;36m[Knote: [m[Kthe lambda has no capture-default
[2.073s]    26 |         [this[01;36m[K][m[K(const typename std_msgs::msg::Float64::SharedPtr setpoint) -> void
[2.073s]       |              [01;36m[K^[m[K
[2.073s] [01m[K/home/isopodin-time/ros2_ws/src/pid_component/src/pid_component/pid_component.cpp:20:5:[m[K [01;36m[Knote: [m[Kâ€˜[01m[K<typeprefixerror>ctrl_effort[m[Kâ€™ declared here
[2.074s]    20 |     [01;36m[Kctrl_effort[m[K = this->node_->create_publisher<custom_msg_srv::msg::Float64Stamped>(this->node_->get_parameter("ctrl_effort_name").as_string(),
[2.074s]       |     [01;36m[K^~~~~~~~~~~[m[K
[2.074s] [01m[K/home/isopodin-time/ros2_ws/src/pid_component/src/pid_component/pid_component.cpp:[m[K In function â€˜[01m[Kint pid()[m[Kâ€™:
[2.074s] [01m[K/home/isopodin-time/ros2_ws/src/pid_component/src/pid_component/pid_component.cpp:36:10:[m[K [01;31m[Kerror: [m[Kinvalid use of â€˜[01m[Kthis[m[Kâ€™ in non-member function
[2.074s]    36 |         [[01;31m[Kthis[m[K](const typename std_msgs::msg::Float64::SharedPtr state) -> void
[2.074s]       |          [01;31m[K^~~~[m[K
[2.074s] [01m[K/home/isopodin-time/ros2_ws/src/pid_component/src/pid_component/pid_component.cpp:[m[K In lambda function:
[2.075s] [01m[K/home/isopodin-time/ros2_ws/src/pid_component/src/pid_component/pid_component.cpp:38:9:[m[K [01;31m[Kerror: [m[Kâ€˜[01m[Kstate_[m[Kâ€™ was not declared in this scope; did you mean â€˜[01m[Kstate[m[Kâ€™?
[2.075s]    38 |         [01;31m[Kstate_[m[K = state->data;
[2.075s]       |         [01;31m[K^~~~~~[m[K
[2.075s]       |         [32m[Kstate[m[K
[2.076s] [01m[K/home/isopodin-time/ros2_ws/src/pid_component/src/pid_component/pid_component.cpp:[m[K In function â€˜[01m[Kint pid()[m[Kâ€™:
[2.076s] [01m[K/home/isopodin-time/ros2_ws/src/pid_component/src/pid_component/pid_component.cpp:45:5:[m[K [01;31m[Kerror: [m[Kâ€˜[01m[Ksetpoint[m[Kâ€™ was not declared in this scope
[2.076s]    45 |     [01;31m[Ksetpoint[m[K = this->node_->create_subscription<std_msgs::msg::Float64>(this->node_->get_parameter("setpoint_name").as_string(), 10, setpoint_callback);
[2.077s]       |     [01;31m[K^~~~~~~~[m[K
[2.077s] [01m[K/home/isopodin-time/ros2_ws/src/pid_component/src/pid_component/pid_component.cpp:45:16:[m[K [01;31m[Kerror: [m[Kinvalid use of â€˜[01m[Kthis[m[Kâ€™ in non-member function
[2.077s]    45 |     setpoint = [01;31m[Kthis[m[K->node_->create_subscription<std_msgs::msg::Float64>(this->node_->get_parameter("setpoint_name").as_string(), 10, setpoint_callback);
[2.077s]       |                [01;31m[K^~~~[m[K
[2.077s] [01m[K/home/isopodin-time/ros2_ws/src/pid_component/src/pid_component/pid_component.cpp:45:71:[m[K [01;31m[Kerror: [m[Kexpected primary-expression before â€˜[01m[K>[m[Kâ€™ token
[2.077s]    45 |     setpoint = this->node_->create_subscription<std_msgs::msg::Float64[01;31m[K>[m[K(this->node_->get_parameter("setpoint_name").as_string(), 10, setpoint_callback);
[2.077s]       |                                                                       [01;31m[K^[m[K
[2.077s] [01m[K/home/isopodin-time/ros2_ws/src/pid_component/src/pid_component/pid_component.cpp:45:73:[m[K [01;31m[Kerror: [m[Kinvalid use of â€˜[01m[Kthis[m[Kâ€™ in non-member function
[2.077s]    45 |     setpoint = this->node_->create_subscription<std_msgs::msg::Float64>([01;31m[Kthis[m[K->node_->get_parameter("setpoint_name").as_string(), 10, setpoint_callback);
[2.078s]       |                                                                         [01;31m[K^~~~[m[K
[2.078s] [01m[K/home/isopodin-time/ros2_ws/src/pid_component/src/pid_component/pid_component.cpp:46:5:[m[K [01;31m[Kerror: [m[Kâ€˜[01m[Kstate[m[Kâ€™ was not declared in this scope; did you mean â€˜[01m[K_xstate[m[Kâ€™?
[2.078s]    46 |     [01;31m[Kstate[m[K = this->node_->create_subscription<std_msgs::msg::Float64>(this->node_->get_parameter("state_name").as_string(), 10, state_callback);
[2.078s]       |     [01;31m[K^~~~~[m[K
[2.078s]       |     [32m[K_xstate[m[K
[2.078s] [01m[K/home/isopodin-time/ros2_ws/src/pid_component/src/pid_component/pid_component.cpp:46:13:[m[K [01;31m[Kerror: [m[Kinvalid use of â€˜[01m[Kthis[m[Kâ€™ in non-member function
[2.079s]    46 |     state = [01;31m[Kthis[m[K->node_->create_subscription<std_msgs::msg::Float64>(this->node_->get_parameter("state_name").as_string(), 10, state_callback);
[2.079s]       |             [01;31m[K^~~~[m[K
[2.079s] [01m[K/home/isopodin-time/ros2_ws/src/pid_component/src/pid_component/pid_component.cpp:46:68:[m[K [01;31m[Kerror: [m[Kexpected primary-expression before â€˜[01m[K>[m[Kâ€™ token
[2.079s]    46 |     state = this->node_->create_subscription<std_msgs::msg::Float64[01;31m[K>[m[K(this->node_->get_parameter("state_name").as_string(), 10, state_callback);
[2.079s]       |                                                                    [01;31m[K^[m[K
[2.079s] [01m[K/home/isopodin-time/ros2_ws/src/pid_component/src/pid_component/pid_component.cpp:46:70:[m[K [01;31m[Kerror: [m[Kinvalid use of â€˜[01m[Kthis[m[Kâ€™ in non-member function
[2.079s]    46 |     state = this->node_->create_subscription<std_msgs::msg::Float64>([01;31m[Kthis[m[K->node_->get_parameter("state_name").as_string(), 10, state_callback);
[2.079s]       |                                                                      [01;31m[K^~~~[m[K
[2.079s] [01m[K/home/isopodin-time/ros2_ws/src/pid_component/src/pid_component/pid_component.cpp:47:1:[m[K [01;35m[Kwarning: [m[Kno return statement in function returning non-void [[01;35m[K-Wreturn-type[m[K]
[2.079s]    47 | [01;35m[K}[m[K
[2.080s]       | [01;35m[K^[m[K
[2.621s] make[2]: *** [CMakeFiles/pid_component.dir/build.make:63: CMakeFiles/pid_component.dir/src/pid_component/pid_component.cpp.o] Error 1
[2.622s] make[1]: *** [CMakeFiles/Makefile2:78: CMakeFiles/pid_component.dir/all] Error 2
[2.622s] make: *** [Makefile:141: all] Error 2
[2.624s] Invoked command in '/home/isopodin-time/ros2_ws/build/pid_component' returned '2': CMAKE_PREFIX_PATH=/home/isopodin-time/ros2_ws/install/custom_msg_srv:/home/isopodin-time/ros2_ws/install/plankton:/home/isopodin-time/ros2_ws/install/uuv_simulator:/home/isopodin-time/ros2_ws/install/uuv_world_ros_plugins:/home/isopodin-time/ros2_ws/install/uuv_tutorials:/home/isopodin-time/ros2_ws/install/uuv_tutorial_dp_controller:/home/isopodin-time/ros2_ws/install/uuv_tutorial_disturbances:/home/isopodin-time/ros2_ws/install/uuv_control_utils:/home/isopodin-time/ros2_ws/install/uuv_world_ros_plugins_msgs:/home/isopodin-time/ros2_ws/install/uuv_world_plugins:/home/isopodin-time/ros2_ws/install/uuv_tutorial_seabed_world:/home/isopodin-time/ros2_ws/install/uuv_trajectory_control:/home/isopodin-time/ros2_ws/install/uuv_teleop:/home/isopodin-time/ros2_ws/install/uuv_thruster_manager:/home/isopodin-time/ros2_ws/install/uuv_descriptions:/home/isopodin-time/ros2_ws/install/uuv_sensor_ros_plugins:/home/isopodin-time/ros2_ws/install/uuv_sensor_ros_plugins_msgs:/home/isopodin-time/ros2_ws/install/uuv_gazebo_worlds:/home/isopodin-time/ros2_ws/install/uuv_gazebo_ros_plugins:/home/isopodin-time/ros2_ws/install/uuv_gazebo_ros_plugins_msgs:/home/isopodin-time/ros2_ws/install/uuv_gazebo_plugins:/home/isopodin-time/ros2_ws/install/uuv_gazebo:/home/isopodin-time/ros2_ws/install/uuv_control_msgs:/home/isopodin-time/ros2_ws/install/uuv_control_cascaded_pid:/home/isopodin-time/ros2_ws/install/uuv_auv_control_allocator:/home/isopodin-time/ros2_ws/install/uuv_assistants:/home/isopodin-time/ros2_ws/install/muuv_sim:/home/isopodin-time/ros2_ws/install/test_sim:/home/isopodin-time/ros2_ws/install/plankton_utils:/home/isopodin-time/ros2_ws/install/pid_component:/home/isopodin-time/ros2_ws/install/muuv_sim_description:/home/isopodin-time/ros2_ws/install/muuv_sim_control:/home/isopodin-time/ros2_ws/install/muuv_ros:/opt/ros/foxy LD_LIBRARY_PATH=/home/isopodin-time/ros2_ws/install/custom_msg_srv/lib:/home/isopodin-time/ros2_ws/install/uuv_world_ros_plugins/lib:/home/isopodin-time/ros2_ws/install/uuv_world_ros_plugins_msgs/lib:/home/isopodin-time/ros2_ws/install/uuv_world_plugins/lib:/home/isopodin-time/ros2_ws/install/uuv_thruster_manager/lib:/home/isopodin-time/ros2_ws/install/uuv_sensor_ros_plugins/lib:/home/isopodin-time/ros2_ws/install/uuv_sensor_ros_plugins_msgs/lib:/home/isopodin-time/ros2_ws/install/uuv_gazebo_ros_plugins/lib:/home/isopodin-time/ros2_ws/install/uuv_gazebo_ros_plugins_msgs/lib:/home/isopodin-time/ros2_ws/install/uuv_gazebo_plugins/lib:/home/isopodin-time/ros2_ws/install/uuv_control_msgs/lib:/home/isopodin-time/ros2_ws/install/uuv_auv_control_allocator/lib:/home/isopodin-time/ros2_ws/install/pid_component/lib:/usr/lib/x86_64-linux-gnu/gazebo-11/plugins:/opt/ros/foxy/opt/yaml_cpp_vendor/lib:/opt/ros/foxy/opt/rviz_ogre_vendor/lib:/opt/ros/foxy/lib/x86_64-linux-gnu:/opt/ros/foxy/lib:/usr/lib/x86_64-linux-gnu/gazebo-11/plugins PYTHONPATH=/home/isopodin-time/ros2_ws/install/custom_msg_srv/lib/python3.8/site-packages:/home/isopodin-time/ros2_ws/install/uuv_world_ros_plugins_msgs/lib/python3.8/site-packages:/home/isopodin-time/ros2_ws/install/uuv_trajectory_control/lib/python3.8/site-packages:/home/isopodin-time/ros2_ws/install/uuv_thruster_manager/lib/python3.8/site-packages:/home/isopodin-time/ros2_ws/install/uuv_sensor_ros_plugins_msgs/lib/python3.8/site-packages:/home/isopodin-time/ros2_ws/install/uuv_gazebo_ros_plugins_msgs/lib/python3.8/site-packages:/home/isopodin-time/ros2_ws/install/uuv_control_msgs/lib/python3.8/site-packages:/home/isopodin-time/ros2_ws/install/uuv_control_cascaded_pid/lib/python3.8/site-packages:/home/isopodin-time/ros2_ws/install/uuv_auv_control_allocator/lib/python3.8/site-packages:/home/isopodin-time/ros2_ws/install/uuv_assistants/lib/python3.8/site-packages:/home/isopodin-time/ros2_ws/install/plankton_utils/lib/python3.8/site-packages:/opt/ros/foxy/lib/python3.8/site-packages /usr/bin/cmake --build /home/isopodin-time/ros2_ws/build/pid_component -- -j8 -l8
