[0.027s] Invoking command in '/home/isopodin-time/ros2_ws/build/pid_component': CMAKE_PREFIX_PATH=${CMAKE_PREFIX_PATH}:/opt/ros/foxy /usr/bin/cmake --build /home/isopodin-time/ros2_ws/build/pid_component -- -j8 -l8
[0.088s] [35m[1mScanning dependencies of target pid_component[0m
[0.129s] [ 50%] [32mBuilding CXX object CMakeFiles/pid_component.dir/src/pid_component/pid_component.cpp.o[0m
[1.583s] [01m[K/home/isopodin-time/ros2_ws/src/pid_component/src/pid_component/pid_component.cpp:[m[K In constructor â€˜[01m[KPid_component::Pid_component(const rclcpp::NodeOptions&)[m[Kâ€™:
[1.583s] [01m[K/home/isopodin-time/ros2_ws/src/pid_component/src/pid_component/pid_component.cpp:9:79:[m[K [01;31m[Kerror: [m[Kâ€˜[01m[Kclass Pid_component[m[Kâ€™ has no member named â€˜[01m[Kget_parameter[m[Kâ€™
[1.583s]     9 |     ctrl_effort = this->node_->create_publisher<std_msgs::msg::Float64>(this->[01;31m[Kget_parameter[m[K("ctrl_effort_name").as_string(), 10);
[1.583s]       |                                                                               [01;31m[K^~~~~~~~~~~~~[m[K
[3.114s] make[2]: *** [CMakeFiles/pid_component.dir/build.make:63: CMakeFiles/pid_component.dir/src/pid_component/pid_component.cpp.o] Error 1
[3.115s] make[1]: *** [CMakeFiles/Makefile2:78: CMakeFiles/pid_component.dir/all] Error 2
[3.115s] make: *** [Makefile:141: all] Error 2
[3.117s] Invoked command in '/home/isopodin-time/ros2_ws/build/pid_component' returned '2': CMAKE_PREFIX_PATH=${CMAKE_PREFIX_PATH}:/opt/ros/foxy /usr/bin/cmake --build /home/isopodin-time/ros2_ws/build/pid_component -- -j8 -l8
