[0.050s] Invoking command in '/home/isopodin-time/ros2_ws/build/pid_component': CMAKE_PREFIX_PATH=${CMAKE_PREFIX_PATH}:/opt/ros/foxy /usr/bin/cmake --build /home/isopodin-time/ros2_ws/build/pid_component -- -j8 -l8
[0.123s] -- Found ament_cmake: 0.9.12 (/opt/ros/foxy/share/ament_cmake/cmake)
[0.178s] -- Using PYTHON_EXECUTABLE: /usr/bin/python3
[0.543s] -- Override CMake install command with custom implementation using symlinks instead of copying resources
[0.560s] -- Found rclcpp: 2.4.3 (/opt/ros/foxy/share/rclcpp/cmake)
[1.106s] -- Using all available rosidl_typesupport_c: rosidl_typesupport_fastrtps_c;rosidl_typesupport_introspection_c
[1.113s] -- Found rosidl_adapter: 1.3.1 (/opt/ros/foxy/share/rosidl_adapter/cmake)
[15.112s] -- Using all available rosidl_typesupport_cpp: rosidl_typesupport_fastrtps_cpp;rosidl_typesupport_introspection_cpp
[15.281s] -- Found rmw_implementation_cmake: 1.0.4 (/opt/ros/foxy/share/rmw_implementation_cmake/cmake)
[15.287s] -- Using RMW implementation 'rmw_fastrtps_cpp' as default
[15.563s] -- Found control_toolbox: 2.2.0 (/opt/ros/foxy/share/control_toolbox/cmake)
[16.468s] -- Found rclcpp_components: 2.4.3 (/opt/ros/foxy/share/rclcpp_components/cmake)
[16.794s] -- Configuring done
[16.822s] -- Generating done
[16.826s] -- Build files have been written to: /home/isopodin-time/ros2_ws/build/pid_component
[16.896s] [35m[1mScanning dependencies of target pid_component[0m
[16.976s] [ 50%] [32mBuilding CXX object CMakeFiles/pid_component.dir/src/pid_component/pid_component.cpp.o[0m
[19.393s] [01m[K/home/isopodin-time/ros2_ws/src/pid_component/src/pid_component/pid_component.cpp:4:68:[m[K [01;31m[Kerror: [m[Kdefinition of â€˜[01m[KPid_component::Pid_component(const rclcpp::NodeOptions&)[m[Kâ€™ is not in namespace enclosing â€˜[01m[KPid_component[m[Kâ€™ [[01;31m[K-fpermissive[m[K]
[19.393s]     4 |     Pid_component::Pid_component(const rclcpp::NodeOptions &options[01;31m[K)[m[K : rclcpp::Node("pid", options), state_(0), setpoint_(0)
[19.393s]       |                                                                    [01;31m[K^[m[K
[19.396s] [01m[K/home/isopodin-time/ros2_ws/src/pid_component/src/pid_component/pid_component.cpp:[m[K In constructor â€˜[01m[KPid_component::Pid_component(const rclcpp::NodeOptions&)[m[Kâ€™:
[19.396s] [01m[K/home/isopodin-time/ros2_ws/src/pid_component/src/pid_component/pid_component.cpp:12:82:[m[K [01;31m[Kerror: [m[Kdefinition of â€˜[01m[Kvoid Pid_component::Pid_component(const rclcpp::NodeOptions&)::<lambda>::operator()(std_msgs::msg::Float64_<std::allocator<void> >::SharedPtr) const[m[Kâ€™ is not in namespace enclosing â€˜[01m[KPid_component::Pid_component(const rclcpp::NodeOptions&)::<lambda>[m[Kâ€™ [[01;31m[K-fpermissive[m[K]
[19.396s]    12 |             [this](const typename std_msgs::msg::Float64::SharedPtr setpoint) -> [01;31m[Kvoid[m[K
[19.396s]       |                                                                                  [01;31m[K^~~~[m[K
[19.407s] [01m[K/home/isopodin-time/ros2_ws/src/pid_component/src/pid_component/pid_component.cpp:24:79:[m[K [01;31m[Kerror: [m[Kdefinition of â€˜[01m[Kvoid Pid_component::Pid_component(const rclcpp::NodeOptions&)::<lambda>::operator()(std_msgs::msg::Float64_<std::allocator<void> >::SharedPtr) const[m[Kâ€™ is not in namespace enclosing â€˜[01m[KPid_component::Pid_component(const rclcpp::NodeOptions&)::<lambda>[m[Kâ€™ [[01;31m[K-fpermissive[m[K]
[19.407s]    24 |             [this](const typename std_msgs::msg::Float64::SharedPtr state) -> [01;31m[Kvoid[m[K
[19.407s]       |                                                                               [01;31m[K^~~~[m[K
[19.429s] In file included from [01m[K/opt/ros/foxy/include/class_loader/class_loader.hpp:56[m[K,
[19.429s]                  from [01m[K/opt/ros/foxy/include/rclcpp_components/register_node_macro.hpp:18[m[K,
[19.429s]                  from [01m[K/home/isopodin-time/ros2_ws/src/pid_component/src/pid_component/pid_component.cpp:44[m[K:
[19.429s] [01m[K/home/isopodin-time/ros2_ws/src/pid_component/src/pid_component/pid_component.cpp:[m[K At global scope:
[19.429s] [01m[K/home/isopodin-time/ros2_ws/src/pid_component/src/pid_component/pid_component.cpp:49:46:[m[K [01;31m[Kerror: [m[Kâ€˜[01m[Kpid[m[Kâ€™ is not a member of â€˜[01m[Kcomposition[m[Kâ€™
[19.429s]    49 | RCLCPP_COMPONENTS_REGISTER_NODE(composition::[01;31m[Kpid[m[K)
[19.429s]       |                                              [01;31m[K^~~[m[K
[19.430s] [01m[K/home/isopodin-time/ros2_ws/src/pid_component/src/pid_component/pid_component.cpp:49:1:[m[K [01;31m[Kerror: [m[Ktemplate argument 1 is invalid
[19.430s]    49 | [01;31m[KRCLCPP_COMPONENTS_REGISTER_NODE[m[K(composition::pid)
[19.430s]       | [01;31m[K^~~~~~~~~~~~~~~~~~~~~~~~~~~~~~~[m[K
[21.331s] In file included from [01m[K/opt/ros/foxy/include/class_loader/class_loader_core.hpp:57[m[K,
[21.331s]                  from [01m[K/opt/ros/foxy/include/class_loader/class_loader.hpp:55[m[K,
[21.331s]                  from [01m[K/opt/ros/foxy/include/rclcpp_components/register_node_macro.hpp:18[m[K,
[21.331s]                  from [01m[K/home/isopodin-time/ros2_ws/src/pid_component/src/pid_component/pid_component.cpp:44[m[K:
[21.331s] /opt/ros/foxy/include/class_loader/meta_object.hpp: In instantiation of â€˜[01m[KB* class_loader::impl::MetaObject<C, B>::create() const [with C = int; B = rclcpp_components::NodeFactory][m[Kâ€™:
[21.331s] [01m[K/opt/ros/foxy/include/class_loader/meta_object.hpp:216:7:[m[K   required from here
[21.332s] [01m[K/opt/ros/foxy/include/class_loader/meta_object.hpp:218:12:[m[K [01;31m[Kerror: [m[Kcannot convert â€˜[01m[Kint*[m[Kâ€™ to â€˜[01m[Krclcpp_components::NodeFactory*[m[Kâ€™ in return
[21.332s]   218 |     return [01;31m[Knew C[m[K;
[21.332s]       |            [01;31m[K^~~~~[m[K
[21.332s]       |            [01;31m[K|[m[K
[21.332s]       |            [01;31m[Kint*[m[K
[21.722s] make[2]: *** [CMakeFiles/pid_component.dir/build.make:63: CMakeFiles/pid_component.dir/src/pid_component/pid_component.cpp.o] Error 1
[21.723s] make[1]: *** [CMakeFiles/Makefile2:78: CMakeFiles/pid_component.dir/all] Error 2
[21.724s] make: *** [Makefile:141: all] Error 2
[21.731s] Invoked command in '/home/isopodin-time/ros2_ws/build/pid_component' returned '2': CMAKE_PREFIX_PATH=${CMAKE_PREFIX_PATH}:/opt/ros/foxy /usr/bin/cmake --build /home/isopodin-time/ros2_ws/build/pid_component -- -j8 -l8
