[0.024s] Invoking command in '/home/isopodin-time/ros2_ws/build/muuv_ros': CMAKE_PREFIX_PATH=${CMAKE_PREFIX_PATH}:/opt/ros/foxy /usr/bin/cmake --build /home/isopodin-time/ros2_ws/build/muuv_ros -- -j8 -l8
[0.111s] [ 14%] [32mBuilding CXX object CMakeFiles/sensors.dir/src/muuv_ros/sensors.cpp.o[0m
[0.121s] [ 57%] Built target thrusters
[1.399s] [01m[K/home/isopodin-time/ros2_ws/src/muuv_ros/src/muuv_ros/sensors.cpp:[m[K In constructor â€˜[01m[KSensors::Sensors()[m[Kâ€™:
[1.399s] [01m[K/home/isopodin-time/ros2_ws/src/muuv_ros/src/muuv_ros/sensors.cpp:7:38:[m[K [01;31m[Kerror: [m[Kâ€˜[01m[Ksensor_msgs[m[Kâ€™ was not declared in this scope
[1.400s]     7 |     imu_pub = this->create_publisher<[01;31m[Ksensor_msgs[m[K::msg::Imu>("imu_data", 10);
[1.400s]       |                                      [01;31m[K^~~~~~~~~~~[m[K
[1.400s] [01m[K/home/isopodin-time/ros2_ws/src/muuv_ros/src/muuv_ros/sensors.cpp:7:21:[m[K [01;31m[Kerror: [m[Kparse error in template argument list
[1.400s]     7 |     imu_pub = this->[01;31m[Kcreate_publisher<sensor_msgs::msg::Imu>[m[K("imu_data", 10);
[1.400s]       |                     [01;31m[K^~~~~~~~~~~~~~~~~~~~~~~~~~~~~~~~~~~~~~~[m[K
[1.400s] [01m[K/home/isopodin-time/ros2_ws/src/muuv_ros/src/muuv_ros/sensors.cpp:7:75:[m[K [01;31m[Kerror: [m[Kno matching function for call to â€˜[01m[KSensors::create_publisher<<expression error> >(const char [9], int)[m[Kâ€™
[1.400s]     7 |     imu_pub = this->create_publisher<sensor_msgs::msg::Imu>("imu_data", 10[01;31m[K)[m[K;
[1.400s]       |                                                                           [01;31m[K^[m[K
[1.400s] In file included from [01m[K/opt/ros/foxy/include/rclcpp/executors/single_threaded_executor.hpp:28[m[K,
[1.400s]                  from [01m[K/opt/ros/foxy/include/rclcpp/executors.hpp:22[m[K,
[1.400s]                  from [01m[K/opt/ros/foxy/include/rclcpp/rclcpp.hpp:146[m[K,
[1.400s]                  from [01m[K/home/isopodin-time/ros2_ws/src/muuv_ros/include/muuv_ros/sensors.hpp:4[m[K,
[1.400s]                  from [01m[K/home/isopodin-time/ros2_ws/src/muuv_ros/src/muuv_ros/sensors.cpp:1[m[K:
[1.400s] [01m[K/opt/ros/foxy/include/rclcpp/node.hpp:184:3:[m[K [01;36m[Knote: [m[Kcandidate: â€˜[01m[Ktemplate<class MessageT, class AllocatorT, class PublisherT> std::shared_ptr<PublisherT> rclcpp::Node::create_publisher(const string&, const rclcpp::QoS&, const rclcpp::PublisherOptionsWithAllocator<AllocatorT>&)[m[Kâ€™
[1.401s]   184 |   [01;36m[Kcreate_publisher[m[K(
[1.401s]       |   [01;36m[K^~~~~~~~~~~~~~~~[m[K
[1.401s] [01m[K/opt/ros/foxy/include/rclcpp/node.hpp:184:3:[m[K [01;36m[Knote: [m[K  template argument deduction/substitution failed:
[1.401s] [01m[K/home/isopodin-time/ros2_ws/src/muuv_ros/src/muuv_ros/sensors.cpp:7:75:[m[K [01;31m[Kerror: [m[Ktemplate argument 1 is invalid
[1.401s]     7 |     imu_pub = this->create_publisher<sensor_msgs::msg::Imu>("imu_data", 10[01;31m[K)[m[K;
[1.401s]       |                                                                           [01;31m[K^[m[K
[1.414s] [01m[K/home/isopodin-time/ros2_ws/src/muuv_ros/src/muuv_ros/sensors.cpp:[m[K In member function â€˜[01m[Kvoid Sensors::timer_Callback()[m[Kâ€™:
[1.414s] [01m[K/home/isopodin-time/ros2_ws/src/muuv_ros/src/muuv_ros/sensors.cpp:32:16:[m[K [01;31m[Kerror: [m[Kâ€˜[01m[Ksensor_msgs[m[Kâ€™ has not been declared
[1.414s]    32 |     auto msg = [01;31m[Ksensor_msgs[m[K::msg::Imu();
[1.414s]       |                [01;31m[K^~~~~~~~~~~[m[K
[1.414s] [01m[K/home/isopodin-time/ros2_ws/src/muuv_ros/src/muuv_ros/sensors.cpp:44:40:[m[K [01;31m[Kerror: [m[Kexpected identifier before numeric constant
[1.414s]    44 |     msg.angular_velocity_covariance = [[01;31m[K0[m[K, 0, 0, 0, 0, 0, 0, 0, 0];
[1.414s]       |                                        [01;31m[K^[m[K
[1.414s] [01m[K/home/isopodin-time/ros2_ws/src/muuv_ros/src/muuv_ros/sensors.cpp:44:41:[m[K [01;31m[Kerror: [m[Kexpected â€˜[01m[K][m[Kâ€™ before â€˜[01m[K,[m[Kâ€™ token
[1.414s]    44 |     msg.angular_velocity_covariance = [0[01;31m[K,[m[K 0, 0, 0, 0, 0, 0, 0, 0];
[1.414s]       |                                         [01;31m[K^[m[K
[1.415s]       |                                         [32m[K][m[K
[1.415s] [01m[K/home/isopodin-time/ros2_ws/src/muuv_ros/src/muuv_ros/sensors.cpp:[m[K In lambda function:
[1.415s] [01m[K/home/isopodin-time/ros2_ws/src/muuv_ros/src/muuv_ros/sensors.cpp:44:41:[m[K [01;31m[Kerror: [m[Kexpected â€˜[01m[K{[m[Kâ€™ before â€˜[01m[K,[m[Kâ€™ token
[1.415s] [01m[K/home/isopodin-time/ros2_ws/src/muuv_ros/src/muuv_ros/sensors.cpp:[m[K In member function â€˜[01m[Kvoid Sensors::timer_Callback()[m[Kâ€™:
[1.415s] [01m[K/home/isopodin-time/ros2_ws/src/muuv_ros/src/muuv_ros/sensors.cpp:45:35:[m[K [01;31m[Kerror: [m[Kexpected identifier before numeric constant
[1.415s]    45 |     msg.orientation_covariance = [[01;31m[K0[m[K, 0, 0, 0, 0, 0, 0, 0, 0];
[1.415s]       |                                   [01;31m[K^[m[K
[1.415s] [01m[K/home/isopodin-time/ros2_ws/src/muuv_ros/src/muuv_ros/sensors.cpp:45:36:[m[K [01;31m[Kerror: [m[Kexpected â€˜[01m[K][m[Kâ€™ before â€˜[01m[K,[m[Kâ€™ token
[1.415s]    45 |     msg.orientation_covariance = [0[01;31m[K,[m[K 0, 0, 0, 0, 0, 0, 0, 0];
[1.415s]       |                                    [01;31m[K^[m[K
[1.415s]       |                                    [32m[K][m[K
[1.415s] [01m[K/home/isopodin-time/ros2_ws/src/muuv_ros/src/muuv_ros/sensors.cpp:[m[K In lambda function:
[1.415s] [01m[K/home/isopodin-time/ros2_ws/src/muuv_ros/src/muuv_ros/sensors.cpp:45:36:[m[K [01;31m[Kerror: [m[Kexpected â€˜[01m[K{[m[Kâ€™ before â€˜[01m[K,[m[Kâ€™ token
[1.415s] [01m[K/home/isopodin-time/ros2_ws/src/muuv_ros/src/muuv_ros/sensors.cpp:[m[K In member function â€˜[01m[Kvoid Sensors::timer_Callback()[m[Kâ€™:
[1.415s] [01m[K/home/isopodin-time/ros2_ws/src/muuv_ros/src/muuv_ros/sensors.cpp:46:43:[m[K [01;31m[Kerror: [m[Kexpected identifier before numeric constant
[1.415s]    46 |     msg.linear_acceleration_covariance = [[01;31m[K0[m[K, 0, 0, 0, 0, 0, 0, 0, 0];
[1.416s]       |                                           [01;31m[K^[m[K
[1.416s] [01m[K/home/isopodin-time/ros2_ws/src/muuv_ros/src/muuv_ros/sensors.cpp:46:44:[m[K [01;31m[Kerror: [m[Kexpected â€˜[01m[K][m[Kâ€™ before â€˜[01m[K,[m[Kâ€™ token
[1.416s]    46 |     msg.linear_acceleration_covariance = [0[01;31m[K,[m[K 0, 0, 0, 0, 0, 0, 0, 0];
[1.416s]       |                                            [01;31m[K^[m[K
[1.416s]       |                                            [32m[K][m[K
[1.416s] [01m[K/home/isopodin-time/ros2_ws/src/muuv_ros/src/muuv_ros/sensors.cpp:[m[K In lambda function:
[1.416s] [01m[K/home/isopodin-time/ros2_ws/src/muuv_ros/src/muuv_ros/sensors.cpp:46:44:[m[K [01;31m[Kerror: [m[Kexpected â€˜[01m[K{[m[Kâ€™ before â€˜[01m[K,[m[Kâ€™ token
[1.790s] make[2]: *** [CMakeFiles/sensors.dir/build.make:63: CMakeFiles/sensors.dir/src/muuv_ros/sensors.cpp.o] Error 1
[1.790s] make[1]: *** [CMakeFiles/Makefile2:80: CMakeFiles/sensors.dir/all] Error 2
[1.790s] make: *** [Makefile:141: all] Error 2
[1.794s] Invoked command in '/home/isopodin-time/ros2_ws/build/muuv_ros' returned '2': CMAKE_PREFIX_PATH=${CMAKE_PREFIX_PATH}:/opt/ros/foxy /usr/bin/cmake --build /home/isopodin-time/ros2_ws/build/muuv_ros -- -j8 -l8
