-- Found ament_cmake: 0.9.12 (/opt/ros/foxy/share/ament_cmake/cmake)
-- Using PYTHON_EXECUTABLE: /usr/bin/python3
-- Found rclcpp: 2.4.3 (/opt/ros/foxy/share/rclcpp/cmake)
-- Using all available rosidl_typesupport_c: rosidl_typesupport_fastrtps_c;rosidl_typesupport_introspection_c
-- Found rosidl_adapter: 1.3.1 (/opt/ros/foxy/share/rosidl_adapter/cmake)
-- Using all available rosidl_typesupport_cpp: rosidl_typesupport_fastrtps_cpp;rosidl_typesupport_introspection_cpp
-- Found rmw_implementation_cmake: 1.0.4 (/opt/ros/foxy/share/rmw_implementation_cmake/cmake)
-- Using RMW implementation 'rmw_fastrtps_cpp' as default
-- Found geometry_msgs: 2.0.5 (/opt/ros/foxy/share/geometry_msgs/cmake)
-- Found sensor_msgs: 2.0.5 (/opt/ros/foxy/share/sensor_msgs/cmake)
-- Found control_toolbox: 2.2.0 (/opt/ros/foxy/share/control_toolbox/cmake)
-- Configuring done
-- Generating done
-- Build files have been written to: /home/isopodin-time/ros2_ws/build/muuv_ros
[35m[1mScanning dependencies of target pid[0m
[35m[1mScanning dependencies of target sensors[0m
[35m[1mScanning dependencies of target thrusters[0m
[ 11%] [32mBuilding CXX object CMakeFiles/thrusters.dir/src/muuv_ros/thrusters.cpp.o[0m
[ 22%] [32mBuilding CXX object CMakeFiles/thrusters.dir/src/raspi_dma_pwm/raspi_dma_pwm.cpp.o[0m
[ 33%] [32mBuilding CXX object CMakeFiles/sensors.dir/src/muuv_ros/sensors.cpp.o[0m
[ 44%] [32mBuilding CXX object CMakeFiles/pid.dir/src/muuv_ros/pid_node.cpp.o[0m
[01m[K/home/isopodin-time/ros2_ws/src/muuv_ros/src/muuv_ros/pid_node.cpp:3:1:[m[K [01;31m[Kerror: [m[Kexpected unqualified-id at end of input
    3 | [01;31m[KPid_node[m[K::
      | [01;31m[K^~~~~~~~[m[K
make[2]: *** [CMakeFiles/pid.dir/build.make:63: CMakeFiles/pid.dir/src/muuv_ros/pid_node.cpp.o] Error 1
make[1]: *** [CMakeFiles/Makefile2:82: CMakeFiles/pid.dir/all] Error 2
make[1]: *** Waiting for unfinished jobs....
[ 55%] [32m[1mLinking CXX executable sensors[0m
[ 77%] Built target sensors
[ 88%] [32m[1mLinking CXX executable thrusters[0m
[ 88%] Built target thrusters
make: *** [Makefile:141: all] Error 2
