[0.037s] Invoking command in '/home/isopodin-time/ros2_ws/build/muuv_ros': CMAKE_PREFIX_PATH=${CMAKE_PREFIX_PATH}:/opt/ros/foxy /usr/bin/cmake --build /home/isopodin-time/ros2_ws/build/muuv_ros -- -j8 -l8
[0.084s] -- Found ament_cmake: 0.9.12 (/opt/ros/foxy/share/ament_cmake/cmake)
[0.126s] -- Using PYTHON_EXECUTABLE: /usr/bin/python3
[0.506s] -- Found rclcpp: 2.4.3 (/opt/ros/foxy/share/rclcpp/cmake)
[0.983s] -- Using all available rosidl_typesupport_c: rosidl_typesupport_fastrtps_c;rosidl_typesupport_introspection_c
[0.990s] -- Found rosidl_adapter: 1.3.1 (/opt/ros/foxy/share/rosidl_adapter/cmake)
[15.306s] -- Using all available rosidl_typesupport_cpp: rosidl_typesupport_fastrtps_cpp;rosidl_typesupport_introspection_cpp
[15.378s] -- Found rmw_implementation_cmake: 1.0.4 (/opt/ros/foxy/share/rmw_implementation_cmake/cmake)
[15.381s] -- Using RMW implementation 'rmw_fastrtps_cpp' as default
[15.650s] -- Found geometry_msgs: 2.0.5 (/opt/ros/foxy/share/geometry_msgs/cmake)
[15.705s] -- Found sensor_msgs: 2.0.5 (/opt/ros/foxy/share/sensor_msgs/cmake)
[15.809s] -- Found control_toolbox: 2.2.0 (/opt/ros/foxy/share/control_toolbox/cmake)
[16.746s] -- Configuring done
[16.803s] -- Generating done
[16.807s] -- Build files have been written to: /home/isopodin-time/ros2_ws/build/muuv_ros
[16.877s] [35m[1mScanning dependencies of target pid[0m
[16.879s] [35m[1mScanning dependencies of target sensors[0m
[16.880s] [35m[1mScanning dependencies of target thrusters[0m
[16.931s] [ 11%] [32mBuilding CXX object CMakeFiles/thrusters.dir/src/muuv_ros/thrusters.cpp.o[0m
[16.937s] [ 22%] [32mBuilding CXX object CMakeFiles/thrusters.dir/src/raspi_dma_pwm/raspi_dma_pwm.cpp.o[0m
[16.975s] [ 33%] [32mBuilding CXX object CMakeFiles/sensors.dir/src/muuv_ros/sensors.cpp.o[0m
[17.007s] [ 44%] [32mBuilding CXX object CMakeFiles/pid.dir/src/muuv_ros/pid_node.cpp.o[0m
[19.664s] [01m[K/home/isopodin-time/ros2_ws/src/muuv_ros/src/muuv_ros/pid_node.cpp:3:1:[m[K [01;31m[Kerror: [m[Kexpected unqualified-id at end of input
[19.664s]     3 | [01;31m[KPid_node[m[K::
[19.664s]       | [01;31m[K^~~~~~~~[m[K
[20.564s] make[2]: *** [CMakeFiles/pid.dir/build.make:63: CMakeFiles/pid.dir/src/muuv_ros/pid_node.cpp.o] Error 1
[20.564s] make[1]: *** [CMakeFiles/Makefile2:82: CMakeFiles/pid.dir/all] Error 2
[20.565s] make[1]: *** Waiting for unfinished jobs....
[23.188s] [ 55%] [32m[1mLinking CXX executable sensors[0m
[23.749s] [ 77%] Built target sensors
[25.681s] [ 88%] [32m[1mLinking CXX executable thrusters[0m
[26.521s] [ 88%] Built target thrusters
[26.523s] make: *** [Makefile:141: all] Error 2
[26.527s] Invoked command in '/home/isopodin-time/ros2_ws/build/muuv_ros' returned '2': CMAKE_PREFIX_PATH=${CMAKE_PREFIX_PATH}:/opt/ros/foxy /usr/bin/cmake --build /home/isopodin-time/ros2_ws/build/muuv_ros -- -j8 -l8
