[01m[K/home/isopodin-time/ros2_ws/src/muuv_ros/src/xsens_mti_i2c/Xbus.cpp:[m[K In member function â€˜[01m[Kvoid Xbus::dataswapendian(char*, uint8_t)[m[Kâ€™:
[01m[K/home/isopodin-time/ros2_ws/src/muuv_ros/src/xsens_mti_i2c/Xbus.cpp:242:11:[m[K [01;35m[Kwarning: [m[KISO C++ forbids variable length array â€˜[01m[Kcpy[m[Kâ€™ [[01;35m[K-Wvla[m[K]
  242 |   uint8_t [01;35m[Kcpy[m[K[length];       // Create a copy of the data
      |           [01;35m[K^~~[m[K
In file included from [01m[K/home/isopodin-time/ros2_ws/src/muuv_ros/src/muuv_ros/sensors.cpp:1[m[K:
[01m[K/home/isopodin-time/ros2_ws/src/muuv_ros/include/muuv_ros/sensors.hpp:27:10:[m[K [01;31m[Kerror: [m[Kâ€˜[01m[Kstd::make_shared[m[Kâ€™ in namespace â€˜[01m[Kstd[m[Kâ€™ does not name a template type
   27 |     std::[01;31m[Kmake_shared<MTi>[m[K imu;
      |          [01;31m[K^~~~~~~~~~~~~~~~[m[K
[01m[K/home/isopodin-time/ros2_ws/src/muuv_ros/src/muuv_ros/sensors.cpp:[m[K In constructor â€˜[01m[KSensors::Sensors()[m[Kâ€™:
[01m[K/home/isopodin-time/ros2_ws/src/muuv_ros/src/muuv_ros/sensors.cpp:16:5:[m[K [01;31m[Kerror: [m[Kâ€˜[01m[Kimu[m[Kâ€™ was not declared in this scope
   16 |     [01;31m[Kimu[m[K = new MTi(pi);
      |     [01;31m[K^~~[m[K
[01m[K/home/isopodin-time/ros2_ws/src/muuv_ros/src/muuv_ros/sensors.cpp:[m[K In destructor â€˜[01m[Kvirtual Sensors::~Sensors()[m[Kâ€™:
[01m[K/home/isopodin-time/ros2_ws/src/muuv_ros/src/muuv_ros/sensors.cpp:38:5:[m[K [01;31m[Kerror: [m[Kâ€˜[01m[Kimu[m[Kâ€™ was not declared in this scope
   38 |     [01;31m[Kimu[m[K->~MTi();
      |     [01;31m[K^~~[m[K
[01m[K/home/isopodin-time/ros2_ws/src/muuv_ros/src/muuv_ros/sensors.cpp:39:12:[m[K [01;31m[Kerror: [m[Ktype â€˜[01m[K<type error>[m[Kâ€™ argument given to â€˜[01m[Kdelete[m[Kâ€™, expected pointer
   39 |     delete [01;31m[Kimu[m[K;
      |            [01;31m[K^~~[m[K
[01m[K/home/isopodin-time/ros2_ws/src/muuv_ros/src/muuv_ros/sensors.cpp:[m[K In member function â€˜[01m[Kvoid Sensors::timer_Callback()[m[Kâ€™:
[01m[K/home/isopodin-time/ros2_ws/src/muuv_ros/src/muuv_ros/sensors.cpp:48:25:[m[K [01;31m[Kerror: [m[Kâ€˜[01m[Kimu[m[Kâ€™ was not declared in this scope
   48 |     msg.orientation.x = [01;31m[Kimu[m[K->getQuat()[0];
      |                         [01;31m[K^~~[m[K
make[2]: *** [CMakeFiles/sensors.dir/build.make:63: CMakeFiles/sensors.dir/src/muuv_ros/sensors.cpp.o] Error 1
make[1]: *** [CMakeFiles/Makefile2:111: CMakeFiles/sensors.dir/all] Error 2
make: *** [Makefile:141: all] Error 2
