[35m[1mScanning dependencies of target pid_recombiner[0m
[ 44%] Built target sensors
[ 77%] Built target thrusters
[ 88%] [32mBuilding CXX object CMakeFiles/pid_recombiner.dir/src/muuv_ros/pid_recombiner.cpp.o[0m
[01m[K/home/isopodin-time/ros2_ws/src/muuv_ros/src/muuv_ros/pid_recombiner.cpp:[m[K In constructor â€˜[01m[KPid_recombiner::Pid_recombiner()[m[Kâ€™:
[01m[K/home/isopodin-time/ros2_ws/src/muuv_ros/src/muuv_ros/pid_recombiner.cpp:48:14:[m[K [01;31m[Kerror: [m[Kparse error in template argument list
   48 |         std::[01;31m[Kmake_shared<message_filters::Synchronizer<approximate_policy> syncApproximate(approximate_policy(10), sub_x, sub_y, sub_z,[m[K
      |              [01;31m[K^~~~~~~~~~~~~~~~~~~~~~~~~~~~~~~~~~~~~~~~~~~~~~~~~~~~~~~~~~~~~~~~~~~~~~~~~~~~~~~~~~~~~~~~~~~~~~~~~~~~~~~~~~~~~~~~~~~~~~~~~~[m[K
   49 | [01;31m[K                                                                          sub_rx, sub_ry, sub_rz)>[m[K;
      |                                                                           [01;31m[K~~~~~~~~~~~~~~~~~~~~~~~~[m[K
[01m[K/home/isopodin-time/ros2_ws/src/muuv_ros/src/muuv_ros/pid_recombiner.cpp:48:14:[m[K [01;31m[Kerror: [m[Kstatement cannot resolve address of overloaded function
   48 |         [01;31m[Kstd::make_shared<message_filters::Synchronizer<approximate_policy> syncApproximate(approximate_policy(10), sub_x, sub_y, sub_z,[m[K
      |         [01;31m[K~~~~~^~~~~~~~~~~~~~~~~~~~~~~~~~~~~~~~~~~~~~~~~~~~~~~~~~~~~~~~~~~~~~~~~~~~~~~~~~~~~~~~~~~~~~~~~~~~~~~~~~~~~~~~~~~~~~~~~~~~~~~~~~[m[K
   49 | [01;31m[K                                                                          sub_rx, sub_ry, sub_rz)>[m[K;
      |                                                                           [01;31m[K~~~~~~~~~~~~~~~~~~~~~~~~[m[K
[01m[K/home/isopodin-time/ros2_ws/src/muuv_ros/src/muuv_ros/pid_recombiner.cpp:50:9:[m[K [01;31m[Kerror: [m[Kâ€˜[01m[KsyncApproximate[m[Kâ€™ was not declared in this scope
   50 |         [01;31m[KsyncApproximate[m[K->registerCallback(ctrl_effort_callback);
      |         [01;31m[K^~~~~~~~~~~~~~~[m[K
make[2]: *** [CMakeFiles/pid_recombiner.dir/build.make:63: CMakeFiles/pid_recombiner.dir/src/muuv_ros/pid_recombiner.cpp.o] Error 1
make[1]: *** [CMakeFiles/Makefile2:109: CMakeFiles/pid_recombiner.dir/all] Error 2
make: *** [Makefile:141: all] Error 2
