[35m[1mScanning dependencies of target pid_recombiner[0m
[ 33%] Built target thrusters
[ 77%] Built target sensors
[ 88%] [32mBuilding CXX object CMakeFiles/pid_recombiner.dir/src/muuv_ros/pid_recombiner.cpp.o[0m
[01m[K/home/isopodin-time/ros2_ws/src/muuv_ros/src/muuv_ros/pid_recombiner.cpp:[m[K In constructor â€˜[01m[KPid_recombiner::Pid_recombiner()[m[Kâ€™:
[01m[K/home/isopodin-time/ros2_ws/src/muuv_ros/src/muuv_ros/pid_recombiner.cpp:45:113:[m[K [01;31m[Kerror: [m[Kâ€˜[01m[Ksub_z[m[Kâ€™ was not declared in this scope; did you mean â€˜[01m[Ksub_x[m[Kâ€™?
   45 |         message_filters::Synchronizer<approximate_policy> syncApproximate(approximate_policy(10), sub_x, sub_y, [01;31m[Ksub_z[m[K,
      |                                                                                                                 [01;31m[K^~~~~[m[K
      |                                                                                                                 [32m[Ksub_x[m[K
[01m[K/home/isopodin-time/ros2_ws/src/muuv_ros/src/muuv_ros/pid_recombiner.cpp:46:75:[m[K [01;31m[Kerror: [m[Kâ€˜[01m[Ksub_rx[m[Kâ€™ was not declared in this scope; did you mean â€˜[01m[Ksub_x[m[Kâ€™?
   46 |                                                                           [01;31m[Ksub_rx[m[K, sub_ry, sub_rz);
      |                                                                           [01;31m[K^~~~~~[m[K
      |                                                                           [32m[Ksub_x[m[K
[01m[K/home/isopodin-time/ros2_ws/src/muuv_ros/src/muuv_ros/pid_recombiner.cpp:46:83:[m[K [01;31m[Kerror: [m[Kâ€˜[01m[Ksub_ry[m[Kâ€™ was not declared in this scope; did you mean â€˜[01m[Ksub_y[m[Kâ€™?
   46 |                                                                           sub_rx, [01;31m[Ksub_ry[m[K, sub_rz);
      |                                                                                   [01;31m[K^~~~~~[m[K
      |                                                                                   [32m[Ksub_y[m[K
[01m[K/home/isopodin-time/ros2_ws/src/muuv_ros/src/muuv_ros/pid_recombiner.cpp:46:91:[m[K [01;31m[Kerror: [m[Kâ€˜[01m[Ksub_rz[m[Kâ€™ was not declared in this scope; did you mean â€˜[01m[Ksub_x[m[Kâ€™?
   46 |                                                                           sub_rx, sub_ry, [01;31m[Ksub_rz[m[K);
      |                                                                                           [01;31m[K^~~~~~[m[K
      |                                                                                           [32m[Ksub_x[m[K
[01m[K/home/isopodin-time/ros2_ws/src/muuv_ros/src/muuv_ros/pid_recombiner.cpp:47:59:[m[K [01;31m[Kerror: [m[Kredeclaration of â€˜[01m[Kmessage_filters::Synchronizer<message_filters::sync_policies::ApproximateTime<custom_msg_srv::msg::Float64Stamped_<std::allocator<void> >, custom_msg_srv::msg::Float64Stamped_<std::allocator<void> > > > syncApproximate[m[Kâ€™
   47 |         message_filters::Synchronizer<approximate_policy> [01;31m[KsyncApproximate[m[K(approximate_policy(10), sub_x, sub_y);
      |                                                           [01;31m[K^~~~~~~~~~~~~~~[m[K
[01m[K/home/isopodin-time/ros2_ws/src/muuv_ros/src/muuv_ros/pid_recombiner.cpp:45:59:[m[K [01;36m[Knote: [m[Kâ€˜[01m[Kmessage_filters::Synchronizer<message_filters::sync_policies::ApproximateTime<custom_msg_srv::msg::Float64Stamped_<std::allocator<void> >, custom_msg_srv::msg::Float64Stamped_<std::allocator<void> > > > syncApproximate[m[Kâ€™ previously declared here
   45 |         message_filters::Synchronizer<approximate_policy> [01;36m[KsyncApproximate[m[K(approximate_policy(10), sub_x, sub_y, sub_z,
      |                                                           [01;36m[K^~~~~~~~~~~~~~~[m[K
make[2]: *** [CMakeFiles/pid_recombiner.dir/build.make:63: CMakeFiles/pid_recombiner.dir/src/muuv_ros/pid_recombiner.cpp.o] Error 1
make[1]: *** [CMakeFiles/Makefile2:109: CMakeFiles/pid_recombiner.dir/all] Error 2
make: *** [Makefile:141: all] Error 2
