[01m[Kc++:[m[K [01;31m[Kfatal error: [m[KKilled signal terminated program cc1plus
compilation terminated.
make[2]: *** [CMakeFiles/uuv_gazebo_ros_base_model_plugin.dir/build.make:63: CMakeFiles/uuv_gazebo_ros_base_model_plugin.dir/src/ROSBasePlugin.cpp.o] Error 1
make[1]: *** [CMakeFiles/Makefile2:210: CMakeFiles/uuv_gazebo_ros_base_model_plugin.dir/all] Error 2
make[1]: *** Waiting for unfinished jobs....
make: *** [Makefile:141: all] Error 2
