[01m[K/home/isopodin-time/ros2_ws/src/muuv_ros/src/muuv_ros/pid_recombiner.cpp:80:13:[m[K [01;31m[Kerror: [m[Kâ€˜[01m[KSubscriber[m[Kâ€™ in namespace â€˜[01m[Krclcpp[m[Kâ€™ does not name a template type
   80 |     rclcpp::[01;31m[KSubscriber[m[K<StampedFloatMsg> sub_x;
      |             [01;31m[K^~~~~~~~~~[m[K
[01m[K/home/isopodin-time/ros2_ws/src/muuv_ros/src/muuv_ros/pid_recombiner.cpp:81:13:[m[K [01;31m[Kerror: [m[Kâ€˜[01m[KSubscriber[m[Kâ€™ in namespace â€˜[01m[Krclcpp[m[Kâ€™ does not name a template type
   81 |     rclcpp::[01;31m[KSubscriber[m[K<StampedFloatMsg> sub_y;
      |             [01;31m[K^~~~~~~~~~[m[K
[01m[K/home/isopodin-time/ros2_ws/src/muuv_ros/src/muuv_ros/pid_recombiner.cpp:82:13:[m[K [01;31m[Kerror: [m[Kâ€˜[01m[KSubscriber[m[Kâ€™ in namespace â€˜[01m[Krclcpp[m[Kâ€™ does not name a template type
   82 |     rclcpp::[01;31m[KSubscriber[m[K<StampedFloatMsg> sub_z;
      |             [01;31m[K^~~~~~~~~~[m[K
[01m[K/home/isopodin-time/ros2_ws/src/muuv_ros/src/muuv_ros/pid_recombiner.cpp:83:13:[m[K [01;31m[Kerror: [m[Kâ€˜[01m[KSubscriber[m[Kâ€™ in namespace â€˜[01m[Krclcpp[m[Kâ€™ does not name a template type
   83 |     rclcpp::[01;31m[KSubscriber[m[K<StampedFloatMsg> sub_rx;
      |             [01;31m[K^~~~~~~~~~[m[K
[01m[K/home/isopodin-time/ros2_ws/src/muuv_ros/src/muuv_ros/pid_recombiner.cpp:84:13:[m[K [01;31m[Kerror: [m[Kâ€˜[01m[KSubscriber[m[Kâ€™ in namespace â€˜[01m[Krclcpp[m[Kâ€™ does not name a template type
   84 |     rclcpp::[01;31m[KSubscriber[m[K<StampedFloatMsg> sub_ry;
      |             [01;31m[K^~~~~~~~~~[m[K
[01m[K/home/isopodin-time/ros2_ws/src/muuv_ros/src/muuv_ros/pid_recombiner.cpp:85:13:[m[K [01;31m[Kerror: [m[Kâ€˜[01m[KSubscriber[m[Kâ€™ in namespace â€˜[01m[Krclcpp[m[Kâ€™ does not name a template type
   85 |     rclcpp::[01;31m[KSubscriber[m[K<StampedFloatMsg> sub_rz;
      |             [01;31m[K^~~~~~~~~~[m[K
[01m[K/home/isopodin-time/ros2_ws/src/muuv_ros/src/muuv_ros/pid_recombiner.cpp:[m[K In constructor â€˜[01m[KPid_recombiner::Pid_recombiner()[m[Kâ€™:
[01m[K/home/isopodin-time/ros2_ws/src/muuv_ros/src/muuv_ros/pid_recombiner.cpp:19:42:[m[K [01;31m[Kerror: [m[Kâ€˜[01m[Kchrono[m[Kâ€™ has not been declared
   19 |         timer_ = this->create_wall_timer([01;31m[Kchrono[m[K::milliseconds(1000*(1/hz)), bind(&Pid_recombiner::timer_Callback, this));
      |                                          [01;31m[K^~~~~~[m[K
[01m[K/home/isopodin-time/ros2_ws/src/muuv_ros/src/muuv_ros/pid_recombiner.cpp:32:9:[m[K [01;31m[Kerror: [m[Kâ€˜[01m[Ksub_x[m[Kâ€™ was not declared in this scope
   32 |         [01;31m[Ksub_x[m[K = this->create_subscription<StampedFloatMsg>(this->get_parameter("ctrl_effort.x").as_string(), 10, std::bind(&Pid_recombiner::ctrl_effort_x_callback, this, _1));
      |         [01;31m[K^~~~~[m[K
[01m[K/home/isopodin-time/ros2_ws/src/muuv_ros/src/muuv_ros/pid_recombiner.cpp:32:171:[m[K [01;31m[Kerror: [m[Kâ€˜[01m[K_1[m[Kâ€™ was not declared in this scope; did you mean â€˜[01m[Kstd::placeholders::_1[m[Kâ€™?
   32 |         sub_x = this->create_subscription<StampedFloatMsg>(this->get_parameter("ctrl_effort.x").as_string(), 10, std::bind(&Pid_recombiner::ctrl_effort_x_callback, this, [01;31m[K_1[m[K));
      |                                                                                                                                                                           [01;31m[K^~[m[K
      |                                                                                                                                                                           [32m[Kstd::placeholders::_1[m[K
In file included from [01m[K/opt/ros/foxy/include/rclcpp/context.hpp:19[m[K,
                 from [01m[K/opt/ros/foxy/include/rclcpp/contexts/default_context.hpp:18[m[K,
                 from [01m[K/opt/ros/foxy/include/rclcpp/executor.hpp:32[m[K,
                 from [01m[K/opt/ros/foxy/include/rclcpp/executors/multi_threaded_executor.hpp:26[m[K,
                 from [01m[K/opt/ros/foxy/include/rclcpp/executors.hpp:21[m[K,
                 from [01m[K/opt/ros/foxy/include/rclcpp/rclcpp.hpp:146[m[K,
                 from [01m[K/home/isopodin-time/ros2_ws/src/muuv_ros/src/muuv_ros/pid_recombiner.cpp:3[m[K:
[01m[K/usr/include/c++/9/functional:211:34:[m[K [01;36m[Knote: [m[Kâ€˜[01m[Kstd::placeholders::_1[m[Kâ€™ declared here
  211 |     extern const _Placeholder<1> [01;36m[K_1[m[K;
      |                                  [01;36m[K^~[m[K
[01m[K/home/isopodin-time/ros2_ws/src/muuv_ros/src/muuv_ros/pid_recombiner.cpp:33:9:[m[K [01;31m[Kerror: [m[Kâ€˜[01m[Ksub_y[m[Kâ€™ was not declared in this scope
   33 |         [01;31m[Ksub_y[m[K = this->create_subscription<StampedFloatMsg>(this->get_parameter("ctrl_effort.y").as_string(), 10, std::bind(&Pid_recombiner::ctrl_effort_y_callback, this, _1));
      |         [01;31m[K^~~~~[m[K
[01m[K/home/isopodin-time/ros2_ws/src/muuv_ros/src/muuv_ros/pid_recombiner.cpp:34:9:[m[K [01;31m[Kerror: [m[Kâ€˜[01m[Ksub_z[m[Kâ€™ was not declared in this scope
   34 |         [01;31m[Ksub_z[m[K = this->create_subscription<StampedFloatMsg>(this->get_parameter("ctrl_effort.z").as_string(), 10, std::bind(&Pid_recombiner::ctrl_effort_z_callback, this, _1));
      |         [01;31m[K^~~~~[m[K
[01m[K/home/isopodin-time/ros2_ws/src/muuv_ros/src/muuv_ros/pid_recombiner.cpp:35:9:[m[K [01;31m[Kerror: [m[Kâ€˜[01m[Ksub_rx[m[Kâ€™ was not declared in this scope
   35 |         [01;31m[Ksub_rx[m[K = this->create_subscription<StampedFloatMsg>(this->get_parameter("ctrl_effort.rx").as_string(), 10, std::bind(&Pid_recombiner::ctrl_effort_rx_callback, this, _1));
      |         [01;31m[K^~~~~~[m[K
[01m[K/home/isopodin-time/ros2_ws/src/muuv_ros/src/muuv_ros/pid_recombiner.cpp:36:9:[m[K [01;31m[Kerror: [m[Kâ€˜[01m[Ksub_ry[m[Kâ€™ was not declared in this scope
   36 |         [01;31m[Ksub_ry[m[K = this->create_subscription<StampedFloatMsg>(this->get_parameter("ctrl_effort.ry").as_string(), 10, std::bind(&Pid_recombiner::ctrl_effort_ry_callback, this, _1));
      |         [01;31m[K^~~~~~[m[K
[01m[K/home/isopodin-time/ros2_ws/src/muuv_ros/src/muuv_ros/pid_recombiner.cpp:37:9:[m[K [01;31m[Kerror: [m[Kâ€˜[01m[Ksub_rz[m[Kâ€™ was not declared in this scope
   37 |         [01;31m[Ksub_rz[m[K = this->create_subscription<StampedFloatMsg>(this->get_parameter("ctrl_effort.rz").as_string(), 10, std::bind(&Pid_recombiner::ctrl_effort_rz_callback, this, _1));
      |         [01;31m[K^~~~~~[m[K
[01m[K/home/isopodin-time/ros2_ws/src/muuv_ros/src/muuv_ros/pid_recombiner.cpp:[m[K In member function â€˜[01m[Kvoid Pid_recombiner::ctrl_effort_x_callback(const ConstSharedPtr&) const[m[Kâ€™:
[01m[K/home/isopodin-time/ros2_ws/src/muuv_ros/src/muuv_ros/pid_recombiner.cpp:43:19:[m[K [01;31m[Kerror: [m[Kassignment of read-only location â€˜[01m[K((const Pid_recombiner*)this)->Pid_recombiner::output[0][m[Kâ€™
   43 |         [01;31m[Koutput[0] = msg_x->data[m[K;
      |         [01;31m[K~~~~~~~~~~^~~~~~~~~~~~~[m[K
[01m[K/home/isopodin-time/ros2_ws/src/muuv_ros/src/muuv_ros/pid_recombiner.cpp:[m[K In member function â€˜[01m[Kvoid Pid_recombiner::ctrl_effort_y_callback(const ConstSharedPtr&) const[m[Kâ€™:
[01m[K/home/isopodin-time/ros2_ws/src/muuv_ros/src/muuv_ros/pid_recombiner.cpp:47:19:[m[K [01;31m[Kerror: [m[Kassignment of read-only location â€˜[01m[K((const Pid_recombiner*)this)->Pid_recombiner::output[1][m[Kâ€™
   47 |         [01;31m[Koutput[1] = msg_y->data[m[K;
      |         [01;31m[K~~~~~~~~~~^~~~~~~~~~~~~[m[K
[01m[K/home/isopodin-time/ros2_ws/src/muuv_ros/src/muuv_ros/pid_recombiner.cpp:[m[K In member function â€˜[01m[Kvoid Pid_recombiner::ctrl_effort_z_callback(const ConstSharedPtr&) const[m[Kâ€™:
[01m[K/home/isopodin-time/ros2_ws/src/muuv_ros/src/muuv_ros/pid_recombiner.cpp:51:19:[m[K [01;31m[Kerror: [m[Kassignment of read-only location â€˜[01m[K((const Pid_recombiner*)this)->Pid_recombiner::output[2][m[Kâ€™
   51 |         [01;31m[Koutput[2] = msg_z->data[m[K;
      |         [01;31m[K~~~~~~~~~~^~~~~~~~~~~~~[m[K
[01m[K/home/isopodin-time/ros2_ws/src/muuv_ros/src/muuv_ros/pid_recombiner.cpp:[m[K In member function â€˜[01m[Kvoid Pid_recombiner::ctrl_effort_rx_callback(const ConstSharedPtr&) const[m[Kâ€™:
[01m[K/home/isopodin-time/ros2_ws/src/muuv_ros/src/muuv_ros/pid_recombiner.cpp:55:19:[m[K [01;31m[Kerror: [m[Kassignment of read-only location â€˜[01m[K((const Pid_recombiner*)this)->Pid_recombiner::output[3][m[Kâ€™
   55 |         [01;31m[Koutput[3] = msg_rx->data[m[K;
      |         [01;31m[K~~~~~~~~~~^~~~~~~~~~~~~~[m[K
[01m[K/home/isopodin-time/ros2_ws/src/muuv_ros/src/muuv_ros/pid_recombiner.cpp:[m[K In member function â€˜[01m[Kvoid Pid_recombiner::ctrl_effort_ry_callback(const ConstSharedPtr&) const[m[Kâ€™:
[01m[K/home/isopodin-time/ros2_ws/src/muuv_ros/src/muuv_ros/pid_recombiner.cpp:59:19:[m[K [01;31m[Kerror: [m[Kassignment of read-only location â€˜[01m[K((const Pid_recombiner*)this)->Pid_recombiner::output[4][m[Kâ€™
   59 |         [01;31m[Koutput[4] = msg_ry->data[m[K;
      |         [01;31m[K~~~~~~~~~~^~~~~~~~~~~~~~[m[K
[01m[K/home/isopodin-time/ros2_ws/src/muuv_ros/src/muuv_ros/pid_recombiner.cpp:[m[K In member function â€˜[01m[Kvoid Pid_recombiner::ctrl_effort_rz_callback(const ConstSharedPtr&) const[m[Kâ€™:
[01m[K/home/isopodin-time/ros2_ws/src/muuv_ros/src/muuv_ros/pid_recombiner.cpp:63:19:[m[K [01;31m[Kerror: [m[Kassignment of read-only location â€˜[01m[K((const Pid_recombiner*)this)->Pid_recombiner::output[5][m[Kâ€™
   63 |         [01;31m[Koutput[5] = msg_rz->data[m[K;
      |         [01;31m[K~~~~~~~~~~^~~~~~~~~~~~~~[m[K
make[2]: *** [CMakeFiles/pid_recombiner.dir/build.make:63: CMakeFiles/pid_recombiner.dir/src/muuv_ros/pid_recombiner.cpp.o] Error 1
make[1]: *** [CMakeFiles/Makefile2:140: CMakeFiles/pid_recombiner.dir/all] Error 2
make[1]: *** Waiting for unfinished jobs....
make: *** [Makefile:141: all] Error 2
