[01m[K/home/isopodin-time/ros2_ws/src/muuv_ros/src/muuv_ros/sensors.cpp:[m[K In member function â€˜[01m[Kvoid Sensors::timer_Callback()[m[Kâ€™:
[01m[K/home/isopodin-time/ros2_ws/src/muuv_ros/src/muuv_ros/sensors.cpp:46:10:[m[K [01;31m[Kerror: [m[Kâ€˜[01m[Kclass MTi[m[Kâ€™ has no member named â€˜[01m[Kread[m[Kâ€™
   46 |     imu->[01;31m[Kread[m[K();
      |          [01;31m[K^~~~[m[K
make[2]: *** [CMakeFiles/sensors.dir/build.make:63: CMakeFiles/sensors.dir/src/muuv_ros/sensors.cpp.o] Error 1
make[1]: *** [CMakeFiles/Makefile2:111: CMakeFiles/sensors.dir/all] Error 2
make: *** [Makefile:141: all] Error 2
