[01m[K/home/isopodin-time/ros2_ws/src/muuv_ros/src/xsens_mti_i2c/Xbus.cpp:[m[K In member function â€˜[01m[Kvoid Xbus::dataswapendian(char*, uint8_t)[m[Kâ€™:
[01m[K/home/isopodin-time/ros2_ws/src/muuv_ros/src/xsens_mti_i2c/Xbus.cpp:238:11:[m[K [01;35m[Kwarning: [m[KISO C++ forbids variable length array â€˜[01m[Kcpy[m[Kâ€™ [[01;35m[K-Wvla[m[K]
  238 |   uint8_t [01;35m[Kcpy[m[K[length];       // Create a copy of the data
      |           [01;35m[K^~~[m[K
[01m[K/home/isopodin-time/ros2_ws/src/muuv_ros/src/muuv_ros/sensors.cpp:[m[K In constructor â€˜[01m[KSensors::Sensors()[m[Kâ€™:
[01m[K/home/isopodin-time/ros2_ws/src/muuv_ros/src/muuv_ros/sensors.cpp:21:14:[m[K [01;31m[Kerror: [m[Kâ€˜[01m[Kclass MTi[m[Kâ€™ has no member named â€˜[01m[Kconfigureoutputs[m[Kâ€™; did you mean â€˜[01m[KconfigureOutputs[m[Kâ€™?
   21 |         imu->[01;31m[Kconfigureoutputs[m[K(modes, hz, 3);
      |              [01;31m[K^~~~~~~~~~~~~~~~[m[K
      |              [32m[KconfigureOutputs[m[K
make[2]: *** [CMakeFiles/sensors.dir/build.make:63: CMakeFiles/sensors.dir/src/muuv_ros/sensors.cpp.o] Error 1
make[1]: *** [CMakeFiles/Makefile2:109: CMakeFiles/sensors.dir/all] Error 2
make: *** [Makefile:141: all] Error 2
