[0.023s] Invoking command in '/home/isopodin-time/ros2_ws/build/muuv_ros': CMAKE_PREFIX_PATH=${CMAKE_PREFIX_PATH}:/opt/ros/foxy /usr/bin/cmake --build /home/isopodin-time/ros2_ws/build/muuv_ros -- -j8 -l8
[0.086s] [35m[1mScanning dependencies of target sensors[0m
[0.111s] [ 22%] Built target pid
[0.118s] [ 55%] Built target thrusters
[0.135s] [ 66%] [32mBuilding CXX object CMakeFiles/sensors.dir/src/xsens_mti_i2c/Xbus.cpp.o[0m
[0.137s] [ 77%] [32mBuilding CXX object CMakeFiles/sensors.dir/src/muuv_ros/sensors.cpp.o[0m
[0.137s] [ 88%] [32mBuilding CXX object CMakeFiles/sensors.dir/src/xsens_mti_i2c/MTi.cpp.o[0m
[0.446s] [01m[K/home/isopodin-time/ros2_ws/src/muuv_ros/src/xsens_mti_i2c/Xbus.cpp:[m[K In member function â€˜[01m[Kvoid Xbus::dataswapendian(char*, uint8_t)[m[Kâ€™:
[0.446s] [01m[K/home/isopodin-time/ros2_ws/src/muuv_ros/src/xsens_mti_i2c/Xbus.cpp:238:11:[m[K [01;35m[Kwarning: [m[KISO C++ forbids variable length array â€˜[01m[Kcpy[m[Kâ€™ [[01;35m[K-Wvla[m[K]
[0.446s]   238 |   uint8_t [01;35m[Kcpy[m[K[length];       // Create a copy of the data
[0.447s]       |           [01;35m[K^~~[m[K
[1.851s] [01m[K/home/isopodin-time/ros2_ws/src/muuv_ros/src/muuv_ros/sensors.cpp:[m[K In constructor â€˜[01m[KSensors::Sensors()[m[Kâ€™:
[1.851s] [01m[K/home/isopodin-time/ros2_ws/src/muuv_ros/src/muuv_ros/sensors.cpp:21:14:[m[K [01;31m[Kerror: [m[Kâ€˜[01m[Kclass MTi[m[Kâ€™ has no member named â€˜[01m[Kconfigureoutputs[m[Kâ€™; did you mean â€˜[01m[KconfigureOutputs[m[Kâ€™?
[1.851s]    21 |         imu->[01;31m[Kconfigureoutputs[m[K(modes, hz, 3);
[1.851s]       |              [01;31m[K^~~~~~~~~~~~~~~~[m[K
[1.851s]       |              [32m[KconfigureOutputs[m[K
[2.809s] make[2]: *** [CMakeFiles/sensors.dir/build.make:63: CMakeFiles/sensors.dir/src/muuv_ros/sensors.cpp.o] Error 1
[2.809s] make[1]: *** [CMakeFiles/Makefile2:109: CMakeFiles/sensors.dir/all] Error 2
[2.809s] make: *** [Makefile:141: all] Error 2
[2.816s] Invoked command in '/home/isopodin-time/ros2_ws/build/muuv_ros' returned '2': CMAKE_PREFIX_PATH=${CMAKE_PREFIX_PATH}:/opt/ros/foxy /usr/bin/cmake --build /home/isopodin-time/ros2_ws/build/muuv_ros -- -j8 -l8
