[35m[1mScanning dependencies of target pid_component[0m
[ 50%] [32mBuilding CXX object CMakeFiles/pid_component.dir/src/pid_component/pid_component.cpp.o[0m
[01m[K/home/isopodin-time/ros2_ws/src/pid_component/src/pid_component/pid_component.cpp:[m[K In constructor â€˜[01m[KPid_component::Pid_component(const rclcpp::NodeOptions&)[m[Kâ€™:
[01m[K/home/isopodin-time/ros2_ws/src/pid_component/src/pid_component/pid_component.cpp:3:122:[m[K [01;31m[Kerror: [m[Kexpected â€˜[01m[K{[m[Kâ€™ before â€˜[01m[K:[m[Kâ€™ token
    3 | omponent(const rclcpp::NodeOptions &options) : node_(std::make_shared<rclcpp::Node>("pid", options)) [01;31m[K:[m[K pid()
      |                                                                                                      [01;31m[K^[m[K

[01m[K/home/isopodin-time/ros2_ws/src/pid_component/src/pid_component/pid_component.cpp:[m[K At global scope:
[01m[K/home/isopodin-time/ros2_ws/src/pid_component/src/pid_component/pid_component.cpp:3:122:[m[K [01;31m[Kerror: [m[Kexpected unqualified-id before â€˜[01m[K:[m[Kâ€™ token
make[2]: *** [CMakeFiles/pid_component.dir/build.make:63: CMakeFiles/pid_component.dir/src/pid_component/pid_component.cpp.o] Error 1
make[1]: *** [CMakeFiles/Makefile2:78: CMakeFiles/pid_component.dir/all] Error 2
make: *** [Makefile:141: all] Error 2
