[0.267s] Invoking command in '/home/isopodin-time/ros2_ws/build/pid_component': CMAKE_PREFIX_PATH=/home/isopodin-time/ros2_ws/install/custom_msg_srv:/home/isopodin-time/ros2_ws/install/plankton:/home/isopodin-time/ros2_ws/install/uuv_simulator:/home/isopodin-time/ros2_ws/install/uuv_world_ros_plugins:/home/isopodin-time/ros2_ws/install/uuv_tutorials:/home/isopodin-time/ros2_ws/install/uuv_tutorial_dp_controller:/home/isopodin-time/ros2_ws/install/uuv_tutorial_disturbances:/home/isopodin-time/ros2_ws/install/uuv_control_utils:/home/isopodin-time/ros2_ws/install/uuv_world_ros_plugins_msgs:/home/isopodin-time/ros2_ws/install/uuv_world_plugins:/home/isopodin-time/ros2_ws/install/uuv_tutorial_seabed_world:/home/isopodin-time/ros2_ws/install/uuv_trajectory_control:/home/isopodin-time/ros2_ws/install/uuv_teleop:/home/isopodin-time/ros2_ws/install/uuv_thruster_manager:/home/isopodin-time/ros2_ws/install/uuv_descriptions:/home/isopodin-time/ros2_ws/install/uuv_sensor_ros_plugins:/home/isopodin-time/ros2_ws/install/uuv_sensor_ros_plugins_msgs:/home/isopodin-time/ros2_ws/install/uuv_gazebo_worlds:/home/isopodin-time/ros2_ws/install/uuv_gazebo_ros_plugins:/home/isopodin-time/ros2_ws/install/uuv_gazebo_ros_plugins_msgs:/home/isopodin-time/ros2_ws/install/uuv_gazebo_plugins:/home/isopodin-time/ros2_ws/install/uuv_gazebo:/home/isopodin-time/ros2_ws/install/uuv_control_msgs:/home/isopodin-time/ros2_ws/install/uuv_control_cascaded_pid:/home/isopodin-time/ros2_ws/install/uuv_auv_control_allocator:/home/isopodin-time/ros2_ws/install/uuv_assistants:/home/isopodin-time/ros2_ws/install/muuv_sim:/home/isopodin-time/ros2_ws/install/test_sim:/home/isopodin-time/ros2_ws/install/plankton_utils:/home/isopodin-time/ros2_ws/install/pid_component:/home/isopodin-time/ros2_ws/install/muuv_sim_description:/home/isopodin-time/ros2_ws/install/muuv_sim_control:/home/isopodin-time/ros2_ws/install/muuv_ros:/opt/ros/foxy LD_LIBRARY_PATH=/home/isopodin-time/ros2_ws/install/custom_msg_srv/lib:/home/isopodin-time/ros2_ws/install/uuv_world_ros_plugins/lib:/home/isopodin-time/ros2_ws/install/uuv_world_ros_plugins_msgs/lib:/home/isopodin-time/ros2_ws/install/uuv_world_plugins/lib:/home/isopodin-time/ros2_ws/install/uuv_thruster_manager/lib:/home/isopodin-time/ros2_ws/install/uuv_sensor_ros_plugins/lib:/home/isopodin-time/ros2_ws/install/uuv_sensor_ros_plugins_msgs/lib:/home/isopodin-time/ros2_ws/install/uuv_gazebo_ros_plugins/lib:/home/isopodin-time/ros2_ws/install/uuv_gazebo_ros_plugins_msgs/lib:/home/isopodin-time/ros2_ws/install/uuv_gazebo_plugins/lib:/home/isopodin-time/ros2_ws/install/uuv_control_msgs/lib:/home/isopodin-time/ros2_ws/install/uuv_auv_control_allocator/lib:/home/isopodin-time/ros2_ws/install/pid_component/lib:/usr/lib/x86_64-linux-gnu/gazebo-11/plugins:/opt/ros/foxy/opt/yaml_cpp_vendor/lib:/opt/ros/foxy/opt/rviz_ogre_vendor/lib:/opt/ros/foxy/lib/x86_64-linux-gnu:/opt/ros/foxy/lib:/usr/lib/x86_64-linux-gnu/gazebo-11/plugins PYTHONPATH=/home/isopodin-time/ros2_ws/install/custom_msg_srv/lib/python3.8/site-packages:/home/isopodin-time/ros2_ws/install/uuv_world_ros_plugins_msgs/lib/python3.8/site-packages:/home/isopodin-time/ros2_ws/install/uuv_trajectory_control/lib/python3.8/site-packages:/home/isopodin-time/ros2_ws/install/uuv_thruster_manager/lib/python3.8/site-packages:/home/isopodin-time/ros2_ws/install/uuv_sensor_ros_plugins_msgs/lib/python3.8/site-packages:/home/isopodin-time/ros2_ws/install/uuv_gazebo_ros_plugins_msgs/lib/python3.8/site-packages:/home/isopodin-time/ros2_ws/install/uuv_control_msgs/lib/python3.8/site-packages:/home/isopodin-time/ros2_ws/install/uuv_control_cascaded_pid/lib/python3.8/site-packages:/home/isopodin-time/ros2_ws/install/uuv_auv_control_allocator/lib/python3.8/site-packages:/home/isopodin-time/ros2_ws/install/uuv_assistants/lib/python3.8/site-packages:/home/isopodin-time/ros2_ws/install/plankton_utils/lib/python3.8/site-packages:/opt/ros/foxy/lib/python3.8/site-packages /usr/bin/cmake --build /home/isopodin-time/ros2_ws/build/pid_component -- -j8 -l8
[0.330s] [35m[1mScanning dependencies of target pid_component[0m
[0.376s] [ 50%] [32mBuilding CXX object CMakeFiles/pid_component.dir/src/pid_component/pid_component.cpp.o[0m
[1.912s] [01m[K/home/isopodin-time/ros2_ws/src/pid_component/src/pid_component/pid_component.cpp:[m[K In constructor â€˜[01m[KPid_component::Pid_component(const rclcpp::NodeOptions&)[m[Kâ€™:
[1.912s] [01m[K/home/isopodin-time/ros2_ws/src/pid_component/src/pid_component/pid_component.cpp:28:18:[m[K [01;31m[Kerror: [m[Kâ€˜[01m[Kuint64_4[m[Kâ€™ was not declared in this scope; did you mean â€˜[01m[Kuint64_t[m[Kâ€™?
[1.912s]    28 |     last_time = ([01;31m[Kuint64_4[m[K) this->node_->now();
[1.912s]       |                  [01;31m[K^~~~~~~~[m[K
[1.912s]       |                  [32m[Kuint64_t[m[K
[1.916s] [01m[K/home/isopodin-time/ros2_ws/src/pid_component/src/pid_component/pid_component.cpp:[m[K In lambda function:
[1.916s] [01m[K/home/isopodin-time/ros2_ws/src/pid_component/src/pid_component/pid_component.cpp:47:43:[m[K [01;31m[Kerror: [m[Kno match for call to â€˜[01m[K(std_msgs::msg::Header_<std::allocator<void> >::_stamp_type {aka builtin_interfaces::msg::Time_<std::allocator<void> >}) ()[m[Kâ€™
[1.916s]    47 |         uint64_t dt = state->header.stamp([01;31m[K)[m[K - last_time;
[1.916s]       |                                           [01;31m[K^[m[K
[1.923s] [01m[K/home/isopodin-time/ros2_ws/src/pid_component/src/pid_component/pid_component.cpp:50:31:[m[K [01;31m[Kerror: [m[Kâ€˜[01m[Kusing element_type = class rclcpp::Subscription<custom_msg_srv::msg::Float64Stamped_<std::allocator<void> > >[m[Kâ€™ {aka â€˜[01m[Kclass rclcpp::Subscription<custom_msg_srv::msg::Float64Stamped_<std::allocator<void> > >[m[Kâ€™} has no member named â€˜[01m[Kdata[m[Kâ€™
[1.923s]    50 |         msg->data = setpoint->[01;31m[Kdata[m[K;
[1.923s]       |                               [01;31m[K^~~~[m[K
[4.396s] make[2]: *** [CMakeFiles/pid_component.dir/build.make:63: CMakeFiles/pid_component.dir/src/pid_component/pid_component.cpp.o] Error 1
[4.397s] make[1]: *** [CMakeFiles/Makefile2:78: CMakeFiles/pid_component.dir/all] Error 2
[4.397s] make: *** [Makefile:141: all] Error 2
[4.404s] Invoked command in '/home/isopodin-time/ros2_ws/build/pid_component' returned '2': CMAKE_PREFIX_PATH=/home/isopodin-time/ros2_ws/install/custom_msg_srv:/home/isopodin-time/ros2_ws/install/plankton:/home/isopodin-time/ros2_ws/install/uuv_simulator:/home/isopodin-time/ros2_ws/install/uuv_world_ros_plugins:/home/isopodin-time/ros2_ws/install/uuv_tutorials:/home/isopodin-time/ros2_ws/install/uuv_tutorial_dp_controller:/home/isopodin-time/ros2_ws/install/uuv_tutorial_disturbances:/home/isopodin-time/ros2_ws/install/uuv_control_utils:/home/isopodin-time/ros2_ws/install/uuv_world_ros_plugins_msgs:/home/isopodin-time/ros2_ws/install/uuv_world_plugins:/home/isopodin-time/ros2_ws/install/uuv_tutorial_seabed_world:/home/isopodin-time/ros2_ws/install/uuv_trajectory_control:/home/isopodin-time/ros2_ws/install/uuv_teleop:/home/isopodin-time/ros2_ws/install/uuv_thruster_manager:/home/isopodin-time/ros2_ws/install/uuv_descriptions:/home/isopodin-time/ros2_ws/install/uuv_sensor_ros_plugins:/home/isopodin-time/ros2_ws/install/uuv_sensor_ros_plugins_msgs:/home/isopodin-time/ros2_ws/install/uuv_gazebo_worlds:/home/isopodin-time/ros2_ws/install/uuv_gazebo_ros_plugins:/home/isopodin-time/ros2_ws/install/uuv_gazebo_ros_plugins_msgs:/home/isopodin-time/ros2_ws/install/uuv_gazebo_plugins:/home/isopodin-time/ros2_ws/install/uuv_gazebo:/home/isopodin-time/ros2_ws/install/uuv_control_msgs:/home/isopodin-time/ros2_ws/install/uuv_control_cascaded_pid:/home/isopodin-time/ros2_ws/install/uuv_auv_control_allocator:/home/isopodin-time/ros2_ws/install/uuv_assistants:/home/isopodin-time/ros2_ws/install/muuv_sim:/home/isopodin-time/ros2_ws/install/test_sim:/home/isopodin-time/ros2_ws/install/plankton_utils:/home/isopodin-time/ros2_ws/install/pid_component:/home/isopodin-time/ros2_ws/install/muuv_sim_description:/home/isopodin-time/ros2_ws/install/muuv_sim_control:/home/isopodin-time/ros2_ws/install/muuv_ros:/opt/ros/foxy LD_LIBRARY_PATH=/home/isopodin-time/ros2_ws/install/custom_msg_srv/lib:/home/isopodin-time/ros2_ws/install/uuv_world_ros_plugins/lib:/home/isopodin-time/ros2_ws/install/uuv_world_ros_plugins_msgs/lib:/home/isopodin-time/ros2_ws/install/uuv_world_plugins/lib:/home/isopodin-time/ros2_ws/install/uuv_thruster_manager/lib:/home/isopodin-time/ros2_ws/install/uuv_sensor_ros_plugins/lib:/home/isopodin-time/ros2_ws/install/uuv_sensor_ros_plugins_msgs/lib:/home/isopodin-time/ros2_ws/install/uuv_gazebo_ros_plugins/lib:/home/isopodin-time/ros2_ws/install/uuv_gazebo_ros_plugins_msgs/lib:/home/isopodin-time/ros2_ws/install/uuv_gazebo_plugins/lib:/home/isopodin-time/ros2_ws/install/uuv_control_msgs/lib:/home/isopodin-time/ros2_ws/install/uuv_auv_control_allocator/lib:/home/isopodin-time/ros2_ws/install/pid_component/lib:/usr/lib/x86_64-linux-gnu/gazebo-11/plugins:/opt/ros/foxy/opt/yaml_cpp_vendor/lib:/opt/ros/foxy/opt/rviz_ogre_vendor/lib:/opt/ros/foxy/lib/x86_64-linux-gnu:/opt/ros/foxy/lib:/usr/lib/x86_64-linux-gnu/gazebo-11/plugins PYTHONPATH=/home/isopodin-time/ros2_ws/install/custom_msg_srv/lib/python3.8/site-packages:/home/isopodin-time/ros2_ws/install/uuv_world_ros_plugins_msgs/lib/python3.8/site-packages:/home/isopodin-time/ros2_ws/install/uuv_trajectory_control/lib/python3.8/site-packages:/home/isopodin-time/ros2_ws/install/uuv_thruster_manager/lib/python3.8/site-packages:/home/isopodin-time/ros2_ws/install/uuv_sensor_ros_plugins_msgs/lib/python3.8/site-packages:/home/isopodin-time/ros2_ws/install/uuv_gazebo_ros_plugins_msgs/lib/python3.8/site-packages:/home/isopodin-time/ros2_ws/install/uuv_control_msgs/lib/python3.8/site-packages:/home/isopodin-time/ros2_ws/install/uuv_control_cascaded_pid/lib/python3.8/site-packages:/home/isopodin-time/ros2_ws/install/uuv_auv_control_allocator/lib/python3.8/site-packages:/home/isopodin-time/ros2_ws/install/uuv_assistants/lib/python3.8/site-packages:/home/isopodin-time/ros2_ws/install/plankton_utils/lib/python3.8/site-packages:/opt/ros/foxy/lib/python3.8/site-packages /usr/bin/cmake --build /home/isopodin-time/ros2_ws/build/pid_component -- -j8 -l8
