In file included from [01m[K/home/isopodin-time/ros2_ws/src/muuv_ros/src/muuv_ros/imu_repub.cpp:8[m[K:
[01m[K/home/isopodin-time/ros2_ws/src/muuv_ros/include/muuv_ros/qos_profile.hpp:10:1:[m[K [01;31m[Kerror: [m[Kâ€˜[01m[Kcustom_qos_profile[m[Kâ€™ does not name a type
   10 | [01;31m[Kcustom_qos_profile[m[K.depth = 10;
      | [01;31m[K^~~~~~~~~~~~~~~~~~[m[K
[01m[K/home/isopodin-time/ros2_ws/src/muuv_ros/include/muuv_ros/qos_profile.hpp:11:1:[m[K [01;31m[Kerror: [m[Kâ€˜[01m[Kcustom_qos_profile[m[Kâ€™ does not name a type
   11 | [01;31m[Kcustom_qos_profile[m[K.reliability = rmw_qos_reliability_policy_t::RMW_QOS_POLICY_RELIABILITY_BEST_EFFORT;
      | [01;31m[K^~~~~~~~~~~~~~~~~~[m[K
[01m[K/home/isopodin-time/ros2_ws/src/muuv_ros/include/muuv_ros/qos_profile.hpp:12:1:[m[K [01;31m[Kerror: [m[Kâ€˜[01m[Kcustom_qos_profile[m[Kâ€™ does not name a type
   12 | [01;31m[Kcustom_qos_profile[m[K.history = rmw_qos_history_policy_t::RMW_QOS_POLICY_HISTORY_KEEP_LAST;
      | [01;31m[K^~~~~~~~~~~~~~~~~~[m[K
[01m[K/home/isopodin-time/ros2_ws/src/muuv_ros/include/muuv_ros/qos_profile.hpp:13:1:[m[K [01;31m[Kerror: [m[Kâ€˜[01m[Kcustom_qos_profile[m[Kâ€™ does not name a type
   13 | [01;31m[Kcustom_qos_profile[m[K.durability = rmw_qos_durability_policy_t::RMW_QOS_POLICY_DURABILITY_TRANSIENT_LOCAL;
      | [01;31m[K^~~~~~~~~~~~~~~~~~[m[K
make[2]: *** [CMakeFiles/imu_repub.dir/build.make:63: CMakeFiles/imu_repub.dir/src/muuv_ros/imu_repub.cpp.o] Error 1
make[1]: *** [CMakeFiles/Makefile2:84: CMakeFiles/imu_repub.dir/all] Error 2
make[1]: *** Waiting for unfinished jobs....
make: *** [Makefile:141: all] Error 2
