[35m[1mScanning dependencies of target sensors[0m
[ 22%] Built target pid
[ 55%] Built target thrusters
[ 66%] [32mBuilding CXX object CMakeFiles/sensors.dir/src/muuv_ros/sensors.cpp.o[0m
[01m[K/home/isopodin-time/ros2_ws/src/muuv_ros/src/muuv_ros/sensors.cpp:[m[K In constructor â€˜[01m[KSensors::Sensors()[m[Kâ€™:
[01m[K/home/isopodin-time/ros2_ws/src/muuv_ros/src/muuv_ros/sensors.cpp:18:43:[m[K [01;31m[Kerror: [m[Kinvalid operands of types â€˜[01m[Kint[m[Kâ€™ and â€˜[01m[Kconst short unsigned int*[m[Kâ€™ to binary â€˜[01m[Koperator/[m[Kâ€™
   18 |         chrono::milliseconds period = [32m[K1000[m[K[01;31m[K/[m[K[34m[Kmax_element(hz, hz + n)[m[K;
      |                                       [32m[K~~~~[m[K[01;31m[K^[m[K[34m[K~~~~~~~~~~~~~~~~~~~~~~~[m[K
      |                                       [32m[K|[m[K               [34m[K|[m[K
      |                                       [32m[Kint[m[K             [34m[Kconst short unsigned int*[m[K
make[2]: *** [CMakeFiles/sensors.dir/build.make:63: CMakeFiles/sensors.dir/src/muuv_ros/sensors.cpp.o] Error 1
make[1]: *** [CMakeFiles/Makefile2:109: CMakeFiles/sensors.dir/all] Error 2
make: *** [Makefile:141: all] Error 2
