[0.029s] Invoking command in '/home/isopodin-time/ros2_ws/build/muuv_ros': CMAKE_PREFIX_PATH=${CMAKE_PREFIX_PATH}:/opt/ros/foxy /usr/bin/cmake --build /home/isopodin-time/ros2_ws/build/muuv_ros -- -j8 -l8
[0.139s] [35m[1mScanning dependencies of target sensors[0m
[0.188s] [ 22%] Built target pid
[0.189s] [ 55%] Built target thrusters
[0.211s] [ 66%] [32mBuilding CXX object CMakeFiles/sensors.dir/src/muuv_ros/sensors.cpp.o[0m
[2.496s] [01m[K/home/isopodin-time/ros2_ws/src/muuv_ros/src/muuv_ros/sensors.cpp:[m[K In constructor â€˜[01m[KSensors::Sensors()[m[Kâ€™:
[2.496s] [01m[K/home/isopodin-time/ros2_ws/src/muuv_ros/src/muuv_ros/sensors.cpp:18:43:[m[K [01;31m[Kerror: [m[Kinvalid operands of types â€˜[01m[Kint[m[Kâ€™ and â€˜[01m[Kconst short unsigned int*[m[Kâ€™ to binary â€˜[01m[Koperator/[m[Kâ€™
[2.497s]    18 |         chrono::milliseconds period = [32m[K1000[m[K[01;31m[K/[m[K[34m[Kmax_element(hz, hz + n)[m[K;
[2.497s]       |                                       [32m[K~~~~[m[K[01;31m[K^[m[K[34m[K~~~~~~~~~~~~~~~~~~~~~~~[m[K
[2.497s]       |                                       [32m[K|[m[K               [34m[K|[m[K
[2.497s]       |                                       [32m[Kint[m[K             [34m[Kconst short unsigned int*[m[K
[3.811s] make[2]: *** [CMakeFiles/sensors.dir/build.make:63: CMakeFiles/sensors.dir/src/muuv_ros/sensors.cpp.o] Error 1
[3.812s] make[1]: *** [CMakeFiles/Makefile2:109: CMakeFiles/sensors.dir/all] Error 2
[3.812s] make: *** [Makefile:141: all] Error 2
[3.816s] Invoked command in '/home/isopodin-time/ros2_ws/build/muuv_ros' returned '2': CMAKE_PREFIX_PATH=${CMAKE_PREFIX_PATH}:/opt/ros/foxy /usr/bin/cmake --build /home/isopodin-time/ros2_ws/build/muuv_ros -- -j8 -l8
