[0.042s] Invoking command in '/home/isopodin-time/ros2_ws/build/muuv_ros': CMAKE_PREFIX_PATH=${CMAKE_PREFIX_PATH}:/opt/ros/foxy /usr/bin/cmake --build /home/isopodin-time/ros2_ws/build/muuv_ros -- -j8 -l8
[0.142s] [35m[1mScanning dependencies of target sensors[0m
[0.180s] [ 55%] Built target thrusters
[0.181s] [ 44%] Built target pid
[0.206s] [ 66%] [32mBuilding CXX object CMakeFiles/sensors.dir/src/muuv_ros/sensors.cpp.o[0m
[2.445s] [01m[K/home/isopodin-time/ros2_ws/src/muuv_ros/src/muuv_ros/sensors.cpp:[m[K In constructor â€˜[01m[KSensors::Sensors()[m[Kâ€™:
[2.445s] [01m[K/home/isopodin-time/ros2_ws/src/muuv_ros/src/muuv_ros/sensors.cpp:18:39:[m[K [01;31m[Kerror: [m[Kconversion from â€˜[01m[Kint[m[Kâ€™ to non-scalar type â€˜[01m[Kstd::chrono::milliseconds[m[Kâ€™ {aka â€˜[01m[Kstd::chrono::duration<long int, std::ratio<1, 1000> >[m[Kâ€™} requested
[2.445s]    18 |         chrono::milliseconds period = [01;31m[Kint(1000/(*max_element(hz, hz + n)))[m[K;
[2.445s]       |                                       [01;31m[K^~~~~~~~~~~~~~~~~~~~~~~~~~~~~~~~~~~~[m[K
[3.700s] make[2]: *** [CMakeFiles/sensors.dir/build.make:63: CMakeFiles/sensors.dir/src/muuv_ros/sensors.cpp.o] Error 1
[3.700s] make[1]: *** [CMakeFiles/Makefile2:109: CMakeFiles/sensors.dir/all] Error 2
[3.701s] make: *** [Makefile:141: all] Error 2
[3.707s] Invoked command in '/home/isopodin-time/ros2_ws/build/muuv_ros' returned '2': CMAKE_PREFIX_PATH=${CMAKE_PREFIX_PATH}:/opt/ros/foxy /usr/bin/cmake --build /home/isopodin-time/ros2_ws/build/muuv_ros -- -j8 -l8
