[0.252s] Invoking command in '/home/isopodin-time/ros2_ws/build/muuv_ros': CMAKE_PREFIX_PATH=/home/isopodin-time/ros2_ws/install/custom_msg_srv:/home/isopodin-time/ros2_ws/install/pid_component:/home/isopodin-time/ros2_ws/install/plankton:/home/isopodin-time/ros2_ws/install/uuv_simulator:/home/isopodin-time/ros2_ws/install/uuv_world_ros_plugins:/home/isopodin-time/ros2_ws/install/uuv_tutorials:/home/isopodin-time/ros2_ws/install/uuv_tutorial_dp_controller:/home/isopodin-time/ros2_ws/install/uuv_tutorial_disturbances:/home/isopodin-time/ros2_ws/install/uuv_control_utils:/home/isopodin-time/ros2_ws/install/uuv_world_ros_plugins_msgs:/home/isopodin-time/ros2_ws/install/uuv_world_plugins:/home/isopodin-time/ros2_ws/install/uuv_tutorial_seabed_world:/home/isopodin-time/ros2_ws/install/uuv_trajectory_control:/home/isopodin-time/ros2_ws/install/uuv_teleop:/home/isopodin-time/ros2_ws/install/uuv_thruster_manager:/home/isopodin-time/ros2_ws/install/uuv_descriptions:/home/isopodin-time/ros2_ws/install/uuv_sensor_ros_plugins:/home/isopodin-time/ros2_ws/install/uuv_sensor_ros_plugins_msgs:/home/isopodin-time/ros2_ws/install/uuv_gazebo_worlds:/home/isopodin-time/ros2_ws/install/uuv_gazebo_ros_plugins:/home/isopodin-time/ros2_ws/install/uuv_gazebo_ros_plugins_msgs:/home/isopodin-time/ros2_ws/install/uuv_gazebo_plugins:/home/isopodin-time/ros2_ws/install/uuv_gazebo:/home/isopodin-time/ros2_ws/install/uuv_control_msgs:/home/isopodin-time/ros2_ws/install/uuv_control_cascaded_pid:/home/isopodin-time/ros2_ws/install/uuv_auv_control_allocator:/home/isopodin-time/ros2_ws/install/uuv_assistants:/home/isopodin-time/ros2_ws/install/muuv_sim:/home/isopodin-time/ros2_ws/install/test_sim:/home/isopodin-time/ros2_ws/install/plankton_utils:/home/isopodin-time/ros2_ws/install/muuv_sim_description:/home/isopodin-time/ros2_ws/install/muuv_sim_control:/home/isopodin-time/ros2_ws/install/muuv_ros:/opt/ros/foxy LD_LIBRARY_PATH=/home/isopodin-time/ros2_ws/install/custom_msg_srv/lib:/home/isopodin-time/ros2_ws/install/pid_component/lib:/home/isopodin-time/ros2_ws/install/uuv_world_ros_plugins/lib:/home/isopodin-time/ros2_ws/install/uuv_world_ros_plugins_msgs/lib:/home/isopodin-time/ros2_ws/install/uuv_world_plugins/lib:/home/isopodin-time/ros2_ws/install/uuv_thruster_manager/lib:/home/isopodin-time/ros2_ws/install/uuv_sensor_ros_plugins/lib:/home/isopodin-time/ros2_ws/install/uuv_sensor_ros_plugins_msgs/lib:/home/isopodin-time/ros2_ws/install/uuv_gazebo_ros_plugins/lib:/home/isopodin-time/ros2_ws/install/uuv_gazebo_ros_plugins_msgs/lib:/home/isopodin-time/ros2_ws/install/uuv_gazebo_plugins/lib:/home/isopodin-time/ros2_ws/install/uuv_control_msgs/lib:/home/isopodin-time/ros2_ws/install/uuv_auv_control_allocator/lib:/usr/lib/x86_64-linux-gnu/gazebo-11/plugins:/opt/ros/foxy/opt/yaml_cpp_vendor/lib:/opt/ros/foxy/opt/rviz_ogre_vendor/lib:/opt/ros/foxy/lib/x86_64-linux-gnu:/opt/ros/foxy/lib:/usr/lib/x86_64-linux-gnu/gazebo-11/plugins:/usr/lib/x86_64-linux-gnu/gazebo-11/plugins:/usr/lib/x86_64-linux-gnu/gazebo-11/plugins:/usr/lib/x86_64-linux-gnu/gazebo-11/plugins:/usr/lib/x86_64-linux-gnu/gazebo-11/plugins:/usr/lib/x86_64-linux-gnu/gazebo-11/plugins /usr/bin/cmake --build /home/isopodin-time/ros2_ws/build/muuv_ros -- -j8 -l8
[0.307s] [35m[1mScanning dependencies of target pid_recombiner[0m
[0.333s] [ 33%] Built target thrusters
[0.333s] [ 77%] Built target sensors
[0.351s] [ 88%] [32mBuilding CXX object CMakeFiles/pid_recombiner.dir/src/muuv_ros/pid_recombiner.cpp.o[0m
[1.817s] [01m[K/home/isopodin-time/ros2_ws/src/muuv_ros/src/muuv_ros/pid_recombiner.cpp:[m[K In constructor â€˜[01m[KPid_recombiner::Pid_recombiner()[m[Kâ€™:
[1.817s] [01m[K/home/isopodin-time/ros2_ws/src/muuv_ros/src/muuv_ros/pid_recombiner.cpp:52:9:[m[K [01;31m[Kerror: [m[Kâ€˜[01m[Ksync_[m[Kâ€™ was not declared in this scope
[1.817s]    52 |         [01;31m[Ksync_[m[K = message_filters::Synchronizer<approximate_policy> syncApproximate(approximate_policy(10), sub_x, sub_y, sub_z,
[1.817s]       |         [01;31m[K^~~~~[m[K
[1.817s] [01m[K/home/isopodin-time/ros2_ws/src/muuv_ros/src/muuv_ros/pid_recombiner.cpp:52:67:[m[K [01;31m[Kerror: [m[Kexpected primary-expression before â€˜[01m[KsyncApproximate[m[Kâ€™
[1.817s]    52 |         sync_ = message_filters::Synchronizer<approximate_policy> [01;31m[KsyncApproximate[m[K(approximate_policy(10), sub_x, sub_y, sub_z,
[1.817s]       |                                                                   [01;31m[K^~~~~~~~~~~~~~~[m[K
[3.396s] make[2]: *** [CMakeFiles/pid_recombiner.dir/build.make:63: CMakeFiles/pid_recombiner.dir/src/muuv_ros/pid_recombiner.cpp.o] Error 1
[3.396s] make[1]: *** [CMakeFiles/Makefile2:109: CMakeFiles/pid_recombiner.dir/all] Error 2
[3.397s] make: *** [Makefile:141: all] Error 2
[3.399s] Invoked command in '/home/isopodin-time/ros2_ws/build/muuv_ros' returned '2': CMAKE_PREFIX_PATH=/home/isopodin-time/ros2_ws/install/custom_msg_srv:/home/isopodin-time/ros2_ws/install/pid_component:/home/isopodin-time/ros2_ws/install/plankton:/home/isopodin-time/ros2_ws/install/uuv_simulator:/home/isopodin-time/ros2_ws/install/uuv_world_ros_plugins:/home/isopodin-time/ros2_ws/install/uuv_tutorials:/home/isopodin-time/ros2_ws/install/uuv_tutorial_dp_controller:/home/isopodin-time/ros2_ws/install/uuv_tutorial_disturbances:/home/isopodin-time/ros2_ws/install/uuv_control_utils:/home/isopodin-time/ros2_ws/install/uuv_world_ros_plugins_msgs:/home/isopodin-time/ros2_ws/install/uuv_world_plugins:/home/isopodin-time/ros2_ws/install/uuv_tutorial_seabed_world:/home/isopodin-time/ros2_ws/install/uuv_trajectory_control:/home/isopodin-time/ros2_ws/install/uuv_teleop:/home/isopodin-time/ros2_ws/install/uuv_thruster_manager:/home/isopodin-time/ros2_ws/install/uuv_descriptions:/home/isopodin-time/ros2_ws/install/uuv_sensor_ros_plugins:/home/isopodin-time/ros2_ws/install/uuv_sensor_ros_plugins_msgs:/home/isopodin-time/ros2_ws/install/uuv_gazebo_worlds:/home/isopodin-time/ros2_ws/install/uuv_gazebo_ros_plugins:/home/isopodin-time/ros2_ws/install/uuv_gazebo_ros_plugins_msgs:/home/isopodin-time/ros2_ws/install/uuv_gazebo_plugins:/home/isopodin-time/ros2_ws/install/uuv_gazebo:/home/isopodin-time/ros2_ws/install/uuv_control_msgs:/home/isopodin-time/ros2_ws/install/uuv_control_cascaded_pid:/home/isopodin-time/ros2_ws/install/uuv_auv_control_allocator:/home/isopodin-time/ros2_ws/install/uuv_assistants:/home/isopodin-time/ros2_ws/install/muuv_sim:/home/isopodin-time/ros2_ws/install/test_sim:/home/isopodin-time/ros2_ws/install/plankton_utils:/home/isopodin-time/ros2_ws/install/muuv_sim_description:/home/isopodin-time/ros2_ws/install/muuv_sim_control:/home/isopodin-time/ros2_ws/install/muuv_ros:/opt/ros/foxy LD_LIBRARY_PATH=/home/isopodin-time/ros2_ws/install/custom_msg_srv/lib:/home/isopodin-time/ros2_ws/install/pid_component/lib:/home/isopodin-time/ros2_ws/install/uuv_world_ros_plugins/lib:/home/isopodin-time/ros2_ws/install/uuv_world_ros_plugins_msgs/lib:/home/isopodin-time/ros2_ws/install/uuv_world_plugins/lib:/home/isopodin-time/ros2_ws/install/uuv_thruster_manager/lib:/home/isopodin-time/ros2_ws/install/uuv_sensor_ros_plugins/lib:/home/isopodin-time/ros2_ws/install/uuv_sensor_ros_plugins_msgs/lib:/home/isopodin-time/ros2_ws/install/uuv_gazebo_ros_plugins/lib:/home/isopodin-time/ros2_ws/install/uuv_gazebo_ros_plugins_msgs/lib:/home/isopodin-time/ros2_ws/install/uuv_gazebo_plugins/lib:/home/isopodin-time/ros2_ws/install/uuv_control_msgs/lib:/home/isopodin-time/ros2_ws/install/uuv_auv_control_allocator/lib:/usr/lib/x86_64-linux-gnu/gazebo-11/plugins:/opt/ros/foxy/opt/yaml_cpp_vendor/lib:/opt/ros/foxy/opt/rviz_ogre_vendor/lib:/opt/ros/foxy/lib/x86_64-linux-gnu:/opt/ros/foxy/lib:/usr/lib/x86_64-linux-gnu/gazebo-11/plugins:/usr/lib/x86_64-linux-gnu/gazebo-11/plugins:/usr/lib/x86_64-linux-gnu/gazebo-11/plugins:/usr/lib/x86_64-linux-gnu/gazebo-11/plugins:/usr/lib/x86_64-linux-gnu/gazebo-11/plugins:/usr/lib/x86_64-linux-gnu/gazebo-11/plugins /usr/bin/cmake --build /home/isopodin-time/ros2_ws/build/muuv_ros -- -j8 -l8
