[0.036s] Invoking command in '/home/isopodin-time/ros2_ws/build/pid_component': CMAKE_PREFIX_PATH=${CMAKE_PREFIX_PATH}:/opt/ros/foxy /usr/bin/cmake --build /home/isopodin-time/ros2_ws/build/pid_component -- -j8 -l8
[0.139s] [35m[1mScanning dependencies of target pid_component[0m
[0.217s] [ 50%] [32mBuilding CXX object CMakeFiles/pid_component.dir/src/pid_component/pid_component.cpp.o[0m
[2.731s] [01m[K/home/isopodin-time/ros2_ws/src/pid_component/src/pid_component/pid_component.cpp:4:68:[m[K [01;31m[Kerror: [m[Kdefinition of â€˜[01m[KPid_component::Pid_component(const rclcpp::NodeOptions&)[m[Kâ€™ is not in namespace enclosing â€˜[01m[KPid_component[m[Kâ€™ [[01;31m[K-fpermissive[m[K]
[2.731s]     4 |     Pid_component::Pid_component(const rclcpp::NodeOptions &options[01;31m[K)[m[K : rclcpp::Node("pid", options), state_(0), setpoint_(0)
[2.731s]       |                                                                    [01;31m[K^[m[K
[2.734s] [01m[K/home/isopodin-time/ros2_ws/src/pid_component/src/pid_component/pid_component.cpp:[m[K In constructor â€˜[01m[KPid_component::Pid_component(const rclcpp::NodeOptions&)[m[Kâ€™:
[2.734s] [01m[K/home/isopodin-time/ros2_ws/src/pid_component/src/pid_component/pid_component.cpp:12:82:[m[K [01;31m[Kerror: [m[Kdefinition of â€˜[01m[Kvoid Pid_component::Pid_component(const rclcpp::NodeOptions&)::<lambda>::operator()(std_msgs::msg::Float64_<std::allocator<void> >::SharedPtr) const[m[Kâ€™ is not in namespace enclosing â€˜[01m[KPid_component::Pid_component(const rclcpp::NodeOptions&)::<lambda>[m[Kâ€™ [[01;31m[K-fpermissive[m[K]
[2.734s]    12 |             [this](const typename std_msgs::msg::Float64::SharedPtr setpoint) -> [01;31m[Kvoid[m[K
[2.735s]       |                                                                                  [01;31m[K^~~~[m[K
[2.747s] [01m[K/home/isopodin-time/ros2_ws/src/pid_component/src/pid_component/pid_component.cpp:24:79:[m[K [01;31m[Kerror: [m[Kdefinition of â€˜[01m[Kvoid Pid_component::Pid_component(const rclcpp::NodeOptions&)::<lambda>::operator()(std_msgs::msg::Float64_<std::allocator<void> >::SharedPtr) const[m[Kâ€™ is not in namespace enclosing â€˜[01m[KPid_component::Pid_component(const rclcpp::NodeOptions&)::<lambda>[m[Kâ€™ [[01;31m[K-fpermissive[m[K]
[2.747s]    24 |             [this](const typename std_msgs::msg::Float64::SharedPtr state) -> [01;31m[Kvoid[m[K
[2.747s]       |                                                                               [01;31m[K^~~~[m[K
[2.752s] [01m[K/home/isopodin-time/ros2_ws/src/pid_component/src/pid_component/pid_component.cpp:[m[K At global scope:
[2.753s] [01m[K/home/isopodin-time/ros2_ws/src/pid_component/src/pid_component/pid_component.cpp:44:46:[m[K [01;31m[Kerror: [m[Kdefinition of â€˜[01m[Krclcpp::node_interfaces::NodeBaseInterface::SharedPtr Pid_component::get_node_base_interface() const[m[Kâ€™ is not in namespace enclosing â€˜[01m[KPid_component[m[Kâ€™ [[01;31m[K-fpermissive[m[K]
[2.753s]    44 |     Pid_component::get_node_base_interface() [01;31m[Kconst[m[K
[2.753s]       |                                              [01;31m[K^~~~~[m[K
[2.770s] In file included from [01m[K/opt/ros/foxy/include/class_loader/class_loader.hpp:56[m[K,
[2.771s]                  from [01m[K/opt/ros/foxy/include/rclcpp_components/register_node_macro.hpp:18[m[K,
[2.771s]                  from [01m[K/home/isopodin-time/ros2_ws/src/pid_component/src/pid_component/pid_component.cpp:50[m[K:
[2.771s] [01m[K/home/isopodin-time/ros2_ws/src/pid_component/src/pid_component/pid_component.cpp:55:46:[m[K [01;31m[Kerror: [m[Kâ€˜[01m[Kpid[m[Kâ€™ is not a member of â€˜[01m[Kcomposition[m[Kâ€™
[2.771s]    55 | RCLCPP_COMPONENTS_REGISTER_NODE(composition::[01;31m[Kpid[m[K)
[2.771s]       |                                              [01;31m[K^~~[m[K
[2.771s] [01m[K/home/isopodin-time/ros2_ws/src/pid_component/src/pid_component/pid_component.cpp:55:1:[m[K [01;31m[Kerror: [m[Ktemplate argument 1 is invalid
[2.771s]    55 | [01;31m[KRCLCPP_COMPONENTS_REGISTER_NODE[m[K(composition::pid)
[2.771s]       | [01;31m[K^~~~~~~~~~~~~~~~~~~~~~~~~~~~~~~[m[K
[4.559s] In file included from [01m[K/opt/ros/foxy/include/class_loader/class_loader_core.hpp:57[m[K,
[4.560s]                  from [01m[K/opt/ros/foxy/include/class_loader/class_loader.hpp:55[m[K,
[4.560s]                  from [01m[K/opt/ros/foxy/include/rclcpp_components/register_node_macro.hpp:18[m[K,
[4.560s]                  from [01m[K/home/isopodin-time/ros2_ws/src/pid_component/src/pid_component/pid_component.cpp:50[m[K:
[4.560s] /opt/ros/foxy/include/class_loader/meta_object.hpp: In instantiation of â€˜[01m[KB* class_loader::impl::MetaObject<C, B>::create() const [with C = int; B = rclcpp_components::NodeFactory][m[Kâ€™:
[4.560s] [01m[K/opt/ros/foxy/include/class_loader/meta_object.hpp:216:7:[m[K   required from here
[4.560s] [01m[K/opt/ros/foxy/include/class_loader/meta_object.hpp:218:12:[m[K [01;31m[Kerror: [m[Kcannot convert â€˜[01m[Kint*[m[Kâ€™ to â€˜[01m[Krclcpp_components::NodeFactory*[m[Kâ€™ in return
[4.560s]   218 |     return [01;31m[Knew C[m[K;
[4.560s]       |            [01;31m[K^~~~~[m[K
[4.560s]       |            [01;31m[K|[m[K
[4.560s]       |            [01;31m[Kint*[m[K
[4.971s] make[2]: *** [CMakeFiles/pid_component.dir/build.make:63: CMakeFiles/pid_component.dir/src/pid_component/pid_component.cpp.o] Error 1
[4.972s] make[1]: *** [CMakeFiles/Makefile2:78: CMakeFiles/pid_component.dir/all] Error 2
[4.972s] make: *** [Makefile:141: all] Error 2
[4.975s] Invoked command in '/home/isopodin-time/ros2_ws/build/pid_component' returned '2': CMAKE_PREFIX_PATH=${CMAKE_PREFIX_PATH}:/opt/ros/foxy /usr/bin/cmake --build /home/isopodin-time/ros2_ws/build/pid_component -- -j8 -l8
