[35m[1mScanning dependencies of target pid_component[0m
[ 50%] [32mBuilding CXX object CMakeFiles/pid_component.dir/src/pid_component/pid_component.cpp.o[0m
[01m[K/home/isopodin-time/ros2_ws/src/pid_component/src/pid_component/pid_component.cpp:[m[K In constructor â€˜[01m[KPid_component::Pid_component(const rclcpp::NodeOptions&)[m[Kâ€™:
[01m[K/home/isopodin-time/ros2_ws/src/pid_component/src/pid_component/pid_component.cpp:17:45:[m[K [01;31m[Kerror: [m[Kexpected primary-expression before â€˜[01m[Kconst[m[Kâ€™
   17 |     this->node_->declare_parameters("gain", [01;31m[Kconst[m[K std::map<std::string, rclcpp::ParameterT>& gains{{"p", 0.0}, {"d", 0.0}});
      |                                             [01;31m[K^~~~~[m[K
[01m[K/home/isopodin-time/ros2_ws/src/pid_component/src/pid_component/pid_component.cpp:17:81:[m[K [01;31m[Kerror: [m[Kâ€˜[01m[KParameterT[m[Kâ€™ is not a member of â€˜[01m[Krclcpp[m[Kâ€™; did you mean â€˜[01m[KParameter[m[Kâ€™?
   17 |     this->node_->declare_parameters("gain", const std::map<std::string, rclcpp::[01;31m[KParameterT[m[K>& gains{{"p", 0.0}, {"d", 0.0}});
      |                                                                                 [01;31m[K^~~~~~~~~~[m[K
      |                                                                                 [32m[KParameter[m[K
[01m[K/home/isopodin-time/ros2_ws/src/pid_component/src/pid_component/pid_component.cpp:17:94:[m[K [01;31m[Kerror: [m[Kâ€˜[01m[Kgains[m[Kâ€™ was not declared in this scope
   17 |     this->node_->declare_parameters("gain", const std::map<std::string, rclcpp::ParameterT>& [01;31m[Kgains[m[K{{"p", 0.0}, {"d", 0.0}});
      |                                                                                              [01;31m[K^~~~~[m[K
make[2]: *** [CMakeFiles/pid_component.dir/build.make:63: CMakeFiles/pid_component.dir/src/pid_component/pid_component.cpp.o] Error 1
make[1]: *** [CMakeFiles/Makefile2:78: CMakeFiles/pid_component.dir/all] Error 2
make: *** [Makefile:141: all] Error 2
