[0.024s] Invoking command in '/home/isopodin-time/ros2_ws/build/muuv_ros': CMAKE_PREFIX_PATH=${CMAKE_PREFIX_PATH}:/opt/ros/foxy /usr/bin/cmake --build /home/isopodin-time/ros2_ws/build/muuv_ros -- -j8 -l8
[0.065s] -- Found ament_cmake: 0.9.12 (/opt/ros/foxy/share/ament_cmake/cmake)
[0.089s] -- Using PYTHON_EXECUTABLE: /usr/bin/python3
[0.271s] -- Found rclcpp: 2.4.3 (/opt/ros/foxy/share/rclcpp/cmake)
[0.523s] -- Using all available rosidl_typesupport_c: rosidl_typesupport_fastrtps_c;rosidl_typesupport_introspection_c
[0.529s] -- Found rosidl_adapter: 1.3.1 (/opt/ros/foxy/share/rosidl_adapter/cmake)
[6.289s] -- Using all available rosidl_typesupport_cpp: rosidl_typesupport_fastrtps_cpp;rosidl_typesupport_introspection_cpp
[6.334s] -- Found rmw_implementation_cmake: 1.0.4 (/opt/ros/foxy/share/rmw_implementation_cmake/cmake)
[6.336s] -- Using RMW implementation 'rmw_fastrtps_cpp' as default
[6.480s] -- Found geometry_msgs: 2.0.5 (/opt/ros/foxy/share/geometry_msgs/cmake)
[6.513s] -- Found sensor_msgs: 2.0.5 (/opt/ros/foxy/share/sensor_msgs/cmake)
[6.587s] -- Found control_toolbox: 2.2.0 (/opt/ros/foxy/share/control_toolbox/cmake)
[7.020s] -- Found rclcpp_components: 2.4.3 (/opt/ros/foxy/share/rclcpp_components/cmake)
[7.143s] -- Configuring done
[7.216s] -- Generating done
[7.219s] -- Build files have been written to: /home/isopodin-time/ros2_ws/build/muuv_ros
[7.249s] [35m[1mScanning dependencies of target pid_component[0m
[7.249s] [35m[1mScanning dependencies of target component_container[0m
[7.252s] [35m[1mScanning dependencies of target sensors[0m
[7.277s] [ 27%] Built target thrusters
[7.294s] [ 36%] [32mBuilding CXX object CMakeFiles/sensors.dir/src/muuv_ros/sensors.cpp.o[0m
[7.294s] [ 45%] [32mBuilding CXX object CMakeFiles/pid_component.dir/src/muuv_ros/pid_component.cpp.o[0m
[7.300s] [ 54%] [32mBuilding CXX object CMakeFiles/component_container.dir/src/muuv_ros/component_container.cpp.o[0m
[9.119s] [01m[K/home/isopodin-time/ros2_ws/src/muuv_ros/src/muuv_ros/pid_component.cpp:[m[K In constructor â€˜[01m[KPid_component::Pid_component(const rclcpp::NodeOptions&)[m[Kâ€™:
[9.119s] [01m[K/home/isopodin-time/ros2_ws/src/muuv_ros/src/muuv_ros/pid_component.cpp:3:57:[m[K [01;35m[Kwarning: [m[Kunused parameter â€˜[01m[Koptions[m[Kâ€™ [[01;35m[K-Wunused-parameter[m[K]
[9.119s]     3 | Pid_component::Pid_component([01;35m[Kconst rclcpp::NodeOptions &options[m[K) : rclcpp::Node("pid"), count_(0)
[9.119s]       |                              [01;35m[K~~~~~~~~~~~~~~~~~~~~~~~~~~~^~~~~~~[m[K
[9.429s] [ 63%] [32m[1mLinking CXX executable component_container[0m
[9.687s] /usr/bin/ld: CMakeFiles/component_container.dir/src/muuv_ros/component_container.cpp.o: in function `void __gnu_cxx::new_allocator<rclcpp_components::ComponentManager>::construct<rclcpp_components::ComponentManager, std::shared_ptr<rclcpp::executors::SingleThreadedExecutor>&>(rclcpp_components::ComponentManager*, std::shared_ptr<rclcpp::executors::SingleThreadedExecutor>&)':
[9.687s] component_container.cpp:(.text._ZN9__gnu_cxx13new_allocatorIN17rclcpp_components16ComponentManagerEE9constructIS2_JRSt10shared_ptrIN6rclcpp9executors22SingleThreadedExecutorEEEEEvPT_DpOT0_[_ZN9__gnu_cxx13new_allocatorIN17rclcpp_components16ComponentManagerEE9constructIS2_JRSt10shared_ptrIN6rclcpp9executors22SingleThreadedExecutorEEEEEvPT_DpOT0_]+0x109): undefined reference to `rclcpp_components::ComponentManager::ComponentManager(std::weak_ptr<rclcpp::Executor>, std::__cxx11::basic_string<char, std::char_traits<char>, std::allocator<char> >, rclcpp::NodeOptions const&)'
[9.687s] collect2: error: ld returned 1 exit status
[9.689s] make[2]: *** [CMakeFiles/component_container.dir/build.make:131: component_container] Error 1
[9.689s] make[1]: *** [CMakeFiles/Makefile2:111: CMakeFiles/component_container.dir/all] Error 2
[9.689s] make[1]: *** Waiting for unfinished jobs....
[10.906s] [ 72%] [32m[1mLinking CXX executable sensors[0m
[11.258s] [ 90%] Built target sensors
[12.850s] [100%] [32m[1mLinking CXX shared library libpid_component.so[0m
[13.255s] [100%] Built target pid_component
[13.256s] make: *** [Makefile:141: all] Error 2
[13.261s] Invoked command in '/home/isopodin-time/ros2_ws/build/muuv_ros' returned '2': CMAKE_PREFIX_PATH=${CMAKE_PREFIX_PATH}:/opt/ros/foxy /usr/bin/cmake --build /home/isopodin-time/ros2_ws/build/muuv_ros -- -j8 -l8
