-- Found ament_cmake: 0.9.12 (/opt/ros/foxy/share/ament_cmake/cmake)
-- Using PYTHON_EXECUTABLE: /usr/bin/python3
-- Found rclcpp: 2.4.3 (/opt/ros/foxy/share/rclcpp/cmake)
-- Using all available rosidl_typesupport_c: rosidl_typesupport_fastrtps_c;rosidl_typesupport_introspection_c
-- Found rosidl_adapter: 1.3.1 (/opt/ros/foxy/share/rosidl_adapter/cmake)
-- Using all available rosidl_typesupport_cpp: rosidl_typesupport_fastrtps_cpp;rosidl_typesupport_introspection_cpp
-- Found rmw_implementation_cmake: 1.0.4 (/opt/ros/foxy/share/rmw_implementation_cmake/cmake)
-- Using RMW implementation 'rmw_fastrtps_cpp' as default
-- Found geometry_msgs: 2.0.5 (/opt/ros/foxy/share/geometry_msgs/cmake)
-- Found sensor_msgs: 2.0.5 (/opt/ros/foxy/share/sensor_msgs/cmake)
-- Found control_toolbox: 2.2.0 (/opt/ros/foxy/share/control_toolbox/cmake)
-- Found rclcpp_components: 2.4.3 (/opt/ros/foxy/share/rclcpp_components/cmake)
-- Configuring done
-- Generating done
-- Build files have been written to: /home/isopodin-time/ros2_ws/build/muuv_ros
[ 27%] Built target thrusters
[ 36%] [32m[1mLinking CXX executable component_container[0m
[ 45%] [32m[1mLinking CXX shared library libpid_component.so[0m
[ 81%] Built target sensors
/usr/bin/ld: CMakeFiles/component_container.dir/src/muuv_ros/component_container.cpp.o: in function `void __gnu_cxx::new_allocator<rclcpp_components::ComponentManager>::construct<rclcpp_components::ComponentManager, std::shared_ptr<rclcpp::executors::SingleThreadedExecutor>&>(rclcpp_components::ComponentManager*, std::shared_ptr<rclcpp::executors::SingleThreadedExecutor>&)':
component_container.cpp:(.text._ZN9__gnu_cxx13new_allocatorIN17rclcpp_components16ComponentManagerEE9constructIS2_JRSt10shared_ptrIN6rclcpp9executors22SingleThreadedExecutorEEEEEvPT_DpOT0_[_ZN9__gnu_cxx13new_allocatorIN17rclcpp_components16ComponentManagerEE9constructIS2_JRSt10shared_ptrIN6rclcpp9executors22SingleThreadedExecutorEEEEEvPT_DpOT0_]+0x109): undefined reference to `rclcpp_components::ComponentManager::ComponentManager(std::weak_ptr<rclcpp::Executor>, std::__cxx11::basic_string<char, std::char_traits<char>, std::allocator<char> >, rclcpp::NodeOptions const&)'
collect2: error: ld returned 1 exit status
make[2]: *** [CMakeFiles/component_container.dir/build.make:131: component_container] Error 1
make[1]: *** [CMakeFiles/Makefile2:111: CMakeFiles/component_container.dir/all] Error 2
make[1]: *** Waiting for unfinished jobs....
[ 90%] Built target pid_component
make: *** [Makefile:141: all] Error 2
