[0.021s] Invoking command in '/home/isopodin-time/ros2_ws/build/muuv_ros': CMAKE_PREFIX_PATH=${CMAKE_PREFIX_PATH}:/opt/ros/foxy /usr/bin/cmake --build /home/isopodin-time/ros2_ws/build/muuv_ros -- -j8 -l8
[0.050s] -- Found ament_cmake: 0.9.12 (/opt/ros/foxy/share/ament_cmake/cmake)
[0.085s] -- Using PYTHON_EXECUTABLE: /usr/bin/python3
[0.289s] -- Found rclcpp: 2.4.3 (/opt/ros/foxy/share/rclcpp/cmake)
[0.541s] -- Using all available rosidl_typesupport_c: rosidl_typesupport_fastrtps_c;rosidl_typesupport_introspection_c
[0.544s] -- Found rosidl_adapter: 1.3.1 (/opt/ros/foxy/share/rosidl_adapter/cmake)
[6.483s] -- Using all available rosidl_typesupport_cpp: rosidl_typesupport_fastrtps_cpp;rosidl_typesupport_introspection_cpp
[6.529s] -- Found rmw_implementation_cmake: 1.0.4 (/opt/ros/foxy/share/rmw_implementation_cmake/cmake)
[6.531s] -- Using RMW implementation 'rmw_fastrtps_cpp' as default
[6.673s] -- Found geometry_msgs: 2.0.5 (/opt/ros/foxy/share/geometry_msgs/cmake)
[6.702s] -- Found sensor_msgs: 2.0.5 (/opt/ros/foxy/share/sensor_msgs/cmake)
[6.829s] -- Configuring done
[6.845s] -- Generating done
[6.847s] -- Build files have been written to: /home/isopodin-time/ros2_ws/build/muuv_ros
[6.893s] [ 14%] [32mBuilding CXX object CMakeFiles/sensors.dir/src/muuv_ros/sensors.cpp.o[0m
[6.897s] [ 57%] Built target thrusters
[8.322s] [01m[K/home/isopodin-time/ros2_ws/src/muuv_ros/src/muuv_ros/sensors.cpp:[m[K In constructor â€˜[01m[KSensors::Sensors()[m[Kâ€™:
[8.322s] [01m[K/home/isopodin-time/ros2_ws/src/muuv_ros/src/muuv_ros/sensors.cpp:7:38:[m[K [01;31m[Kerror: [m[Kâ€˜[01m[Ksensor_msgs[m[Kâ€™ was not declared in this scope
[8.322s]     7 |     imu_pub = this->create_publisher<[01;31m[Ksensor_msgs[m[K::msg::Imu>("imu_data", 10);
[8.323s]       |                                      [01;31m[K^~~~~~~~~~~[m[K
[8.323s] [01m[K/home/isopodin-time/ros2_ws/src/muuv_ros/src/muuv_ros/sensors.cpp:7:21:[m[K [01;31m[Kerror: [m[Kparse error in template argument list
[8.323s]     7 |     imu_pub = this->[01;31m[Kcreate_publisher<sensor_msgs::msg::Imu>[m[K("imu_data", 10);
[8.323s]       |                     [01;31m[K^~~~~~~~~~~~~~~~~~~~~~~~~~~~~~~~~~~~~~~[m[K
[8.323s] [01m[K/home/isopodin-time/ros2_ws/src/muuv_ros/src/muuv_ros/sensors.cpp:7:75:[m[K [01;31m[Kerror: [m[Kno matching function for call to â€˜[01m[KSensors::create_publisher<<expression error> >(const char [9], int)[m[Kâ€™
[8.323s]     7 |     imu_pub = this->create_publisher<sensor_msgs::msg::Imu>("imu_data", 10[01;31m[K)[m[K;
[8.323s]       |                                                                           [01;31m[K^[m[K
[8.323s] In file included from [01m[K/opt/ros/foxy/include/rclcpp/executors/single_threaded_executor.hpp:28[m[K,
[8.323s]                  from [01m[K/opt/ros/foxy/include/rclcpp/executors.hpp:22[m[K,
[8.323s]                  from [01m[K/opt/ros/foxy/include/rclcpp/rclcpp.hpp:146[m[K,
[8.323s]                  from [01m[K/home/isopodin-time/ros2_ws/src/muuv_ros/include/muuv_ros/sensors.hpp:4[m[K,
[8.324s]                  from [01m[K/home/isopodin-time/ros2_ws/src/muuv_ros/src/muuv_ros/sensors.cpp:1[m[K:
[8.324s] [01m[K/opt/ros/foxy/include/rclcpp/node.hpp:184:3:[m[K [01;36m[Knote: [m[Kcandidate: â€˜[01m[Ktemplate<class MessageT, class AllocatorT, class PublisherT> std::shared_ptr<PublisherT> rclcpp::Node::create_publisher(const string&, const rclcpp::QoS&, const rclcpp::PublisherOptionsWithAllocator<AllocatorT>&)[m[Kâ€™
[8.324s]   184 |   [01;36m[Kcreate_publisher[m[K(
[8.324s]       |   [01;36m[K^~~~~~~~~~~~~~~~[m[K
[8.324s] [01m[K/opt/ros/foxy/include/rclcpp/node.hpp:184:3:[m[K [01;36m[Knote: [m[K  template argument deduction/substitution failed:
[8.324s] [01m[K/home/isopodin-time/ros2_ws/src/muuv_ros/src/muuv_ros/sensors.cpp:7:75:[m[K [01;31m[Kerror: [m[Ktemplate argument 1 is invalid
[8.324s]     7 |     imu_pub = this->create_publisher<sensor_msgs::msg::Imu>("imu_data", 10[01;31m[K)[m[K;
[8.324s]       |                                                                           [01;31m[K^[m[K
[8.339s] [01m[K/home/isopodin-time/ros2_ws/src/muuv_ros/src/muuv_ros/sensors.cpp:[m[K In member function â€˜[01m[Kvoid Sensors::timer_Callback()[m[Kâ€™:
[8.339s] [01m[K/home/isopodin-time/ros2_ws/src/muuv_ros/src/muuv_ros/sensors.cpp:32:16:[m[K [01;31m[Kerror: [m[Kâ€˜[01m[Ksensor_msgs[m[Kâ€™ has not been declared
[8.339s]    32 |     auto msg = [01;31m[Ksensor_msgs[m[K::msg::Imu();
[8.340s]       |                [01;31m[K^~~~~~~~~~~[m[K
[8.340s] [01m[K/home/isopodin-time/ros2_ws/src/muuv_ros/src/muuv_ros/sensors.cpp:44:40:[m[K [01;31m[Kerror: [m[Kexpected identifier before numeric constant
[8.340s]    44 |     msg.angular_velocity_covariance = [[01;31m[K0[m[K, 0, 0, 0, 0, 0, 0, 0, 0];
[8.341s]       |                                        [01;31m[K^[m[K
[8.341s] [01m[K/home/isopodin-time/ros2_ws/src/muuv_ros/src/muuv_ros/sensors.cpp:44:41:[m[K [01;31m[Kerror: [m[Kexpected â€˜[01m[K][m[Kâ€™ before â€˜[01m[K,[m[Kâ€™ token
[8.341s]    44 |     msg.angular_velocity_covariance = [0[01;31m[K,[m[K 0, 0, 0, 0, 0, 0, 0, 0];
[8.341s]       |                                         [01;31m[K^[m[K
[8.341s]       |                                         [32m[K][m[K
[8.341s] [01m[K/home/isopodin-time/ros2_ws/src/muuv_ros/src/muuv_ros/sensors.cpp:[m[K In lambda function:
[8.341s] [01m[K/home/isopodin-time/ros2_ws/src/muuv_ros/src/muuv_ros/sensors.cpp:44:41:[m[K [01;31m[Kerror: [m[Kexpected â€˜[01m[K{[m[Kâ€™ before â€˜[01m[K,[m[Kâ€™ token
[8.341s] [01m[K/home/isopodin-time/ros2_ws/src/muuv_ros/src/muuv_ros/sensors.cpp:[m[K In member function â€˜[01m[Kvoid Sensors::timer_Callback()[m[Kâ€™:
[8.342s] [01m[K/home/isopodin-time/ros2_ws/src/muuv_ros/src/muuv_ros/sensors.cpp:45:35:[m[K [01;31m[Kerror: [m[Kexpected identifier before numeric constant
[8.342s]    45 |     msg.orientation_covariance = [[01;31m[K0[m[K, 0, 0, 0, 0, 0, 0, 0, 0];
[8.342s]       |                                   [01;31m[K^[m[K
[8.342s] [01m[K/home/isopodin-time/ros2_ws/src/muuv_ros/src/muuv_ros/sensors.cpp:45:36:[m[K [01;31m[Kerror: [m[Kexpected â€˜[01m[K][m[Kâ€™ before â€˜[01m[K,[m[Kâ€™ token
[8.342s]    45 |     msg.orientation_covariance = [0[01;31m[K,[m[K 0, 0, 0, 0, 0, 0, 0, 0];
[8.342s]       |                                    [01;31m[K^[m[K
[8.342s]       |                                    [32m[K][m[K
[8.342s] [01m[K/home/isopodin-time/ros2_ws/src/muuv_ros/src/muuv_ros/sensors.cpp:[m[K In lambda function:
[8.342s] [01m[K/home/isopodin-time/ros2_ws/src/muuv_ros/src/muuv_ros/sensors.cpp:45:36:[m[K [01;31m[Kerror: [m[Kexpected â€˜[01m[K{[m[Kâ€™ before â€˜[01m[K,[m[Kâ€™ token
[8.343s] [01m[K/home/isopodin-time/ros2_ws/src/muuv_ros/src/muuv_ros/sensors.cpp:[m[K In member function â€˜[01m[Kvoid Sensors::timer_Callback()[m[Kâ€™:
[8.343s] [01m[K/home/isopodin-time/ros2_ws/src/muuv_ros/src/muuv_ros/sensors.cpp:46:43:[m[K [01;31m[Kerror: [m[Kexpected identifier before numeric constant
[8.343s]    46 |     msg.linear_acceleration_covariance = [[01;31m[K0[m[K, 0, 0, 0, 0, 0, 0, 0, 0];
[8.343s]       |                                           [01;31m[K^[m[K
[8.343s] [01m[K/home/isopodin-time/ros2_ws/src/muuv_ros/src/muuv_ros/sensors.cpp:46:44:[m[K [01;31m[Kerror: [m[Kexpected â€˜[01m[K][m[Kâ€™ before â€˜[01m[K,[m[Kâ€™ token
[8.343s]    46 |     msg.linear_acceleration_covariance = [0[01;31m[K,[m[K 0, 0, 0, 0, 0, 0, 0, 0];
[8.343s]       |                                            [01;31m[K^[m[K
[8.343s]       |                                            [32m[K][m[K
[8.343s] [01m[K/home/isopodin-time/ros2_ws/src/muuv_ros/src/muuv_ros/sensors.cpp:[m[K In lambda function:
[8.343s] [01m[K/home/isopodin-time/ros2_ws/src/muuv_ros/src/muuv_ros/sensors.cpp:46:44:[m[K [01;31m[Kerror: [m[Kexpected â€˜[01m[K{[m[Kâ€™ before â€˜[01m[K,[m[Kâ€™ token
[8.805s] make[2]: *** [CMakeFiles/sensors.dir/build.make:63: CMakeFiles/sensors.dir/src/muuv_ros/sensors.cpp.o] Error 1
[8.805s] make[1]: *** [CMakeFiles/Makefile2:80: CMakeFiles/sensors.dir/all] Error 2
[8.805s] make: *** [Makefile:141: all] Error 2
[8.808s] Invoked command in '/home/isopodin-time/ros2_ws/build/muuv_ros' returned '2': CMAKE_PREFIX_PATH=${CMAKE_PREFIX_PATH}:/opt/ros/foxy /usr/bin/cmake --build /home/isopodin-time/ros2_ws/build/muuv_ros -- -j8 -l8
